{"/home/usuario/DSI-P6/src/Ejercicio-01/Combat.ts":{"path":"/home/usuario/DSI-P6/src/Ejercicio-01/Combat.ts","statementMap":{"0":{"start":{"line":2,"column":0},"end":{"line":2,"column":62}},"1":{"start":{"line":3,"column":0},"end":{"line":3,"column":24}},"2":{"start":{"line":18,"column":8},"end":{"line":18,"column":33}},"3":{"start":{"line":19,"column":8},"end":{"line":19,"column":33}},"4":{"start":{"line":26,"column":8},"end":{"line":26,"column":29}},"5":{"start":{"line":33,"column":8},"end":{"line":33,"column":29}},"6":{"start":{"line":41,"column":21},"end":{"line":41,"column":23}},"7":{"start":{"line":42,"column":24},"end":{"line":42,"column":62}},"8":{"start":{"line":43,"column":24},"end":{"line":43,"column":62}},"9":{"start":{"line":44,"column":18},"end":{"line":44,"column":39}},"10":{"start":{"line":45,"column":18},"end":{"line":45,"column":39}},"11":{"start":{"line":46,"column":8},"end":{"line":46,"column":87}},"12":{"start":{"line":47,"column":8},"end":{"line":47,"column":60}},"13":{"start":{"line":48,"column":8},"end":{"line":48,"column":60}},"14":{"start":{"line":49,"column":8},"end":{"line":49,"column":87}},"15":{"start":{"line":50,"column":8},"end":{"line":71,"column":9}},"16":{"start":{"line":51,"column":12},"end":{"line":51,"column":70}},"17":{"start":{"line":52,"column":12},"end":{"line":52,"column":27}},"18":{"start":{"line":53,"column":12},"end":{"line":53,"column":63}},"19":{"start":{"line":54,"column":12},"end":{"line":57,"column":13}},"20":{"start":{"line":55,"column":16},"end":{"line":55,"column":76}},"21":{"start":{"line":56,"column":16},"end":{"line":56,"column":47}},"22":{"start":{"line":58,"column":12},"end":{"line":58,"column":64}},"23":{"start":{"line":59,"column":12},"end":{"line":59,"column":64}},"24":{"start":{"line":60,"column":12},"end":{"line":60,"column":91}},"25":{"start":{"line":61,"column":12},"end":{"line":61,"column":70}},"26":{"start":{"line":62,"column":12},"end":{"line":62,"column":27}},"27":{"start":{"line":63,"column":12},"end":{"line":63,"column":63}},"28":{"start":{"line":64,"column":12},"end":{"line":67,"column":13}},"29":{"start":{"line":65,"column":16},"end":{"line":65,"column":76}},"30":{"start":{"line":66,"column":16},"end":{"line":66,"column":47}},"31":{"start":{"line":68,"column":12},"end":{"line":68,"column":64}},"32":{"start":{"line":69,"column":12},"end":{"line":69,"column":64}},"33":{"start":{"line":70,"column":12},"end":{"line":70,"column":91}},"34":{"start":{"line":74,"column":0},"end":{"line":74,"column":24}}},"fnMap":{"0":{"name":"(anonymous_0)","decl":{"start":{"line":17,"column":4},"end":{"line":17,"column":5}},"loc":{"start":{"line":17,"column":36},"end":{"line":20,"column":5}},"line":17},"1":{"name":"(anonymous_1)","decl":{"start":{"line":25,"column":4},"end":{"line":25,"column":5}},"loc":{"start":{"line":25,"column":18},"end":{"line":27,"column":5}},"line":25},"2":{"name":"(anonymous_2)","decl":{"start":{"line":32,"column":4},"end":{"line":32,"column":5}},"loc":{"start":{"line":32,"column":18},"end":{"line":34,"column":5}},"line":32},"3":{"name":"(anonymous_3)","decl":{"start":{"line":40,"column":4},"end":{"line":40,"column":5}},"loc":{"start":{"line":40,"column":12},"end":{"line":72,"column":5}},"line":40}},"branchMap":{"0":{"loc":{"start":{"line":54,"column":12},"end":{"line":57,"column":13}},"type":"if","locations":[{"start":{"line":54,"column":12},"end":{"line":57,"column":13}},{"start":{"line":54,"column":12},"end":{"line":57,"column":13}}],"line":54},"1":{"loc":{"start":{"line":64,"column":12},"end":{"line":67,"column":13}},"type":"if","locations":[{"start":{"line":64,"column":12},"end":{"line":67,"column":13}},{"start":{"line":64,"column":12},"end":{"line":67,"column":13}}],"line":64}},"s":{"0":1,"1":1,"2":21,"3":21,"4":1,"5":1,"6":11,"7":11,"8":11,"9":11,"10":11,"11":11,"12":11,"13":11,"14":11,"15":11,"16":31,"17":31,"18":31,"19":31,"20":8,"21":8,"22":23,"23":23,"24":23,"25":23,"26":23,"27":23,"28":23,"29":3,"30":3,"31":20,"32":20,"33":20,"34":1},"f":{"0":21,"1":1,"2":1,"3":11},"b":{"0":[8,23],"1":[3,20]},"inputSourceMap":{"version":3,"file":"/home/usuario/DSI-P6/src/Ejercicio-01/Combat.ts","sources":["/home/usuario/DSI-P6/src/Ejercicio-01/Combat.ts"],"names":[],"mappings":";;;AAEA;;;;;GAKG;AACH,MAAa,MAAM;IAIjB;;;;;OAKG;IACH,YAAY,QAAiB,EAAE,QAAiB;QAC9C,IAAI,CAAC,QAAQ,GAAG,QAAQ,CAAC;QACzB,IAAI,CAAC,QAAQ,GAAG,QAAQ,CAAC;IAC3B,CAAC;IAED;;;OAGG;IACI,WAAW;QAChB,OAAO,IAAI,CAAC,QAAQ,CAAC;IACvB,CAAC;IAED;;;OAGG;IACI,WAAW;QAChB,OAAO,IAAI,CAAC,QAAQ,CAAC;IACvB,CAAC;IAED;;;;OAIG;IACI,KAAK;QACV,IAAI,MAAM,GAAW,EAAE,CAAC;QACxB,MAAM,OAAO,GAAW,IAAI,CAAC,QAAQ,CAAC,SAAS,CAAC,IAAI,CAAC,QAAQ,CAAC,CAAC;QAC/D,MAAM,OAAO,GAAW,IAAI,CAAC,QAAQ,CAAC,SAAS,CAAC,IAAI,CAAC,QAAQ,CAAC,CAAC;QAC/D,IAAI,GAAG,GAAW,IAAI,CAAC,QAAQ,CAAC,KAAK,EAAE,CAAC;QACxC,IAAI,GAAG,GAAW,IAAI,CAAC,QAAQ,CAAC,KAAK,EAAE,CAAC;QACxC,MAAM,IAAI,OAAO,IAAI,CAAC,QAAQ,CAAC,OAAO,EAAE,OAAO,IAAI,CAAC,QAAQ,CAAC,OAAO,EAAE,QAAQ,CAAC;QAC/E,MAAM,IAAI,GAAG,IAAI,CAAC,QAAQ,CAAC,OAAO,EAAE,QAAQ,GAAG,IAAI,CAAC;QACpD,MAAM,IAAI,GAAG,IAAI,CAAC,QAAQ,CAAC,OAAO,EAAE,QAAQ,GAAG,IAAI,CAAC;QACpD,MAAM,IAAI,oEAAoE,CAAC;QAC/E,OAAO,IAAI,EAAE;YACX,MAAM,IAAI,gBAAgB,IAAI,CAAC,QAAQ,CAAC,OAAO,EAAE,QAAQ,CAAC;YAC1D,GAAG,IAAI,OAAO,CAAC;YACf,MAAM,IAAI,GAAG,IAAI,CAAC,QAAQ,CAAC,iBAAiB,EAAE,IAAI,CAAC;YACnD,IAAI,GAAG,IAAI,CAAC,EAAE;gBACZ,MAAM,IAAI,GAAG,IAAI,CAAC,QAAQ,CAAC,OAAO,EAAE,uBAAuB,CAAC;gBAC5D,OAAO,CAAC,IAAI,CAAC,QAAQ,EAAE,MAAM,CAAC,CAAC;aAChC;YACD,MAAM,IAAI,GAAG,IAAI,CAAC,QAAQ,CAAC,OAAO,EAAE,QAAQ,GAAG,IAAI,CAAC;YACpD,MAAM,IAAI,GAAG,IAAI,CAAC,QAAQ,CAAC,OAAO,EAAE,QAAQ,GAAG,IAAI,CAAC;YACpD,MAAM,IAAI,oEAAoE,CAAC;YAC/E,MAAM,IAAI,gBAAgB,IAAI,CAAC,QAAQ,CAAC,OAAO,EAAE,QAAQ,CAAC;YAC1D,GAAG,IAAI,OAAO,CAAC;YACf,MAAM,IAAI,GAAG,IAAI,CAAC,QAAQ,CAAC,iBAAiB,EAAE,IAAI,CAAC;YACnD,IAAI,GAAG,IAAI,CAAC,EAAE;gBACZ,MAAM,IAAI,GAAG,IAAI,CAAC,QAAQ,CAAC,OAAO,EAAE,uBAAuB,CAAC;gBAC5D,OAAO,CAAC,IAAI,CAAC,QAAQ,EAAE,MAAM,CAAC,CAAC;aAChC;YACD,MAAM,IAAI,GAAG,IAAI,CAAC,QAAQ,CAAC,OAAO,EAAE,QAAQ,GAAG,IAAI,CAAC;YACpD,MAAM,IAAI,GAAG,IAAI,CAAC,QAAQ,CAAC,OAAO,EAAE,QAAQ,GAAG,IAAI,CAAC;YACpD,MAAM,IAAI,oEAAoE,CAAC;SAChF;IACH,CAAC;CACF;AArED,wBAqEC","sourcesContent":["import { fighter } from './Fighter';\n\n/**\n * Clase que representa un combate entre dos luchadores\n * @class Combat\n * @attribute {Fighter} fighter1\n * @attribute {Fighter} fighter2\n */\nexport class Combat {\n  private fighter1: fighter;\n  private fighter2: fighter;\n\n  /**\n   * Constructor\n   * @param fighter1 {Fighter} Luchador 1\n   * @param fighter2 {Fighter} Luchador 2\n   * @constructor\n   */\n  constructor(fighter1: fighter, fighter2: fighter) {\n    this.fighter1 = fighter1;\n    this.fighter2 = fighter2;\n  }\n\n  /**\n   * Método que devuelve al luchador 1\n   * @returns {Fighter} Luchador 1\n   */\n  public getFighter1(): fighter {\n    return this.fighter1;\n  }\n\n  /**\n   * Método que devuelve al luchador 2\n   * @returns {Fighter} Luchador 2\n   */\n  public getFighter2(): fighter {\n    return this.fighter2;\n  }\n\n  /**\n   * Método que simula el combate entre dos luchadores y devuelve el ganador y una\n   * cadena con la historia del combate\n   * @returns [Fighter, string] Ganador y historia del combate\n   */\n  public fight(): [fighter, string] {\n    let output: string = '';\n    const damage1: number = this.fighter1.getDamage(this.fighter2);\n    const damage2: number = this.fighter2.getDamage(this.fighter1);\n    let hp1: number = this.fighter1.getHP();\n    let hp2: number = this.fighter2.getHP();\n    output += `--- ${this.fighter1.getName()} vs ${this.fighter2.getName()} ---\\n`;\n    output += `${this.fighter1.getName()} HP: ${hp1}\\n`;\n    output += `${this.fighter2.getName()} HP: ${hp2}\\n`;\n    output += `----------------------------------------------------------------\\n`;\n    while (true) {\n      output += `--- Turno de ${this.fighter1.getName()} ---\\n`;\n      hp2 -= damage1;\n      output += `${this.fighter1.getCatchingPhrase()}\\n`;\n      if (hp2 <= 0) {\n        output += `${this.fighter1.getName()} ha ganado la pelea\\n`;\n        return [this.fighter1, output];\n      }\n      output += `${this.fighter1.getName()} HP: ${hp1}\\n`;\n      output += `${this.fighter2.getName()} HP: ${hp2}\\n`;\n      output += `----------------------------------------------------------------\\n`;\n      output += `--- Turno de ${this.fighter2.getName()} ---\\n`;\n      hp1 -= damage2;\n      output += `${this.fighter2.getCatchingPhrase()}\\n`;\n      if (hp1 <= 0) {\n        output += `${this.fighter2.getName()} ha ganado la pelea\\n`;\n        return [this.fighter2, output];\n      }\n      output += `${this.fighter1.getName()} HP: ${hp1}\\n`;\n      output += `${this.fighter2.getName()} HP: ${hp2}\\n`;\n      output += `----------------------------------------------------------------\\n`;\n    }\n  }\n}"]},"_coverageSchema":"1a1c01bbd47fc00a2c39e90264f33305004495a9","hash":"e6fb03208571381151beb753b2b7d5972d60ce9c","contentHash":"34876cf42933f5087cfda2dfbedc311a8240cd8ca6684f234d1c75e9812ef031"},"/home/usuario/DSI-P6/src/Ejercicio-01/Pokemon.ts":{"path":"/home/usuario/DSI-P6/src/Ejercicio-01/Pokemon.ts","statementMap":{"0":{"start":{"line":2,"column":0},"end":{"line":2,"column":62}},"1":{"start":{"line":3,"column":0},"end":{"line":3,"column":25}},"2":{"start":{"line":4,"column":18},"end":{"line":4,"column":38}},"3":{"start":{"line":32,"column":8},"end":{"line":32,"column":77}},"4":{"start":{"line":33,"column":8},"end":{"line":33,"column":33}},"5":{"start":{"line":34,"column":8},"end":{"line":34,"column":25}},"6":{"start":{"line":41,"column":8},"end":{"line":41,"column":29}},"7":{"start":{"line":48,"column":8},"end":{"line":48,"column":25}},"8":{"start":{"line":57,"column":8},"end":{"line":101,"column":9}},"9":{"start":{"line":58,"column":12},"end":{"line":58,"column":23}},"10":{"start":{"line":60,"column":13},"end":{"line":101,"column":9}},"11":{"start":{"line":61,"column":12},"end":{"line":61,"column":21}},"12":{"start":{"line":63,"column":13},"end":{"line":101,"column":9}},"13":{"start":{"line":64,"column":12},"end":{"line":64,"column":23}},"14":{"start":{"line":66,"column":13},"end":{"line":101,"column":9}},"15":{"start":{"line":67,"column":12},"end":{"line":67,"column":21}},"16":{"start":{"line":69,"column":13},"end":{"line":101,"column":9}},"17":{"start":{"line":70,"column":12},"end":{"line":70,"column":21}},"18":{"start":{"line":72,"column":13},"end":{"line":101,"column":9}},"19":{"start":{"line":73,"column":12},"end":{"line":73,"column":23}},"20":{"start":{"line":75,"column":13},"end":{"line":101,"column":9}},"21":{"start":{"line":76,"column":12},"end":{"line":76,"column":23}},"22":{"start":{"line":78,"column":13},"end":{"line":101,"column":9}},"23":{"start":{"line":79,"column":12},"end":{"line":79,"column":21}},"24":{"start":{"line":81,"column":13},"end":{"line":101,"column":9}},"25":{"start":{"line":82,"column":12},"end":{"line":82,"column":21}},"26":{"start":{"line":84,"column":13},"end":{"line":101,"column":9}},"27":{"start":{"line":85,"column":12},"end":{"line":85,"column":21}},"28":{"start":{"line":87,"column":13},"end":{"line":101,"column":9}},"29":{"start":{"line":88,"column":12},"end":{"line":88,"column":21}},"30":{"start":{"line":91,"column":33},"end":{"line":91,"column":65}},"31":{"start":{"line":92,"column":12},"end":{"line":100,"column":13}},"32":{"start":{"line":93,"column":16},"end":{"line":93,"column":27}},"33":{"start":{"line":95,"column":17},"end":{"line":100,"column":13}},"34":{"start":{"line":96,"column":16},"end":{"line":96,"column":25}},"35":{"start":{"line":99,"column":16},"end":{"line":99,"column":25}},"36":{"start":{"line":109,"column":8},"end":{"line":115,"column":9}},"37":{"start":{"line":110,"column":12},"end":{"line":111,"column":58}},"38":{"start":{"line":114,"column":12},"end":{"line":114,"column":59}},"39":{"start":{"line":118,"column":0},"end":{"line":118,"column":26}}},"fnMap":{"0":{"name":"(anonymous_0)","decl":{"start":{"line":31,"column":4},"end":{"line":31,"column":5}},"loc":{"start":{"line":31,"column":95},"end":{"line":35,"column":5}},"line":31},"1":{"name":"(anonymous_1)","decl":{"start":{"line":40,"column":4},"end":{"line":40,"column":5}},"loc":{"start":{"line":40,"column":18},"end":{"line":42,"column":5}},"line":40},"2":{"name":"(anonymous_2)","decl":{"start":{"line":47,"column":4},"end":{"line":47,"column":5}},"loc":{"start":{"line":47,"column":14},"end":{"line":49,"column":5}},"line":47},"3":{"name":"(anonymous_3)","decl":{"start":{"line":56,"column":4},"end":{"line":56,"column":5}},"loc":{"start":{"line":56,"column":32},"end":{"line":102,"column":5}},"line":56},"4":{"name":"(anonymous_4)","decl":{"start":{"line":108,"column":4},"end":{"line":108,"column":5}},"loc":{"start":{"line":108,"column":21},"end":{"line":116,"column":5}},"line":108}},"branchMap":{"0":{"loc":{"start":{"line":57,"column":8},"end":{"line":101,"column":9}},"type":"if","locations":[{"start":{"line":57,"column":8},"end":{"line":101,"column":9}},{"start":{"line":57,"column":8},"end":{"line":101,"column":9}}],"line":57},"1":{"loc":{"start":{"line":60,"column":13},"end":{"line":101,"column":9}},"type":"if","locations":[{"start":{"line":60,"column":13},"end":{"line":101,"column":9}},{"start":{"line":60,"column":13},"end":{"line":101,"column":9}}],"line":60},"2":{"loc":{"start":{"line":60,"column":17},"end":{"line":60,"column":56}},"type":"binary-expr","locations":[{"start":{"line":60,"column":17},"end":{"line":60,"column":34}},{"start":{"line":60,"column":38},"end":{"line":60,"column":56}}],"line":60},"3":{"loc":{"start":{"line":63,"column":13},"end":{"line":101,"column":9}},"type":"if","locations":[{"start":{"line":63,"column":13},"end":{"line":101,"column":9}},{"start":{"line":63,"column":13},"end":{"line":101,"column":9}}],"line":63},"4":{"loc":{"start":{"line":63,"column":17},"end":{"line":63,"column":54}},"type":"binary-expr","locations":[{"start":{"line":63,"column":17},"end":{"line":63,"column":34}},{"start":{"line":63,"column":38},"end":{"line":63,"column":54}}],"line":63},"5":{"loc":{"start":{"line":66,"column":13},"end":{"line":101,"column":9}},"type":"if","locations":[{"start":{"line":66,"column":13},"end":{"line":101,"column":9}},{"start":{"line":66,"column":13},"end":{"line":101,"column":9}}],"line":66},"6":{"loc":{"start":{"line":66,"column":17},"end":{"line":66,"column":59}},"type":"binary-expr","locations":[{"start":{"line":66,"column":17},"end":{"line":66,"column":34}},{"start":{"line":66,"column":38},"end":{"line":66,"column":59}}],"line":66},"7":{"loc":{"start":{"line":69,"column":13},"end":{"line":101,"column":9}},"type":"if","locations":[{"start":{"line":69,"column":13},"end":{"line":101,"column":9}},{"start":{"line":69,"column":13},"end":{"line":101,"column":9}}],"line":69},"8":{"loc":{"start":{"line":69,"column":17},"end":{"line":69,"column":56}},"type":"binary-expr","locations":[{"start":{"line":69,"column":17},"end":{"line":69,"column":34}},{"start":{"line":69,"column":38},"end":{"line":69,"column":56}}],"line":69},"9":{"loc":{"start":{"line":72,"column":13},"end":{"line":101,"column":9}},"type":"if","locations":[{"start":{"line":72,"column":13},"end":{"line":101,"column":9}},{"start":{"line":72,"column":13},"end":{"line":101,"column":9}}],"line":72},"10":{"loc":{"start":{"line":72,"column":17},"end":{"line":72,"column":55}},"type":"binary-expr","locations":[{"start":{"line":72,"column":17},"end":{"line":72,"column":33}},{"start":{"line":72,"column":37},"end":{"line":72,"column":55}}],"line":72},"11":{"loc":{"start":{"line":75,"column":13},"end":{"line":101,"column":9}},"type":"if","locations":[{"start":{"line":75,"column":13},"end":{"line":101,"column":9}},{"start":{"line":75,"column":13},"end":{"line":101,"column":9}}],"line":75},"12":{"loc":{"start":{"line":75,"column":17},"end":{"line":75,"column":58}},"type":"binary-expr","locations":[{"start":{"line":75,"column":17},"end":{"line":75,"column":33}},{"start":{"line":75,"column":37},"end":{"line":75,"column":58}}],"line":75},"13":{"loc":{"start":{"line":78,"column":13},"end":{"line":101,"column":9}},"type":"if","locations":[{"start":{"line":78,"column":13},"end":{"line":101,"column":9}},{"start":{"line":78,"column":13},"end":{"line":101,"column":9}}],"line":78},"14":{"loc":{"start":{"line":78,"column":17},"end":{"line":78,"column":55}},"type":"binary-expr","locations":[{"start":{"line":78,"column":17},"end":{"line":78,"column":33}},{"start":{"line":78,"column":37},"end":{"line":78,"column":55}}],"line":78},"15":{"loc":{"start":{"line":81,"column":13},"end":{"line":101,"column":9}},"type":"if","locations":[{"start":{"line":81,"column":13},"end":{"line":101,"column":9}},{"start":{"line":81,"column":13},"end":{"line":101,"column":9}}],"line":81},"16":{"loc":{"start":{"line":81,"column":17},"end":{"line":81,"column":60}},"type":"binary-expr","locations":[{"start":{"line":81,"column":17},"end":{"line":81,"column":35}},{"start":{"line":81,"column":39},"end":{"line":81,"column":60}}],"line":81},"17":{"loc":{"start":{"line":84,"column":13},"end":{"line":101,"column":9}},"type":"if","locations":[{"start":{"line":84,"column":13},"end":{"line":101,"column":9}},{"start":{"line":84,"column":13},"end":{"line":101,"column":9}}],"line":84},"18":{"loc":{"start":{"line":84,"column":17},"end":{"line":84,"column":57}},"type":"binary-expr","locations":[{"start":{"line":84,"column":17},"end":{"line":84,"column":35}},{"start":{"line":84,"column":39},"end":{"line":84,"column":57}}],"line":84},"19":{"loc":{"start":{"line":87,"column":13},"end":{"line":101,"column":9}},"type":"if","locations":[{"start":{"line":87,"column":13},"end":{"line":101,"column":9}},{"start":{"line":87,"column":13},"end":{"line":101,"column":9}}],"line":87},"20":{"loc":{"start":{"line":87,"column":17},"end":{"line":87,"column":60}},"type":"binary-expr","locations":[{"start":{"line":87,"column":17},"end":{"line":87,"column":38}},{"start":{"line":87,"column":42},"end":{"line":87,"column":60}}],"line":87},"21":{"loc":{"start":{"line":92,"column":12},"end":{"line":100,"column":13}},"type":"if","locations":[{"start":{"line":92,"column":12},"end":{"line":100,"column":13}},{"start":{"line":92,"column":12},"end":{"line":100,"column":13}}],"line":92},"22":{"loc":{"start":{"line":95,"column":17},"end":{"line":100,"column":13}},"type":"if","locations":[{"start":{"line":95,"column":17},"end":{"line":100,"column":13}},{"start":{"line":95,"column":17},"end":{"line":100,"column":13}}],"line":95},"23":{"loc":{"start":{"line":109,"column":8},"end":{"line":115,"column":9}},"type":"if","locations":[{"start":{"line":109,"column":8},"end":{"line":115,"column":9}},{"start":{"line":109,"column":8},"end":{"line":115,"column":9}}],"line":109}},"s":{"0":1,"1":1,"2":1,"3":81,"4":81,"5":81,"6":1,"7":1,"8":29,"9":4,"10":25,"11":2,"12":23,"13":2,"14":21,"15":4,"16":17,"17":1,"18":16,"19":2,"20":14,"21":2,"22":12,"23":1,"24":11,"25":2,"26":9,"27":1,"28":8,"29":1,"30":7,"31":7,"32":1,"33":6,"34":3,"35":3,"36":30,"37":22,"38":8,"39":1},"f":{"0":81,"1":1,"2":1,"3":29,"4":30},"b":{"0":[4,25],"1":[2,23],"2":[25,9],"3":[2,21],"4":[23,7],"5":[4,17],"6":[21,5],"7":[1,16],"8":[17,1],"9":[2,14],"10":[16,6],"11":[2,12],"12":[14,4],"13":[1,11],"14":[12,2],"15":[2,9],"16":[11,5],"17":[1,8],"18":[9,3],"19":[1,7],"20":[8,5],"21":[1,6],"22":[3,3],"23":[22,8]},"inputSourceMap":{"version":3,"file":"/home/usuario/DSI-P6/src/Ejercicio-01/Pokemon.ts","sources":["/home/usuario/DSI-P6/src/Ejercicio-01/Pokemon.ts"],"names":[],"mappings":";;;AAAA,uCAAoC;AAEpC;;;;;;;;;;;;GAYG;AACH,MAAa,OAAQ,SAAQ,iBAAO;IAIlC;;;;;;;;;;;OAWG;IACH,YAAY,IAAY,EAAE,MAAc,EAAE,MAAc,EACpD,MAAc,EAAE,OAAe,EAAE,EAAU,EAC3C,QAAgB,EAAE,IACI,EAAE,GAAG,eAAyB;QACtD,KAAK,CAAC,IAAI,EAAE,MAAM,EAAE,MAAM,EAAE,MAAM,EAAE,OAAO,EAAE,EAAE,EAAE,GAAG,eAAe,CAAC,CAAC;QACrE,IAAI,CAAC,QAAQ,GAAG,QAAQ,CAAC;QACzB,IAAI,CAAC,IAAI,GAAG,IAAI,CAAC;IACnB,CAAC;IAED;;;OAGG;IACI,WAAW;QAChB,OAAO,IAAI,CAAC,QAAQ,CAAC;IACvB,CAAC;IAED;;;OAGG;IACI,OAAO;QACZ,OAAO,IAAI,CAAC,IAAI,CAAC;IACnB,CAAC;IAED;;;;;OAKG;IACK,aAAa,CAAC,KAAa,EAAE,KAAa;QAChD,IAAI,KAAK,KAAK,KAAK,EAAE;YACnB,OAAO,GAAG,CAAC;SACZ;aAAM,IAAI,KAAK,KAAK,OAAO,IAAI,KAAK,KAAK,QAAQ,EAAE;YAClD,OAAO,CAAC,CAAC;SACV;aAAM,IAAI,KAAK,KAAK,OAAO,IAAI,KAAK,KAAK,MAAM,EAAE;YAChD,OAAO,GAAG,CAAC;SACZ;aAAM,IAAI,KAAK,KAAK,OAAO,IAAI,KAAK,KAAK,WAAW,EAAE;YACrD,OAAO,CAAC,CAAC;SACV;aAAM,IAAI,KAAK,KAAK,OAAO,IAAI,KAAK,KAAK,QAAQ,EAAE;YAClD,OAAO,CAAC,CAAC;SACV;aAAM,IAAI,KAAK,KAAK,MAAM,IAAI,KAAK,KAAK,QAAQ,EAAE;YACjD,OAAO,GAAG,CAAC;SACZ;aAAM,IAAI,KAAK,KAAK,MAAM,IAAI,KAAK,KAAK,WAAW,EAAE;YACpD,OAAO,GAAG,CAAC;SACZ;aAAM,IAAI,KAAK,KAAK,MAAM,IAAI,KAAK,KAAK,QAAQ,EAAE;YACjD,OAAO,CAAC,CAAC;SACV;aAAM,IAAI,KAAK,KAAK,QAAQ,IAAI,KAAK,KAAK,WAAW,EAAE;YACtD,OAAO,CAAC,CAAC;SACV;aAAM,IAAI,KAAK,KAAK,QAAQ,IAAI,KAAK,KAAK,QAAQ,EAAE;YACnD,OAAO,CAAC,CAAC;SACV;aAAM,IAAI,KAAK,KAAK,WAAW,IAAI,KAAK,KAAK,QAAQ,EAAE;YACtD,OAAO,CAAC,CAAC;SACV;aAAM;YACL,MAAM,YAAY,GAAW,IAAI,CAAC,aAAa,CAAC,KAAK,EAAE,KAAK,CAAC,CAAC;YAC9D,IAAI,YAAY,KAAK,CAAC,EAAE;gBACtB,OAAO,GAAG,CAAC;aACZ;iBAAM,IAAI,YAAY,KAAK,GAAG,EAAE;gBAC/B,OAAO,CAAC,CAAC;aACV;iBAAM;gBACL,OAAO,CAAC,CAAC;aACV;SACF;IACH,CAAC;IAED;;;;OAIG;IACI,SAAS,CAAC,KAAc;QAC7B,IAAI,KAAK,YAAY,OAAO,EAAE;YAC5B,OAAO,EAAE,GAAG,CAAC,IAAI,CAAC,MAAM,GAAG,KAAK,CAAC,UAAU,EAAE,CAAC;gBAC1C,IAAI,CAAC,aAAa,CAAC,IAAI,CAAC,IAAI,EAAE,KAAK,CAAC,IAAI,CAAC,CAAC;SAC/C;aAAM;YACL,OAAO,EAAE,GAAG,CAAC,IAAI,CAAC,MAAM,GAAG,KAAK,CAAC,UAAU,EAAE,CAAC,CAAC;SAChD;IACH,CAAC;CACF;AA/FD,0BA+FC","sourcesContent":["import { fighter } from './Fighter';\n\n/**\n * Clase que representa a un Pokemon\n * @class Pokemon\n * @attribute {string} name Nombre del pokemon\n * @attribute {number} weight Peso del pokemon\n * @attribute {number} height Altura del pokemon\n * @attribute {number} attack Ataque del pokemon\n * @attribute {number} defense Defensa del pokemon\n * @attribute {number} hp Health Points del pokemon\n * @attribute {number} velocity Velocidad del pokemon\n * @attribute {string} type Tipo del pokemon\n * @attribute {string[]} catchingPhrases Frases que usa el pokemon\n */\nexport class Pokemon extends fighter {\n  private velocity: number;\n  private type: string;\n\n  /**\n   * Constructor\n   * @param name {string} Nombre del pokemon\n   * @param weight {number} Peso del pokemon\n   * @param height {number} Altura del pokemon\n   * @param attack {number} Ataque del pokemon\n   * @param defense {number} Defensa del pokemon\n   * @param hp {number} Health Points del pokemon\n   * @param velocity {number} Velocidad del pokemon\n   * @param type {string} Tipo del pokemon\n   * @param catchingPhrases {string[]} Frases que usa el pokemon\n   */\n  constructor(name: string, weight: number, height: number,\n      attack: number, defense: number, hp: number,\n      velocity: number, type: 'fuego' | 'agua' | 'hierba' |\n      'electrico' | 'normal', ...catchingPhrases: string[]) {\n    super(name, weight, height, attack, defense, hp, ...catchingPhrases);\n    this.velocity = velocity;\n    this.type = type;\n  }\n\n  /**\n   * Método que devuelve la velocidad del pokemon\n   * @returns {number} Velocidad del pokemon\n   */\n  public getVelocity(): number {\n    return this.velocity;\n  }\n\n  /**\n   * Método que devuelve el tipo del pokemon\n   * @returns {string} Tipo del pokemon\n   */\n  public getType(): string {\n    return this.type;\n  }\n\n  /**\n   * Método que devuelve la efectividad de un ataque\n   * @param aType {string} Tipo del pokemon atacante\n   * @param bType {string} Tipo del pokemon atacado\n   * @returns {number} Efectividad del ataque\n   */\n  private effectiveness(aType: string, bType: string): number {\n    if (aType === bType) {\n      return 0.5;\n    } else if (aType === 'fuego' && bType === 'hierba') {\n      return 2;\n    } else if (aType === 'fuego' && bType === 'agua') {\n      return 0.5;\n    } else if (aType === 'fuego' && bType === 'electrico') {\n      return 1;\n    } else if (aType === 'fuego' && bType === 'normal') {\n      return 1;\n    } else if (aType === 'agua' && bType === 'hierba') {\n      return 0.5;\n    } else if (aType === 'agua' && bType === 'electrico') {\n      return 0.5;\n    } else if (aType === 'agua' && bType === 'normal') {\n      return 1;\n    } else if (aType === 'hierba' && bType === 'electrico') {\n      return 1;\n    } else if (aType === 'hierba' && bType === 'normal') {\n      return 2;\n    } else if (aType === 'electrico' && bType === 'normal') {\n      return 1;\n    } else {\n      const checkInverse: number = this.effectiveness(bType, aType);\n      if (checkInverse === 2) {\n        return 0.5;\n      } else if (checkInverse === 0.5) {\n        return 2;\n      } else {\n        return 1;\n      }\n    }\n  }\n\n  /**\n   * Método que devuelve el daño de un ataque\n   * @param enemy {fighter} Enemigo contra el que se ataca\n   * @returns {number} Daño del ataque\n   */\n  public getDamage(enemy: fighter): number {\n    if (enemy instanceof Pokemon) {\n      return 50 * (this.attack / enemy.getDefense()) *\n          this.effectiveness(this.type, enemy.type);\n    } else {\n      return 50 * (this.attack / enemy.getDefense());\n    }\n  }\n}"]},"_coverageSchema":"1a1c01bbd47fc00a2c39e90264f33305004495a9","hash":"9df698c1f69f69d7c131e3388e7d057359aa7b04","contentHash":"68ccef2910dc4b4ee2a9fde29efce04ed5ad1064392173f3f622bc5a729651b3"},"/home/usuario/DSI-P6/src/Ejercicio-01/Fighter.ts":{"path":"/home/usuario/DSI-P6/src/Ejercicio-01/Fighter.ts","statementMap":{"0":{"start":{"line":2,"column":0},"end":{"line":2,"column":62}},"1":{"start":{"line":3,"column":0},"end":{"line":3,"column":25}},"2":{"start":{"line":27,"column":8},"end":{"line":27,"column":25}},"3":{"start":{"line":28,"column":8},"end":{"line":28,"column":29}},"4":{"start":{"line":29,"column":8},"end":{"line":29,"column":29}},"5":{"start":{"line":30,"column":8},"end":{"line":30,"column":29}},"6":{"start":{"line":31,"column":8},"end":{"line":31,"column":31}},"7":{"start":{"line":32,"column":8},"end":{"line":32,"column":21}},"8":{"start":{"line":33,"column":8},"end":{"line":33,"column":47}},"9":{"start":{"line":40,"column":8},"end":{"line":40,"column":25}},"10":{"start":{"line":47,"column":8},"end":{"line":47,"column":27}},"11":{"start":{"line":54,"column":8},"end":{"line":54,"column":27}},"12":{"start":{"line":61,"column":8},"end":{"line":61,"column":27}},"13":{"start":{"line":68,"column":8},"end":{"line":68,"column":28}},"14":{"start":{"line":75,"column":8},"end":{"line":75,"column":23}},"15":{"start":{"line":82,"column":8},"end":{"line":82,"column":42}},"16":{"start":{"line":89,"column":8},"end":{"line":90,"column":42}},"17":{"start":{"line":93,"column":0},"end":{"line":93,"column":26}}},"fnMap":{"0":{"name":"(anonymous_0)","decl":{"start":{"line":26,"column":4},"end":{"line":26,"column":5}},"loc":{"start":{"line":26,"column":79},"end":{"line":34,"column":5}},"line":26},"1":{"name":"(anonymous_1)","decl":{"start":{"line":39,"column":4},"end":{"line":39,"column":5}},"loc":{"start":{"line":39,"column":14},"end":{"line":41,"column":5}},"line":39},"2":{"name":"(anonymous_2)","decl":{"start":{"line":46,"column":4},"end":{"line":46,"column":5}},"loc":{"start":{"line":46,"column":16},"end":{"line":48,"column":5}},"line":46},"3":{"name":"(anonymous_3)","decl":{"start":{"line":53,"column":4},"end":{"line":53,"column":5}},"loc":{"start":{"line":53,"column":16},"end":{"line":55,"column":5}},"line":53},"4":{"name":"(anonymous_4)","decl":{"start":{"line":60,"column":4},"end":{"line":60,"column":5}},"loc":{"start":{"line":60,"column":16},"end":{"line":62,"column":5}},"line":60},"5":{"name":"(anonymous_5)","decl":{"start":{"line":67,"column":4},"end":{"line":67,"column":5}},"loc":{"start":{"line":67,"column":17},"end":{"line":69,"column":5}},"line":67},"6":{"name":"(anonymous_6)","decl":{"start":{"line":74,"column":4},"end":{"line":74,"column":5}},"loc":{"start":{"line":74,"column":12},"end":{"line":76,"column":5}},"line":74},"7":{"name":"(anonymous_7)","decl":{"start":{"line":81,"column":4},"end":{"line":81,"column":5}},"loc":{"start":{"line":81,"column":30},"end":{"line":83,"column":5}},"line":81},"8":{"name":"(anonymous_8)","decl":{"start":{"line":88,"column":4},"end":{"line":88,"column":5}},"loc":{"start":{"line":88,"column":24},"end":{"line":91,"column":5}},"line":88}},"branchMap":{},"s":{"0":1,"1":1,"2":221,"3":221,"4":221,"5":221,"6":221,"7":221,"8":221,"9":207,"10":3,"11":3,"12":3,"13":62,"14":25,"15":1,"16":55,"17":1},"f":{"0":221,"1":207,"2":3,"3":3,"4":3,"5":62,"6":25,"7":1,"8":55},"b":{},"inputSourceMap":{"version":3,"file":"/home/usuario/DSI-P6/src/Ejercicio-01/Fighter.ts","sources":["/home/usuario/DSI-P6/src/Ejercicio-01/Fighter.ts"],"names":[],"mappings":";;;AAAA;;;;;;;;;;GAUG;AACH,MAAsB,OAAO;IAS3B;;;;;;;;;OASG;IACH,YAAY,IAAY,EAAE,MAAc,EAAE,MAAc,EACpD,MAAc,EAAE,OAAe,EAAE,EAAU,EAC3C,GAAG,eAAyB;QAC9B,IAAI,CAAC,IAAI,GAAG,IAAI,CAAC;QACjB,IAAI,CAAC,MAAM,GAAG,MAAM,CAAC;QACrB,IAAI,CAAC,MAAM,GAAG,MAAM,CAAC;QACrB,IAAI,CAAC,MAAM,GAAG,MAAM,CAAC;QACrB,IAAI,CAAC,OAAO,GAAG,OAAO,CAAC;QACvB,IAAI,CAAC,EAAE,GAAG,EAAE,CAAC;QACb,IAAI,CAAC,eAAe,GAAG,eAAe,CAAC;IACzC,CAAC;IAED;;;OAGG;IACI,OAAO;QACZ,OAAO,IAAI,CAAC,IAAI,CAAC;IACnB,CAAC;IAED;;;OAGG;IACI,SAAS;QACd,OAAO,IAAI,CAAC,MAAM,CAAC;IACrB,CAAC;IAED;;;OAGG;IACI,SAAS;QACd,OAAO,IAAI,CAAC,MAAM,CAAC;IACrB,CAAC;IAED;;;OAGG;IACI,SAAS;QACd,OAAO,IAAI,CAAC,MAAM,CAAC;IACrB,CAAC;IAED;;;OAGG;IACI,UAAU;QACf,OAAO,IAAI,CAAC,OAAO,CAAC;IACtB,CAAC;IAED;;;OAGG;IACI,KAAK;QACV,OAAO,IAAI,CAAC,EAAE,CAAC;IACjB,CAAC;IAED;;;OAGG;IACI,iBAAiB,CAAC,MAAc;QACrC,IAAI,CAAC,eAAe,CAAC,IAAI,CAAC,MAAM,CAAC,CAAC;IACpC,CAAC;IAED;;;OAGG;IACI,iBAAiB;QACtB,OAAO,IAAI,CAAC,eAAe,CAAC,IAAI,CAAC,KAAK,CAAC,IAAI,CAAC,MAAM,EAAE;YAClD,IAAI,CAAC,eAAe,CAAC,MAAM,CAAC,CAAC,CAAC;IAClC,CAAC;CAOF;AArGD,0BAqGC","sourcesContent":["/**\n * Clase que representa a un luchador\n * @class Fighter\n * @attribute {string} name Nombre del luchador\n * @attribute {number} weight Peso del luchador\n * @attribute {number} height Altura del luchador\n * @attribute {number} attack Ataque del luchador\n * @attribute {number} defense Defensa del luchador\n * @attribute {number} hp Health Points del luchador\n * @attribute {string[]} catchingPhrases Frases que usa el luchador\n */\nexport abstract class fighter {\n  protected name: string;\n  protected weight: number;\n  protected height: number;\n  protected attack: number;\n  protected defense: number;\n  protected hp: number;\n  protected catchingPhrases: string[];\n\n  /**\n   * Constructor\n   * @param name {string} Nombre del luchador\n   * @param weight {number} Peso del luchador\n   * @param height {number} Altura del luchador\n   * @param attack {number} Ataque del luchador\n   * @param defense {number} Defensa del luchador\n   * @param hp {number} Health Points del luchador\n   * @param catchingPhrases {string[]} Frases que usa el luchador\n   */\n  constructor(name: string, weight: number, height: number,\n      attack: number, defense: number, hp: number,\n      ...catchingPhrases: string[]) {\n    this.name = name;\n    this.weight = weight;\n    this.height = height;\n    this.attack = attack;\n    this.defense = defense;\n    this.hp = hp;\n    this.catchingPhrases = catchingPhrases;\n  }\n\n  /**\n   * Método que devuelve el nombre del luchador\n   * @returns {string} Nombre del luchador\n   */\n  public getName(): string {\n    return this.name;\n  }\n\n  /**\n   * Método que devuelve el peso del luchador\n   * @returns {number} Peso del luchador\n   */\n  public getWeight(): number {\n    return this.weight;\n  }\n\n  /**\n   * Método que devuelve la altura del luchador\n   * @returns {number} Altura del luchador\n   */\n  public getHeight(): number {\n    return this.height;\n  }\n\n  /**\n   * Método que devuelve el ataque del luchador\n   * @returns {number} Ataque del luchador\n   */\n  public getAttack(): number {\n    return this.attack;\n  }\n\n  /**\n   * Método que devuelve la defensa del luchador\n   * @returns {number} Defensa del luchador\n   */\n  public getDefense(): number {\n    return this.defense;\n  }\n\n  /**\n   * Método que devuelve los puntos de vida del luchador\n   * @returns {number} Health Points del luchador\n   */\n  public getHP(): number {\n    return this.hp;\n  }\n\n  /**\n   * Método que añade una frase al repertorio del luchador\n   * @param phrase {string} Frase que usa el luchador\n   */\n  public addCatchingPhrase(phrase: string): void {\n    this.catchingPhrases.push(phrase);\n  }\n\n  /**\n   * Método que devuelve una frase del repertorio del luchador\n   * @returns {string} Frase del repertorio del luchador\n   */\n  public getCatchingPhrase(): string {\n    return this.catchingPhrases[Math.floor(Math.random() *\n      this.catchingPhrases.length)];\n  }\n\n  /**\n   * Método que calcula el daño que recibe un oponente\n   * @param enemy {fighter} Oponente\n   */\n  abstract getDamage(enemy: fighter): number;\n}"]},"_coverageSchema":"1a1c01bbd47fc00a2c39e90264f33305004495a9","hash":"fd7439feee76dda3b0b71b82eb4ab1f9e7e8a368","contentHash":"4e1b48ca52a830d39e18ff95eed5e3a497987a3d9eac47608f91dd71b7ff1efa"},"/home/usuario/DSI-P6/src/Ejercicio-01/Saiyan.ts":{"path":"/home/usuario/DSI-P6/src/Ejercicio-01/Saiyan.ts","statementMap":{"0":{"start":{"line":2,"column":0},"end":{"line":2,"column":62}},"1":{"start":{"line":3,"column":0},"end":{"line":3,"column":24}},"2":{"start":{"line":4,"column":18},"end":{"line":4,"column":38}},"3":{"start":{"line":32,"column":8},"end":{"line":32,"column":77}},"4":{"start":{"line":33,"column":8},"end":{"line":33,"column":27}},"5":{"start":{"line":34,"column":8},"end":{"line":34,"column":23}},"6":{"start":{"line":41,"column":8},"end":{"line":41,"column":26}},"7":{"start":{"line":48,"column":8},"end":{"line":48,"column":24}},"8":{"start":{"line":56,"column":8},"end":{"line":56,"column":81}},"9":{"start":{"line":59,"column":0},"end":{"line":59,"column":24}}},"fnMap":{"0":{"name":"(anonymous_0)","decl":{"start":{"line":31,"column":4},"end":{"line":31,"column":5}},"loc":{"start":{"line":31,"column":91},"end":{"line":35,"column":5}},"line":31},"1":{"name":"(anonymous_1)","decl":{"start":{"line":40,"column":4},"end":{"line":40,"column":5}},"loc":{"start":{"line":40,"column":15},"end":{"line":42,"column":5}},"line":40},"2":{"name":"(anonymous_2)","decl":{"start":{"line":47,"column":4},"end":{"line":47,"column":5}},"loc":{"start":{"line":47,"column":13},"end":{"line":49,"column":5}},"line":47},"3":{"name":"(anonymous_3)","decl":{"start":{"line":55,"column":4},"end":{"line":55,"column":5}},"loc":{"start":{"line":55,"column":21},"end":{"line":57,"column":5}},"line":55}},"branchMap":{},"s":{"0":1,"1":1,"2":1,"3":68,"4":68,"5":68,"6":1,"7":1,"8":11,"9":1},"f":{"0":68,"1":1,"2":1,"3":11},"b":{},"inputSourceMap":{"version":3,"file":"/home/usuario/DSI-P6/src/Ejercicio-01/Saiyan.ts","sources":["/home/usuario/DSI-P6/src/Ejercicio-01/Saiyan.ts"],"names":[],"mappings":";;;AAAA,uCAAoC;AAEpC;;;;;;;;;;;;GAYG;AACH,MAAa,MAAO,SAAQ,iBAAO;IAIjC;;;;;;;;;;;OAWG;IACH,YAAY,IAAY,EAAE,MAAc,EAAE,MAAc,EACpD,MAAc,EAAE,OAAe,EAAE,EAAU,EAC3C,KAAa,EAAE,GAAW,EAAE,GAAG,eAAyB;QAC1D,KAAK,CAAC,IAAI,EAAE,MAAM,EAAE,MAAM,EAAE,MAAM,EAAE,OAAO,EAAE,EAAE,EAAE,GAAG,eAAe,CAAC,CAAC;QACrE,IAAI,CAAC,KAAK,GAAG,KAAK,CAAC;QACnB,IAAI,CAAC,GAAG,GAAG,GAAG,CAAC;IACjB,CAAC;IAED;;;OAGG;IACI,QAAQ;QACb,OAAO,IAAI,CAAC,KAAK,CAAC;IACpB,CAAC;IAED;;;OAGG;IACI,MAAM;QACX,OAAO,IAAI,CAAC,GAAG,CAAC;IAClB,CAAC;IAED;;;;OAIG;IACI,SAAS,CAAC,KAAc;QAC7B,OAAO,CAAC,CAAC,IAAI,CAAC,KAAK,GAAG,EAAE,CAAC,GAAG,IAAI,CAAC,GAAG,GAAG,IAAI,CAAC,MAAM,CAAC,GAAG,KAAK,CAAC,UAAU,EAAE,CAAC;IAC3E,CAAC;CACF;AAhDD,wBAgDC","sourcesContent":["import { fighter } from './Fighter';\n\n/**\n * Clase que representa a un Saiyan\n * @class Saiyan\n * @attribute {string} name Nombre del luchador\n * @attribute {number} weight Peso del luchador\n * @attribute {number} height Altura del luchador\n * @attribute {number} attack Ataque del luchador\n * @attribute {number} defense Defensa del luchador\n * @attribute {number} hp Health Points del luchador\n * @attribute {number} power Poder del luchador\n * @attribute {number} lvl Nivel del luchador\n * @attribute {string[]} catchingPhrases Frases que usa el luchador\n */\nexport class Saiyan extends fighter {\n  private power: number;\n  private lvl: number;\n\n  /**\n   * Constructor\n   * @param name {string} Nombre del luchador\n   * @param weight {number} Peso del luchador\n   * @param height {number} Altura del luchador\n   * @param attack {number} Ataque del luchador\n   * @param defense {number} Defensa del luchador\n   * @param hp {number} Health Points del luchador\n   * @param power {number} Poder del luchador\n   * @param lvl {number} Nivel del luchador\n   * @param catchingPhrases {string[]} Frases que usa el luchador\n   */\n  constructor(name: string, weight: number, height: number,\n      attack: number, defense: number, hp: number,\n      power: number, lvl: number, ...catchingPhrases: string[]) {\n    super(name, weight, height, attack, defense, hp, ...catchingPhrases);\n    this.power = power;\n    this.lvl = lvl;\n  }\n\n  /**\n   * Método que devuelve el poder del luchador\n   * @returns {number} Poder del luchador\n   */\n  public getPower(): number {\n    return this.power;\n  }\n\n  /**\n   * Método que devuelve el nivel del luchador\n   * @returns {number} Nivel del luchador\n   */\n  public getLvl(): number {\n    return this.lvl;\n  }\n\n  /**\n   * Método que devuelve el daño de un ataque\n   * @param enemy {fighter} Enemigo contra el que se ataca\n   * @returns {number} Daño del ataque\n   */\n  public getDamage(enemy: fighter): number {\n    return ((this.power / 10) * this.lvl * this.attack) / enemy.getDefense();\n  }\n}"]},"_coverageSchema":"1a1c01bbd47fc00a2c39e90264f33305004495a9","hash":"7fa08ad6c9c301756bcfc191a7640a48cdb11add","contentHash":"2e2e14990176940742091846aadeeec3c8c15ff09791233ae7fdb4845391afb8"},"/home/usuario/DSI-P6/src/Ejercicio-01/SAO.ts":{"path":"/home/usuario/DSI-P6/src/Ejercicio-01/SAO.ts","statementMap":{"0":{"start":{"line":2,"column":0},"end":{"line":2,"column":62}},"1":{"start":{"line":3,"column":0},"end":{"line":3,"column":32}},"2":{"start":{"line":4,"column":18},"end":{"line":4,"column":38}},"3":{"start":{"line":31,"column":8},"end":{"line":31,"column":77}},"4":{"start":{"line":32,"column":8},"end":{"line":32,"column":37}},"5":{"start":{"line":33,"column":8},"end":{"line":33,"column":39}},"6":{"start":{"line":40,"column":8},"end":{"line":40,"column":31}},"7":{"start":{"line":47,"column":8},"end":{"line":47,"column":32}},"8":{"start":{"line":55,"column":21},"end":{"line":55,"column":36}},"9":{"start":{"line":56,"column":8},"end":{"line":58,"column":9}},"10":{"start":{"line":57,"column":12},"end":{"line":57,"column":24}},"11":{"start":{"line":59,"column":8},"end":{"line":62,"column":9}},"12":{"start":{"line":61,"column":12},"end":{"line":61,"column":26}},"13":{"start":{"line":63,"column":8},"end":{"line":65,"column":9}},"14":{"start":{"line":64,"column":12},"end":{"line":64,"column":26}},"15":{"start":{"line":66,"column":8},"end":{"line":66,"column":67}},"16":{"start":{"line":69,"column":0},"end":{"line":69,"column":40}}},"fnMap":{"0":{"name":"(anonymous_0)","decl":{"start":{"line":30,"column":4},"end":{"line":30,"column":5}},"loc":{"start":{"line":30,"column":104},"end":{"line":34,"column":5}},"line":30},"1":{"name":"(anonymous_1)","decl":{"start":{"line":39,"column":4},"end":{"line":39,"column":5}},"loc":{"start":{"line":39,"column":20},"end":{"line":41,"column":5}},"line":39},"2":{"name":"(anonymous_2)","decl":{"start":{"line":46,"column":4},"end":{"line":46,"column":5}},"loc":{"start":{"line":46,"column":21},"end":{"line":48,"column":5}},"line":46},"3":{"name":"(anonymous_3)","decl":{"start":{"line":54,"column":4},"end":{"line":54,"column":5}},"loc":{"start":{"line":54,"column":21},"end":{"line":67,"column":5}},"line":54}},"branchMap":{"0":{"loc":{"start":{"line":56,"column":8},"end":{"line":58,"column":9}},"type":"if","locations":[{"start":{"line":56,"column":8},"end":{"line":58,"column":9}},{"start":{"line":56,"column":8},"end":{"line":58,"column":9}}],"line":56},"1":{"loc":{"start":{"line":56,"column":12},"end":{"line":56,"column":72}},"type":"binary-expr","locations":[{"start":{"line":56,"column":12},"end":{"line":56,"column":40}},{"start":{"line":56,"column":44},"end":{"line":56,"column":72}}],"line":56},"2":{"loc":{"start":{"line":59,"column":8},"end":{"line":62,"column":9}},"type":"if","locations":[{"start":{"line":59,"column":8},"end":{"line":62,"column":9}},{"start":{"line":59,"column":8},"end":{"line":62,"column":9}}],"line":59},"3":{"loc":{"start":{"line":59,"column":12},"end":{"line":60,"column":71}},"type":"binary-expr","locations":[{"start":{"line":59,"column":12},"end":{"line":59,"column":43}},{"start":{"line":59,"column":47},"end":{"line":59,"column":74}},{"start":{"line":60,"column":12},"end":{"line":60,"column":41}},{"start":{"line":60,"column":45},"end":{"line":60,"column":71}}],"line":59},"4":{"loc":{"start":{"line":63,"column":8},"end":{"line":65,"column":9}},"type":"if","locations":[{"start":{"line":63,"column":8},"end":{"line":65,"column":9}},{"start":{"line":63,"column":8},"end":{"line":65,"column":9}}],"line":63},"5":{"loc":{"start":{"line":63,"column":12},"end":{"line":63,"column":75}},"type":"binary-expr","locations":[{"start":{"line":63,"column":12},"end":{"line":63,"column":40}},{"start":{"line":63,"column":44},"end":{"line":63,"column":75}}],"line":63}},"s":{"0":1,"1":1,"2":1,"3":72,"4":72,"5":72,"6":1,"7":1,"8":18,"9":18,"10":10,"11":18,"12":4,"13":18,"14":4,"15":18,"16":1},"f":{"0":72,"1":1,"2":1,"3":18},"b":{"0":[10,8],"1":[18,8],"2":[4,14],"3":[18,14,14,14],"4":[4,14],"5":[18,14]},"inputSourceMap":{"version":3,"file":"/home/usuario/DSI-P6/src/Ejercicio-01/SAO.ts","sources":["/home/usuario/DSI-P6/src/Ejercicio-01/SAO.ts"],"names":[],"mappings":";;;AAAA,uCAAoC;AAEpC;;;;;;;;;;;GAWG;AACH,MAAa,cAAe,SAAQ,iBAAO;IAKzC;;;;;;;;;;;OAWG;IACH,YAAY,IAAY,EAAE,MAAc,EAAE,MAAc,EACpD,MAAc,EAAE,OAAe,EAAE,EAAU,EAC3C,UACuD,EACvD,WAAmB,EAAE,GAAG,eAAyB;QACnD,KAAK,CAAC,IAAI,EAAE,MAAM,EAAE,MAAM,EAAE,MAAM,EAAE,OAAO,EAAE,EAAE,EAAE,GAAG,eAAe,CAAC,CAAC;QACrE,IAAI,CAAC,UAAU,GAAG,UAAU,CAAC;QAC7B,IAAI,CAAC,WAAW,GAAG,WAAW,CAAC;IACjC,CAAC;IAED;;;OAGG;IACI,aAAa;QAElB,OAAO,IAAI,CAAC,UAAU,CAAC;IACzB,CAAC;IAED;;;OAGG;IACI,cAAc;QACnB,OAAO,IAAI,CAAC,WAAW,CAAC;IAC1B,CAAC;IAED;;;;OAIG;IACI,SAAS,CAAC,KAAc;QAC7B,IAAI,MAAM,GAAW,IAAI,CAAC,MAAM,GAAG,CAAC,CAAC;QACrC,IAAI,IAAI,CAAC,UAAU,KAAK,QAAQ,IAAI,IAAI,CAAC,UAAU,KAAK,QAAQ,EAAE;YAChE,MAAM,IAAI,CAAC,CAAC;SACb;QACD,IAAI,IAAI,CAAC,UAAU,KAAK,WAAW,IAAI,IAAI,CAAC,UAAU,KAAK,OAAO;YAC9D,IAAI,CAAC,UAAU,KAAK,SAAS,IAAI,IAAI,CAAC,UAAU,KAAK,MAAM,EAAE;YAC/D,MAAM,IAAI,GAAG,CAAC;SACf;QACD,IAAI,IAAI,CAAC,UAAU,KAAK,QAAQ,IAAI,IAAI,CAAC,UAAU,KAAK,WAAW,EAAE;YACnE,MAAM,IAAI,GAAG,CAAC;SACf;QACD,OAAO,EAAE,GAAG,MAAM,GAAG,IAAI,CAAC,WAAW,GAAG,KAAK,CAAC,UAAU,EAAE,CAAC;IAC7D,CAAC;CACF;AA/DD,wCA+DC","sourcesContent":["import { fighter } from './Fighter';\n\n/**\n * Clase que representa a un jugador de Sword Art Online\n * @class SwordArtOnline\n * @attribute {string} name Nombre del jugador\n * @attribute {number} weight Peso del jugador\n * @attribute {number} height Altura del jugador\n * @attribute {number} attack Ataque del jugador\n * @attribute {number} defense Defensa del jugador\n * @attribute {number} hp Health Points del jugador\n * @attribute {'Sniper' | 'Slayer' | 'Swordsman' | 'Ninja' | 'Samurai' | 'Monk' | 'Gunner' | 'Berserker'} playerType Tipo de jugador\n * @attribute {number} weaponLevel Nivel de arma del jugador\n */\nexport class SwordArtOnline extends fighter {\n  private playerType: 'Sniper' | 'Slayer' | 'Swordsman' |\n    'Ninja' | 'Samurai' | 'Monk' | 'Gunner' | 'Berserker';\n  private weaponLevel: number;\n\n  /**\n   * Constructor\n   * @param name {string} Nombre del jugador\n   * @param weight {number} Peso del jugador\n   * @param height {number} Altura del jugador\n   * @param attack {number} Ataque del jugador\n   * @param defense {number} Defensa del jugador\n   * @param hp {number} Health Points del jugador\n   * @param playerType {'Sniper' | 'Slayer' | 'Swordsman' | 'Ninja' | 'Samurai' | 'Monk' | 'Gunner' | 'Berserker'} Tipo de jugador\n   * @param weaponLevel {number} Nivel de arma del jugador\n   * @param catchingPhrases {string[]} Frases que usa el jugador\n   */\n  constructor(name: string, weight: number, height: number,\n      attack: number, defense: number, hp: number,\n      playerType: 'Sniper' | 'Slayer' | 'Swordsman' |\n        'Ninja' | 'Samurai' | 'Monk' | 'Gunner' | 'Berserker',\n      weaponLevel: number, ...catchingPhrases: string[]) {\n    super(name, weight, height, attack, defense, hp, ...catchingPhrases);\n    this.playerType = playerType;\n    this.weaponLevel = weaponLevel;\n  }\n\n  /**\n   * Método que devuelve el tipo de jugador\n   * @returns {'Sniper' | 'Slayer' | 'Swordsman' | 'Ninja' | 'Samurai' | 'Monk' | 'Gunner' | 'Berserker'} Tipo de jugador\n   */\n  public getPlayerType(): 'Sniper' | 'Slayer' | 'Swordsman' |\n    'Ninja' | 'Samurai' | 'Monk' | 'Gunner' | 'Berserker' {\n    return this.playerType;\n  }\n\n  /**\n   * Método que devuelve el nivel de arma del jugador\n   * @returns {number} Nivel de arma del jugador\n   */\n  public getWeaponLevel(): number {\n    return this.weaponLevel;\n  }\n\n  /**\n   * Método que devuelve el daño de un ataque\n   * @param enemy {fighter} Enemigo contra el que se ataca\n   * @returns {number} Daño del ataque\n   */\n  public getDamage(enemy: fighter): number {\n    let attack: number = this.attack / 2;\n    if (this.playerType === 'Sniper' || this.playerType === 'Slayer') {\n      attack *= 2;\n    }\n    if (this.playerType === 'Swordsman' || this.playerType === 'Ninja' ||\n        this.playerType === 'Samurai' || this.playerType === 'Monk') {\n      attack *= 1.2;\n    }\n    if (this.playerType === 'Gunner' || this.playerType === 'Berserker') {\n      attack *= 1.5;\n    }\n    return 50 * attack * this.weaponLevel / enemy.getDefense();\n  }\n}"]},"_coverageSchema":"1a1c01bbd47fc00a2c39e90264f33305004495a9","hash":"c213d42b7203156acafaf131bda4d71ab065c779","contentHash":"bfc0fd684cdfb2bfe7e5a753b0bf6a5d0d650689add531b4dc3fa6640ef1c2a6"},"/home/usuario/DSI-P6/src/Ejercicio-01/Pokedex.ts":{"path":"/home/usuario/DSI-P6/src/Ejercicio-01/Pokedex.ts","statementMap":{"0":{"start":{"line":2,"column":0},"end":{"line":2,"column":62}},"1":{"start":{"line":3,"column":0},"end":{"line":3,"column":25}},"2":{"start":{"line":4,"column":18},"end":{"line":4,"column":38}},"3":{"start":{"line":5,"column":14},"end":{"line":5,"column":30}},"4":{"start":{"line":18,"column":8},"end":{"line":18,"column":30}},"5":{"start":{"line":19,"column":8},"end":{"line":19,"column":26}},"6":{"start":{"line":20,"column":8},"end":{"line":20,"column":29}},"7":{"start":{"line":27,"column":8},"end":{"line":35,"column":9}},"8":{"start":{"line":28,"column":12},"end":{"line":28,"column":43}},"9":{"start":{"line":30,"column":13},"end":{"line":35,"column":9}},"10":{"start":{"line":31,"column":12},"end":{"line":31,"column":39}},"11":{"start":{"line":34,"column":12},"end":{"line":34,"column":42}},"12":{"start":{"line":43,"column":8},"end":{"line":47,"column":9}},"13":{"start":{"line":44,"column":12},"end":{"line":46,"column":13}},"14":{"start":{"line":45,"column":16},"end":{"line":45,"column":31}},"15":{"start":{"line":48,"column":8},"end":{"line":52,"column":9}},"16":{"start":{"line":49,"column":12},"end":{"line":51,"column":13}},"17":{"start":{"line":50,"column":16},"end":{"line":50,"column":27}},"18":{"start":{"line":53,"column":8},"end":{"line":57,"column":9}},"19":{"start":{"line":54,"column":12},"end":{"line":56,"column":13}},"20":{"start":{"line":55,"column":16},"end":{"line":55,"column":30}},"21":{"start":{"line":58,"column":8},"end":{"line":58,"column":25}},"22":{"start":{"line":65,"column":26},"end":{"line":65,"column":28}},"23":{"start":{"line":66,"column":8},"end":{"line":66,"column":59}},"24":{"start":{"line":67,"column":8},"end":{"line":67,"column":55}},"25":{"start":{"line":68,"column":8},"end":{"line":68,"column":58}},"26":{"start":{"line":69,"column":8},"end":{"line":69,"column":27}},"27":{"start":{"line":72,"column":0},"end":{"line":72,"column":26}}},"fnMap":{"0":{"name":"(anonymous_0)","decl":{"start":{"line":17,"column":4},"end":{"line":17,"column":5}},"loc":{"start":{"line":17,"column":18},"end":{"line":21,"column":5}},"line":17},"1":{"name":"(anonymous_1)","decl":{"start":{"line":26,"column":4},"end":{"line":26,"column":5}},"loc":{"start":{"line":26,"column":24},"end":{"line":36,"column":5}},"line":26},"2":{"name":"(anonymous_2)","decl":{"start":{"line":42,"column":4},"end":{"line":42,"column":5}},"loc":{"start":{"line":42,"column":21},"end":{"line":59,"column":5}},"line":42},"3":{"name":"(anonymous_3)","decl":{"start":{"line":64,"column":4},"end":{"line":64,"column":5}},"loc":{"start":{"line":64,"column":21},"end":{"line":70,"column":5}},"line":64}},"branchMap":{"0":{"loc":{"start":{"line":27,"column":8},"end":{"line":35,"column":9}},"type":"if","locations":[{"start":{"line":27,"column":8},"end":{"line":35,"column":9}},{"start":{"line":27,"column":8},"end":{"line":35,"column":9}}],"line":27},"1":{"loc":{"start":{"line":30,"column":13},"end":{"line":35,"column":9}},"type":"if","locations":[{"start":{"line":30,"column":13},"end":{"line":35,"column":9}},{"start":{"line":30,"column":13},"end":{"line":35,"column":9}}],"line":30},"2":{"loc":{"start":{"line":44,"column":12},"end":{"line":46,"column":13}},"type":"if","locations":[{"start":{"line":44,"column":12},"end":{"line":46,"column":13}},{"start":{"line":44,"column":12},"end":{"line":46,"column":13}}],"line":44},"3":{"loc":{"start":{"line":49,"column":12},"end":{"line":51,"column":13}},"type":"if","locations":[{"start":{"line":49,"column":12},"end":{"line":51,"column":13}},{"start":{"line":49,"column":12},"end":{"line":51,"column":13}}],"line":49},"4":{"loc":{"start":{"line":54,"column":12},"end":{"line":56,"column":13}},"type":"if","locations":[{"start":{"line":54,"column":12},"end":{"line":56,"column":13}},{"start":{"line":54,"column":12},"end":{"line":56,"column":13}}],"line":54}},"s":{"0":1,"1":1,"2":1,"3":1,"4":5,"5":5,"6":5,"7":17,"8":5,"9":12,"10":6,"11":6,"12":4,"13":4,"14":1,"15":3,"16":3,"17":1,"18":2,"19":2,"20":1,"21":1,"22":2,"23":2,"24":2,"25":2,"26":2,"27":1},"f":{"0":5,"1":17,"2":4,"3":2},"b":{"0":[5,12],"1":[6,6],"2":[1,3],"3":[1,2],"4":[1,1]},"inputSourceMap":{"version":3,"file":"/home/usuario/DSI-P6/src/Ejercicio-01/Pokedex.ts","sources":["/home/usuario/DSI-P6/src/Ejercicio-01/Pokedex.ts"],"names":[],"mappings":";;;AACA,uCAAoC;AAEpC,+BAAuC;AAEvC;;;;;;GAMG;AACH,MAAa,OAAO;IAKlB;;OAEG;IACH;QACE,IAAI,CAAC,WAAW,GAAG,EAAE,CAAC;QACtB,IAAI,CAAC,OAAO,GAAG,EAAE,CAAC;QAClB,IAAI,CAAC,UAAU,GAAG,EAAE,CAAC;IACvB,CAAC;IAED;;;OAGG;IACI,UAAU,CAAC,OAAgB;QAChC,IAAI,OAAO,YAAY,iBAAO,EAAE;YAC9B,IAAI,CAAC,WAAW,CAAC,IAAI,CAAC,OAAO,CAAC,CAAC;SAChC;aAAM,IAAI,OAAO,YAAY,oBAAc,EAAE;YAC5C,IAAI,CAAC,OAAO,CAAC,IAAI,CAAC,OAAO,CAAC,CAAC;SAC5B;aAAM;YACL,IAAI,CAAC,UAAU,CAAC,IAAI,CAAC,OAAiB,CAAC,CAAC;SACzC;IACH,CAAC;IAED;;;;OAIG;IACI,UAAU,CAAC,IAAY;QAC5B,KAAK,IAAI,OAAO,IAAI,IAAI,CAAC,WAAW,EAAE;YACpC,IAAI,OAAO,CAAC,OAAO,EAAE,KAAK,IAAI,EAAE;gBAC9B,OAAO,OAAO,CAAC;aAChB;SACF;QACD,KAAK,IAAI,GAAG,IAAI,IAAI,CAAC,OAAO,EAAE;YAC5B,IAAI,GAAG,CAAC,OAAO,EAAE,KAAK,IAAI,EAAE;gBAC1B,OAAO,GAAG,CAAC;aACZ;SACF;QACD,KAAK,IAAI,MAAM,IAAI,IAAI,CAAC,UAAU,EAAE;YAClC,IAAI,MAAM,CAAC,OAAO,EAAE,KAAK,IAAI,EAAE;gBAC7B,OAAO,MAAM,CAAC;aACf;SACF;QACD,OAAO,SAAS,CAAC;IACnB,CAAC;IAED;;;OAGG;IACI,cAAc;QACnB,IAAI,WAAW,GAAc,EAAE,CAAC;QAChC,WAAW,GAAG,WAAW,CAAC,MAAM,CAAC,IAAI,CAAC,WAAW,CAAC,CAAC;QACnD,WAAW,GAAG,WAAW,CAAC,MAAM,CAAC,IAAI,CAAC,OAAO,CAAC,CAAC;QAC/C,WAAW,GAAG,WAAW,CAAC,MAAM,CAAC,IAAI,CAAC,UAAU,CAAC,CAAC;QAClD,OAAO,WAAW,CAAC;IACrB,CAAC;CACF;AA/DD,0BA+DC","sourcesContent":["import { fighter } from './Fighter';\nimport { Pokemon } from './Pokemon';\nimport { Saiyan } from './Saiyan';\nimport { SwordArtOnline } from './SAO';\n\n/**\n * Clase que representa a un registro de un luchadores\n * @class Pokedex\n * @attribute {Pokemon[]} PokemonList Lista de pokemon\n * @attribute {Saiyan[]} SaiyanList Lista de saiyans\n * @attribute {SwordArtOnline[]} SAOList Lista de Sword Art Online Players\n */\nexport class Pokedex {\n  PokemonList: Pokemon[];\n  SAOList: SwordArtOnline[];\n  SaiyanList: Saiyan[];\n\n  /**\n   * Constructor\n   */\n  constructor() {\n    this.PokemonList = [];\n    this.SAOList = [];\n    this.SaiyanList = [];\n  }\n\n  /**\n   * Método que permite añadir un luchador a su lista correspondiente\n   * @param fighter {fighter} Luchador a añadir\n   */\n  public addFighter(fighter: fighter): void {\n    if (fighter instanceof Pokemon) {\n      this.PokemonList.push(fighter);\n    } else if (fighter instanceof SwordArtOnline) {\n      this.SAOList.push(fighter);\n    } else {\n      this.SaiyanList.push(fighter as Saiyan);\n    }\n  }\n\n  /**\n   * Método que devuelve un luchador a partir de su nombre\n   * @param name {string} Nombre del luchador\n   * @returns {fighter} Luchador\n   */\n  public getFighter(name: string): fighter | undefined {\n    for (let pokemon of this.PokemonList) {\n      if (pokemon.getName() === name) {\n        return pokemon;\n      }\n    }\n    for (let sao of this.SAOList) {\n      if (sao.getName() === name) {\n        return sao;\n      }\n    }\n    for (let saiyan of this.SaiyanList) {\n      if (saiyan.getName() === name) {\n        return saiyan;\n      }\n    }\n    return undefined;\n  }\n\n  /**\n   * Método que devuelve una lista con todos los luchadores\n   * @returns {fighter[]} Lista de luchadores\n   */\n  public getAllFighters(): fighter[] {\n    let allFighters: fighter[] = [];\n    allFighters = allFighters.concat(this.PokemonList);\n    allFighters = allFighters.concat(this.SAOList);\n    allFighters = allFighters.concat(this.SaiyanList);\n    return allFighters;\n  }\n}\n"]},"_coverageSchema":"1a1c01bbd47fc00a2c39e90264f33305004495a9","hash":"c1759dcbc0943f8d6226d846516cb64e0cfdab67","contentHash":"8c28e7a00726bfb953f8da923fd3c28dee4a599af2533d80a9b1f7037addd80d"},"/home/usuario/DSI-P6/src/Ejercicio-02/audiovisual.ts":{"path":"/home/usuario/DSI-P6/src/Ejercicio-02/audiovisual.ts","statementMap":{"0":{"start":{"line":2,"column":0},"end":{"line":2,"column":62}},"1":{"start":{"line":3,"column":0},"end":{"line":3,"column":81}},"2":{"start":{"line":23,"column":8},"end":{"line":23,"column":25}},"3":{"start":{"line":24,"column":8},"end":{"line":24,"column":29}},"4":{"start":{"line":25,"column":8},"end":{"line":25,"column":25}},"5":{"start":{"line":26,"column":8},"end":{"line":26,"column":27}},"6":{"start":{"line":27,"column":8},"end":{"line":27,"column":39}},"7":{"start":{"line":34,"column":8},"end":{"line":34,"column":25}},"8":{"start":{"line":41,"column":8},"end":{"line":41,"column":27}},"9":{"start":{"line":48,"column":8},"end":{"line":48,"column":25}},"10":{"start":{"line":55,"column":8},"end":{"line":55,"column":26}},"11":{"start":{"line":62,"column":8},"end":{"line":62,"column":32}},"12":{"start":{"line":65,"column":0},"end":{"line":65,"column":34}},"13":{"start":{"line":83,"column":8},"end":{"line":83,"column":54}},"14":{"start":{"line":84,"column":8},"end":{"line":84,"column":33}},"15":{"start":{"line":91,"column":8},"end":{"line":91,"column":29}},"16":{"start":{"line":94,"column":0},"end":{"line":94,"column":32}},"17":{"start":{"line":114,"column":8},"end":{"line":114,"column":54}},"18":{"start":{"line":115,"column":8},"end":{"line":115,"column":33}},"19":{"start":{"line":116,"column":8},"end":{"line":116,"column":27}},"20":{"start":{"line":123,"column":8},"end":{"line":123,"column":29}},"21":{"start":{"line":130,"column":8},"end":{"line":130,"column":26}},"22":{"start":{"line":133,"column":0},"end":{"line":133,"column":20}},"23":{"start":{"line":153,"column":8},"end":{"line":153,"column":54}},"24":{"start":{"line":154,"column":8},"end":{"line":154,"column":31}},"25":{"start":{"line":155,"column":8},"end":{"line":155,"column":33}},"26":{"start":{"line":162,"column":8},"end":{"line":162,"column":28}},"27":{"start":{"line":169,"column":8},"end":{"line":169,"column":29}},"28":{"start":{"line":172,"column":0},"end":{"line":172,"column":22}}},"fnMap":{"0":{"name":"(anonymous_0)","decl":{"start":{"line":22,"column":4},"end":{"line":22,"column":5}},"loc":{"start":{"line":22,"column":56},"end":{"line":28,"column":5}},"line":22},"1":{"name":"(anonymous_1)","decl":{"start":{"line":33,"column":4},"end":{"line":33,"column":5}},"loc":{"start":{"line":33,"column":14},"end":{"line":35,"column":5}},"line":33},"2":{"name":"(anonymous_2)","decl":{"start":{"line":40,"column":4},"end":{"line":40,"column":5}},"loc":{"start":{"line":40,"column":16},"end":{"line":42,"column":5}},"line":40},"3":{"name":"(anonymous_3)","decl":{"start":{"line":47,"column":4},"end":{"line":47,"column":5}},"loc":{"start":{"line":47,"column":14},"end":{"line":49,"column":5}},"line":47},"4":{"name":"(anonymous_4)","decl":{"start":{"line":54,"column":4},"end":{"line":54,"column":5}},"loc":{"start":{"line":54,"column":15},"end":{"line":56,"column":5}},"line":54},"5":{"name":"(anonymous_5)","decl":{"start":{"line":61,"column":4},"end":{"line":61,"column":5}},"loc":{"start":{"line":61,"column":21},"end":{"line":63,"column":5}},"line":61},"6":{"name":"(anonymous_6)","decl":{"start":{"line":82,"column":4},"end":{"line":82,"column":5}},"loc":{"start":{"line":82,"column":66},"end":{"line":85,"column":5}},"line":82},"7":{"name":"(anonymous_7)","decl":{"start":{"line":90,"column":4},"end":{"line":90,"column":5}},"loc":{"start":{"line":90,"column":18},"end":{"line":92,"column":5}},"line":90},"8":{"name":"(anonymous_8)","decl":{"start":{"line":113,"column":4},"end":{"line":113,"column":5}},"loc":{"start":{"line":113,"column":73},"end":{"line":117,"column":5}},"line":113},"9":{"name":"(anonymous_9)","decl":{"start":{"line":122,"column":4},"end":{"line":122,"column":5}},"loc":{"start":{"line":122,"column":18},"end":{"line":124,"column":5}},"line":122},"10":{"name":"(anonymous_10)","decl":{"start":{"line":129,"column":4},"end":{"line":129,"column":5}},"loc":{"start":{"line":129,"column":15},"end":{"line":131,"column":5}},"line":129},"11":{"name":"(anonymous_11)","decl":{"start":{"line":152,"column":4},"end":{"line":152,"column":5}},"loc":{"start":{"line":152,"column":75},"end":{"line":156,"column":5}},"line":152},"12":{"name":"(anonymous_12)","decl":{"start":{"line":161,"column":4},"end":{"line":161,"column":5}},"loc":{"start":{"line":161,"column":17},"end":{"line":163,"column":5}},"line":161},"13":{"name":"(anonymous_13)","decl":{"start":{"line":168,"column":4},"end":{"line":168,"column":5}},"loc":{"start":{"line":168,"column":18},"end":{"line":170,"column":5}},"line":168}},"branchMap":{},"s":{"0":1,"1":1,"2":111,"3":111,"4":111,"5":111,"6":111,"7":28,"8":3,"9":11,"10":11,"11":3,"12":1,"13":38,"14":38,"15":4,"16":1,"17":42,"18":42,"19":42,"20":4,"21":4,"22":1,"23":31,"24":31,"25":31,"26":3,"27":3,"28":1},"f":{"0":111,"1":28,"2":3,"3":11,"4":11,"5":3,"6":38,"7":4,"8":42,"9":4,"10":4,"11":31,"12":3,"13":3},"b":{},"inputSourceMap":{"version":3,"file":"/home/usuario/DSI-P6/src/Ejercicio-02/audiovisual.ts","sources":["/home/usuario/DSI-P6/src/Ejercicio-02/audiovisual.ts"],"names":[],"mappings":";;;AAAA;;;;;;;;GAQG;AACH,MAAsB,WAAW;IAO/B;;;;;;;OAOG;IACH,YAAY,IAAY,EAAE,MAAc,EAAE,IAAY,EAAE,KAAa,EAAE,WAAmB;QACxF,IAAI,CAAC,IAAI,GAAG,IAAI,CAAC;QACjB,IAAI,CAAC,MAAM,GAAG,MAAM,CAAC;QACrB,IAAI,CAAC,IAAI,GAAG,IAAI,CAAC;QACjB,IAAI,CAAC,KAAK,GAAG,KAAK,CAAC;QACnB,IAAI,CAAC,WAAW,GAAG,WAAW,CAAC;IACjC,CAAC;IAED;;;OAGG;IACI,OAAO;QACZ,OAAO,IAAI,CAAC,IAAI,CAAC;IACnB,CAAC;IAED;;;OAGG;IACI,SAAS;QACd,OAAO,IAAI,CAAC,MAAM,CAAC;IACrB,CAAC;IAED;;;OAGG;IACI,OAAO;QACZ,OAAO,IAAI,CAAC,IAAI,CAAC;IACnB,CAAC;IAED;;;OAGG;IACI,QAAQ;QACb,OAAO,IAAI,CAAC,KAAK,CAAC;IACpB,CAAC;IAED;;;OAGG;IACI,cAAc;QACnB,OAAO,IAAI,CAAC,WAAW,CAAC;IAC1B,CAAC;CACF;AA9DD,kCA8DC;AAED;;;;;GAKG;AACH,MAAa,UAAW,SAAQ,WAAW;IAGzC;;;;;;;;OAQG;IACH,YAAY,IAAY,EAAE,MAAc,EAAE,IAAY,EAAE,KAAa,EAAE,WAAmB,EAAE,QAAgB;QAC1G,KAAK,CAAC,IAAI,EAAE,MAAM,EAAE,IAAI,EAAE,KAAK,EAAE,WAAW,CAAC,CAAC;QAC9C,IAAI,CAAC,QAAQ,GAAG,QAAQ,CAAC;IAC3B,CAAC;IAED;;;OAGG;IACI,WAAW;QAChB,OAAO,IAAI,CAAC,QAAQ,CAAC;IACvB,CAAC;CACF;AAxBD,gCAwBC;AAED;;;;;;GAMG;AACH,MAAa,IAAK,SAAQ,WAAW;IAInC;;;;;;;;;OASG;IACH,YAAY,IAAY,EAAE,MAAc,EAAE,IAAY,EAAE,KAAa,EAAE,WAAmB,EAAE,QAAgB,EAAE,KAAa;QACzH,KAAK,CAAC,IAAI,EAAE,MAAM,EAAE,IAAI,EAAE,KAAK,EAAE,WAAW,CAAC,CAAC;QAC9C,IAAI,CAAC,QAAQ,GAAG,QAAQ,CAAC;QACzB,IAAI,CAAC,KAAK,GAAG,KAAK,CAAC;IACrB,CAAC;IAED;;;OAGG;IACI,WAAW;QAChB,OAAO,IAAI,CAAC,QAAQ,CAAC;IACvB,CAAC;IAED;;;OAGG;IACI,QAAQ;QACb,OAAO,IAAI,CAAC,KAAK,CAAC;IACpB,CAAC;CACF;AAnCD,oBAmCC;AAED;;;;;;GAMG;AACH,MAAa,KAAM,SAAQ,WAAW;IAIpC;;;;;;;;;OASG;IACH,YAAY,IAAY,EAAE,MAAc,EAAE,IAAY,EAAE,KAAa,EAAE,WAAmB,EAAE,OAAe,EAAE,QAAgB;QAC3H,KAAK,CAAC,IAAI,EAAE,MAAM,EAAE,IAAI,EAAE,KAAK,EAAE,WAAW,CAAC,CAAC;QAC9C,IAAI,CAAC,OAAO,GAAG,OAAO,CAAC;QACvB,IAAI,CAAC,QAAQ,GAAG,QAAQ,CAAC;IAC3B,CAAC;IAED;;;OAGG;IACI,UAAU;QACf,OAAO,IAAI,CAAC,OAAO,CAAC;IACtB,CAAC;IAED;;;OAGG;IACI,WAAW;QAChB,OAAO,IAAI,CAAC,QAAQ,CAAC;IACvB,CAAC;CACF;AAnCD,sBAmCC","sourcesContent":["/**\n * Clase abstracta que representa contenido audiovisual\n * @class Audiovisual\n * @attribute {string} name Nombre del contenido audiovisual\n * @attribute {string} author Autor del contenido audiovisual\n * @attribute {number} year Año de publicación del contenido audiovisual\n * @attribute {string} genre Género del contenido audiovisual\n * @attribute {string} description Descripción del contenido audiovisual\n */\nexport abstract class Audiovisual {\n  private name: string;\n  private author: string;\n  private year: number;\n  private genre: string;\n  private description: string;\n\n  /**\n   * Constructor\n   * @param name {string} Nombre del contenido audiovisual\n   * @param author {string} Autor del contenido audiovisual\n   * @param year {number} Año de publicación del contenido audiovisual\n   * @param genre {string} Género del contenido audiovisual\n   * @param description {string} Descripción del contenido audiovisual\n   */\n  constructor(name: string, author: string, year: number, genre: string, description: string) {\n    this.name = name;\n    this.author = author;\n    this.year = year;\n    this.genre = genre;\n    this.description = description;\n  }\n\n  /**\n   * Método que devuelve el nombre del contenido audiovisual\n   * @returns {string} Nombre del contenido audiovisual\n   */\n  public getName(): string {\n    return this.name;\n  }\n\n  /**\n   * Método que devuelve el autor del contenido audiovisual\n   * @returns {string} Nombre del autor del contenido audiovisual\n   */\n  public getAuthor(): string {\n    return this.author;\n  }\n\n  /**\n   * Método que devuelve el año de publicación del contenido audiovisual\n   * @returns {number} Año de publicación del contenido audiovisual\n   */\n  public getYear(): number {\n    return this.year;\n  }\n\n  /**\n   * Método que devuelve el género del contenido audiovisual\n   * @returns {string} Género del contenido audiovisual\n   */\n  public getGenre(): string {\n    return this.genre;\n  }\n\n  /**\n   * Método que devuelve la descripción del contenido audiovisual\n   * @returns {string} Descripción del contenido audiovisual\n   */\n  public getDescription(): string {\n    return this.description;\n  }\n}\n\n/**\n * Clase que representa un documental\n * @class Documental\n * @extends Audiovisual\n * @attribute {number} duration Duración del documental\n */\nexport class Documental extends Audiovisual {\n  private duration: number;\n\n  /**\n   * Constructor\n   * @param name {string} Nombre del documental\n   * @param author {string} Autor del documental\n   * @param year {number} Año de publicación del documental\n   * @param genre {string} Género del documental\n   * @param description {string} Descripción del documental\n   * @param duration {number} Duración del documental\n   */\n  constructor(name: string, author: string, year: number, genre: string, description: string, duration: number) {\n    super(name, author, year, genre, description);\n    this.duration = duration;\n  }\n\n  /**\n   * Método que devuelve la duración del documental\n   * @returns {number} Duración del documental\n   */\n  public getDuration(): number {\n    return this.duration;\n  }\n}\n\n/**\n * Clase que representa una película\n * @class Film\n * @extends Audiovisual\n * @attribute {number} duration Duración de la película\n * @attribute {number} stars Número de estrellas de la película\n */\nexport class Film extends Audiovisual {\n  private duration: number;\n  private stars: number;\n\n  /**\n   * Constructor\n   * @param name {string} Nombre de la película\n   * @param author {string} Autor de la película\n   * @param year {number} Año de publicación de la película\n   * @param genre {string} Género de la película\n   * @param description {string} Descripción de la película\n   * @param duration {number} Duración de la película\n   * @param stars {number} Número de estrellas de la película\n   */\n  constructor(name: string, author: string, year: number, genre: string, description: string, duration: number, stars: number) {\n    super(name, author, year, genre, description);\n    this.duration = duration;\n    this.stars = stars;\n  }\n\n  /**\n   * Método que devuelve la duración de la película\n   * @returns {number} Duración de la película\n   */\n  public getDuration(): number {\n    return this.duration;\n  }\n\n  /**\n   * Método que devuelve el número de estrellas de la película\n   * @returns {number} Número de estrellas de la película\n   */\n  public getStars(): number {\n    return this.stars;\n  }\n}\n\n/**\n * Clase que representa una serie\n * @class Serie\n * @extends Audiovisual\n * @attribute {number} seasons Número de temporadas de la serie\n * @attribute {number} episodes Número de episodios de la serie\n */\nexport class Serie extends Audiovisual {\n  private seasons: number;\n  private episodes: number;\n\n  /**\n   * Constructor\n   * @param name {string} Nombre de la serie\n   * @param author {string} Autor de la serie\n   * @param year {number} Año de publicación de la serie\n   * @param genre {string} Género de la serie\n   * @param description {string} Descripción de la serie\n   * @param seasons {number} Número de temporadas de la serie\n   * @param episodes {number} Número de episodios de la serie\n   */\n  constructor(name: string, author: string, year: number, genre: string, description: string, seasons: number, episodes: number) {\n    super(name, author, year, genre, description);\n    this.seasons = seasons;\n    this.episodes = episodes;\n  }\n\n  /**\n   * Método que devuelve el número de temporadas de la serie\n   * @returns {number} Número de temporadas de la serie\n   */\n  public getSeasons(): number {\n    return this.seasons;\n  }\n\n  /**\n   * Método que devuelve el número de episodios de la serie\n   * @returns {number} Número de episodios de la serie\n   */\n  public getEpisodes(): number {\n    return this.episodes;\n  }\n}"]},"_coverageSchema":"1a1c01bbd47fc00a2c39e90264f33305004495a9","hash":"2420eab537545aa5bfe693820f1d6a29e2fec6fc","contentHash":"18ba10081f6e0438989d87b1bd0d8e60b0bba35072fe395b6727fa7a21679f0d"},"/home/usuario/DSI-P6/src/Ejercicio-02/DocumentalsCollection.ts":{"path":"/home/usuario/DSI-P6/src/Ejercicio-02/DocumentalsCollection.ts","statementMap":{"0":{"start":{"line":2,"column":0},"end":{"line":2,"column":62}},"1":{"start":{"line":3,"column":0},"end":{"line":3,"column":39}},"2":{"start":{"line":4,"column":36},"end":{"line":4,"column":74}},"3":{"start":{"line":17,"column":8},"end":{"line":17,"column":68}},"4":{"start":{"line":17,"column":43},"end":{"line":17,"column":66}},"5":{"start":{"line":25,"column":8},"end":{"line":25,"column":68}},"6":{"start":{"line":25,"column":43},"end":{"line":25,"column":66}},"7":{"start":{"line":33,"column":8},"end":{"line":33,"column":70}},"8":{"start":{"line":33,"column":43},"end":{"line":33,"column":68}},"9":{"start":{"line":41,"column":8},"end":{"line":41,"column":76}},"10":{"start":{"line":41,"column":43},"end":{"line":41,"column":74}},"11":{"start":{"line":44,"column":0},"end":{"line":44,"column":54}}},"fnMap":{"0":{"name":"(anonymous_0)","decl":{"start":{"line":16,"column":4},"end":{"line":16,"column":5}},"loc":{"start":{"line":16,"column":23},"end":{"line":18,"column":5}},"line":16},"1":{"name":"(anonymous_1)","decl":{"start":{"line":17,"column":33},"end":{"line":17,"column":34}},"loc":{"start":{"line":17,"column":43},"end":{"line":17,"column":66}},"line":17},"2":{"name":"(anonymous_2)","decl":{"start":{"line":24,"column":4},"end":{"line":24,"column":5}},"loc":{"start":{"line":24,"column":23},"end":{"line":26,"column":5}},"line":24},"3":{"name":"(anonymous_3)","decl":{"start":{"line":25,"column":33},"end":{"line":25,"column":34}},"loc":{"start":{"line":25,"column":43},"end":{"line":25,"column":66}},"line":25},"4":{"name":"(anonymous_4)","decl":{"start":{"line":32,"column":4},"end":{"line":32,"column":5}},"loc":{"start":{"line":32,"column":25},"end":{"line":34,"column":5}},"line":32},"5":{"name":"(anonymous_5)","decl":{"start":{"line":33,"column":33},"end":{"line":33,"column":34}},"loc":{"start":{"line":33,"column":43},"end":{"line":33,"column":68}},"line":33},"6":{"name":"(anonymous_6)","decl":{"start":{"line":40,"column":4},"end":{"line":40,"column":5}},"loc":{"start":{"line":40,"column":31},"end":{"line":42,"column":5}},"line":40},"7":{"name":"(anonymous_7)","decl":{"start":{"line":41,"column":33},"end":{"line":41,"column":34}},"loc":{"start":{"line":41,"column":43},"end":{"line":41,"column":74}},"line":41}},"branchMap":{},"s":{"0":1,"1":1,"2":1,"3":1,"4":3,"5":1,"6":3,"7":1,"8":3,"9":1,"10":3,"11":1},"f":{"0":1,"1":3,"2":1,"3":3,"4":1,"5":3,"6":1,"7":3},"b":{},"inputSourceMap":{"version":3,"file":"/home/usuario/DSI-P6/src/Ejercicio-02/DocumentalsCollection.ts","sources":["/home/usuario/DSI-P6/src/Ejercicio-02/DocumentalsCollection.ts"],"names":[],"mappings":";;;AAAA,2EAAwE;AAGxE;;;;GAIG;AACH,MAAa,qBAAsB,SAAQ,qDAAqC;IAC9E;;;;OAIG;IACI,YAAY,CAAC,IAAY;QAC9B,OAAO,IAAI,CAAC,KAAK,CAAC,MAAM,CAAC,CAAC,IAAI,EAAE,EAAE,CAAC,IAAI,CAAC,OAAO,EAAE,KAAK,IAAI,CAAC,CAAC;IAC9D,CAAC;IAED;;;;OAIG;IACI,YAAY,CAAC,IAAY;QAC9B,OAAO,IAAI,CAAC,KAAK,CAAC,MAAM,CAAC,CAAC,IAAI,EAAE,EAAE,CAAC,IAAI,CAAC,OAAO,EAAE,KAAK,IAAI,CAAC,CAAC;IAC9D,CAAC;IAED;;;;OAIG;IACI,aAAa,CAAC,KAAa;QAChC,OAAO,IAAI,CAAC,KAAK,CAAC,MAAM,CAAC,CAAC,IAAI,EAAE,EAAE,CAAC,IAAI,CAAC,QAAQ,EAAE,KAAK,KAAK,CAAC,CAAC;IAChE,CAAC;IAED;;;;OAIG;IACI,gBAAgB,CAAC,QAAgB;QACtC,OAAO,IAAI,CAAC,KAAK,CAAC,MAAM,CAAC,CAAC,IAAI,EAAE,EAAE,CAAC,IAAI,CAAC,WAAW,EAAE,KAAK,QAAQ,CAAC,CAAC;IACtE,CAAC;CACF;AApCD,sDAoCC","sourcesContent":["import { BasicStreamableCollection } from './BasicStreamableCollection';\nimport { Documental } from './audiovisual';\n\n/**\n * Clase que representa una colección de documentales\n * @class DocumentalsCollection\n * @extends BasicStreamableCollection\n */\nexport class DocumentalsCollection extends BasicStreamableCollection<Documental> {\n  /**\n   * Método que busca un documental en la colección por su nombre\n   * @param name {string} Nombre del documental\n   * @returns {Documental[]} Colección de documentales\n   */\n  public searchByName(name: string): Documental[] {\n    return this.items.filter((item) => item.getName() === name);\n  }\n\n  /**\n   * Método que busca un documental en la colección por su año\n   * @param year {number} Año del documental\n   * @returns {Documental[]} Colección de documentales\n   */\n  public searchByYear(year: number): Documental[] {\n    return this.items.filter((item) => item.getYear() === year);\n  }\n\n  /**\n   * Método que busca un documental en la colección por su género\n   * @param genre {string} Género del documental\n   * @returns {Documental[]} Colección de documentales\n   */\n  public searchByGenre(genre: string): Documental[] {\n    return this.items.filter((item) => item.getGenre() === genre);\n  }\n\n  /**\n   * Método que busca un documental en la colección por su duración\n   * @param duration {number} Duración del documental\n   * @returns {Documental[]} Colección de documentales\n   */\n  public searchByDuration(duration: number): Documental[] {\n    return this.items.filter((item) => item.getDuration() === duration);\n  }\n}"]},"_coverageSchema":"1a1c01bbd47fc00a2c39e90264f33305004495a9","hash":"b86960bde911f7896a2fbdc9da433f10e3280f13","contentHash":"c96abb95853e13e1c3657b130e3ca508429e2b7dcbb8b8482e6f8f793357cc06"},"/home/usuario/DSI-P6/src/Ejercicio-02/BasicStreamableCollection.ts":{"path":"/home/usuario/DSI-P6/src/Ejercicio-02/BasicStreamableCollection.ts","statementMap":{"0":{"start":{"line":2,"column":0},"end":{"line":2,"column":62}},"1":{"start":{"line":3,"column":0},"end":{"line":3,"column":43}},"2":{"start":{"line":14,"column":8},"end":{"line":14,"column":24}},"3":{"start":{"line":21,"column":8},"end":{"line":21,"column":30}},"4":{"start":{"line":28,"column":8},"end":{"line":28,"column":26}},"5":{"start":{"line":36,"column":8},"end":{"line":36,"column":33}},"6":{"start":{"line":43,"column":8},"end":{"line":43,"column":36}},"7":{"start":{"line":50,"column":8},"end":{"line":50,"column":33}},"8":{"start":{"line":53,"column":0},"end":{"line":53,"column":62}}},"fnMap":{"0":{"name":"(anonymous_0)","decl":{"start":{"line":13,"column":4},"end":{"line":13,"column":5}},"loc":{"start":{"line":13,"column":18},"end":{"line":15,"column":5}},"line":13},"1":{"name":"(anonymous_1)","decl":{"start":{"line":20,"column":4},"end":{"line":20,"column":5}},"loc":{"start":{"line":20,"column":18},"end":{"line":22,"column":5}},"line":20},"2":{"name":"(anonymous_2)","decl":{"start":{"line":27,"column":4},"end":{"line":27,"column":5}},"loc":{"start":{"line":27,"column":15},"end":{"line":29,"column":5}},"line":27},"3":{"name":"(anonymous_3)","decl":{"start":{"line":35,"column":4},"end":{"line":35,"column":5}},"loc":{"start":{"line":35,"column":19},"end":{"line":37,"column":5}},"line":35},"4":{"name":"(anonymous_4)","decl":{"start":{"line":42,"column":4},"end":{"line":42,"column":5}},"loc":{"start":{"line":42,"column":22},"end":{"line":44,"column":5}},"line":42},"5":{"name":"(anonymous_5)","decl":{"start":{"line":49,"column":4},"end":{"line":49,"column":5}},"loc":{"start":{"line":49,"column":23},"end":{"line":51,"column":5}},"line":49}},"branchMap":{},"s":{"0":1,"1":1,"2":32,"3":88,"4":9,"5":3,"6":3,"7":3,"8":1},"f":{"0":32,"1":88,"2":9,"3":3,"4":3,"5":3},"b":{},"inputSourceMap":{"version":3,"file":"/home/usuario/DSI-P6/src/Ejercicio-02/BasicStreamableCollection.ts","sources":["/home/usuario/DSI-P6/src/Ejercicio-02/BasicStreamableCollection.ts"],"names":[],"mappings":";;;AAEA;;;;GAIG;AACH,MAAsB,yBAAyB;IAG7C;;OAEG;IACH;QACE,IAAI,CAAC,KAAK,GAAG,EAAE,CAAC;IAClB,CAAC;IAED;;;OAGG;IACI,OAAO,CAAC,IAAO;QACpB,IAAI,CAAC,KAAK,CAAC,IAAI,CAAC,IAAI,CAAC,CAAC;IACxB,CAAC;IAED;;;OAGG;IACI,QAAQ;QACb,OAAO,IAAI,CAAC,KAAK,CAAC;IACpB,CAAC;IAED;;;;OAIG;IACI,OAAO,CAAC,KAAa;QAC1B,OAAO,IAAI,CAAC,KAAK,CAAC,KAAK,CAAC,CAAC;IAC3B,CAAC;IAED;;;OAGG;IACI,UAAU,CAAC,KAAa;QAC7B,IAAI,CAAC,KAAK,CAAC,MAAM,CAAC,KAAK,EAAE,CAAC,CAAC,CAAC;IAC9B,CAAC;IAED;;;OAGG;IACI,gBAAgB;QACrB,OAAO,IAAI,CAAC,KAAK,CAAC,MAAM,CAAC;IAC3B,CAAC;CAmBF;AApED,8DAoEC","sourcesContent":["import { Streamable } from './Streamable';\n\n/**\n * Clase abstracta que representa una colección de contenido audiovisual\n * @class StreamableCollection\n * @attribute {T[]} items Colección de contenido audiovisual\n */\nexport abstract class BasicStreamableCollection <T> implements Streamable <T> {\n  items: T[];\n\n  /**\n   * Constructor\n   */\n  constructor() {\n    this.items = [];\n  }\n\n  /**\n   * Método que añade un item a la colección\n   * @param item {T} Item a añadir\n   */\n  public addItem(item: T): void {\n    this.items.push(item);\n  }\n\n  /**\n   * Método que devuelve todos los items de la colección\n   * @returns {T[]} Colección de items\n   */\n  public getItems(): T[] {\n    return this.items;\n  }\n\n  /**\n   * Método que devuelve el item de la colección en la posición indicada\n   * @param index {number} Posición del item a devolver\n   * @returns {T} Item en la posición indicada\n   */\n  public getItem(index: number): T {\n    return this.items[index];\n  }\n\n  /**\n   * Método que elimina un item de la colección\n   * @param index {number} Posición del item a eliminar\n   */\n  public removeItem(index: number): void {\n    this.items.splice(index, 1);\n  }\n\n  /**\n   * Método que devuelve el número de items de la colección\n   * @returns {number} Número de items de la colección\n   */\n  public getNumberOfItems(): number {\n    return this.items.length;\n  }\n\n  /**\n   * Método que busca un item en la colección por su nombre\n   * @param name {string} Nombre del item\n   */\n  public abstract searchByName(name: string): T[];\n\n  /**\n   * Método que busca un item en la colección por su año\n   * @param year {number} Año del item\n   */\n  public abstract searchByYear(year: number): T[];\n\n  /**\n   * Método que busca un item en la colección por su género\n   * @param genre {string} Género del item\n   */\n  public abstract searchByGenre(genre: string): T[];\n}"]},"_coverageSchema":"1a1c01bbd47fc00a2c39e90264f33305004495a9","hash":"8123a514a1ac75d6d55d3e75e3e696f41169c8b7","contentHash":"728aa770ba69ae1677db6321ff8b5a0fc232da81bce2361da5917143d1f47a5e"},"/home/usuario/DSI-P6/src/Ejercicio-02/FilmsCollection.ts":{"path":"/home/usuario/DSI-P6/src/Ejercicio-02/FilmsCollection.ts","statementMap":{"0":{"start":{"line":2,"column":0},"end":{"line":2,"column":62}},"1":{"start":{"line":3,"column":0},"end":{"line":3,"column":33}},"2":{"start":{"line":4,"column":36},"end":{"line":4,"column":74}},"3":{"start":{"line":17,"column":8},"end":{"line":17,"column":68}},"4":{"start":{"line":17,"column":43},"end":{"line":17,"column":66}},"5":{"start":{"line":25,"column":8},"end":{"line":25,"column":68}},"6":{"start":{"line":25,"column":43},"end":{"line":25,"column":66}},"7":{"start":{"line":33,"column":8},"end":{"line":33,"column":70}},"8":{"start":{"line":33,"column":43},"end":{"line":33,"column":68}},"9":{"start":{"line":41,"column":8},"end":{"line":41,"column":76}},"10":{"start":{"line":41,"column":43},"end":{"line":41,"column":74}},"11":{"start":{"line":49,"column":8},"end":{"line":49,"column":70}},"12":{"start":{"line":49,"column":43},"end":{"line":49,"column":68}},"13":{"start":{"line":52,"column":0},"end":{"line":52,"column":42}}},"fnMap":{"0":{"name":"(anonymous_0)","decl":{"start":{"line":16,"column":4},"end":{"line":16,"column":5}},"loc":{"start":{"line":16,"column":23},"end":{"line":18,"column":5}},"line":16},"1":{"name":"(anonymous_1)","decl":{"start":{"line":17,"column":33},"end":{"line":17,"column":34}},"loc":{"start":{"line":17,"column":43},"end":{"line":17,"column":66}},"line":17},"2":{"name":"(anonymous_2)","decl":{"start":{"line":24,"column":4},"end":{"line":24,"column":5}},"loc":{"start":{"line":24,"column":23},"end":{"line":26,"column":5}},"line":24},"3":{"name":"(anonymous_3)","decl":{"start":{"line":25,"column":33},"end":{"line":25,"column":34}},"loc":{"start":{"line":25,"column":43},"end":{"line":25,"column":66}},"line":25},"4":{"name":"(anonymous_4)","decl":{"start":{"line":32,"column":4},"end":{"line":32,"column":5}},"loc":{"start":{"line":32,"column":25},"end":{"line":34,"column":5}},"line":32},"5":{"name":"(anonymous_5)","decl":{"start":{"line":33,"column":33},"end":{"line":33,"column":34}},"loc":{"start":{"line":33,"column":43},"end":{"line":33,"column":68}},"line":33},"6":{"name":"(anonymous_6)","decl":{"start":{"line":40,"column":4},"end":{"line":40,"column":5}},"loc":{"start":{"line":40,"column":31},"end":{"line":42,"column":5}},"line":40},"7":{"name":"(anonymous_7)","decl":{"start":{"line":41,"column":33},"end":{"line":41,"column":34}},"loc":{"start":{"line":41,"column":43},"end":{"line":41,"column":74}},"line":41},"8":{"name":"(anonymous_8)","decl":{"start":{"line":48,"column":4},"end":{"line":48,"column":5}},"loc":{"start":{"line":48,"column":25},"end":{"line":50,"column":5}},"line":48},"9":{
[...]
line":48,"column":31},"end":{"line":50,"column":5}},"line":48},"9":{"name":"(anonymous_9)","decl":{"start":{"line":49,"column":33},"end":{"line":49,"column":34}},"loc":{"start":{"line":49,"column":43},"end":{"line":49,"column":74}},"line":49}},"branchMap":{},"s":{"0":1,"1":1,"2":1,"3":1,"4":2,"5":1,"6":2,"7":1,"8":2,"9":1,"10":2,"11":1,"12":2,"13":1},"f":{"0":1,"1":2,"2":1,"3":2,"4":1,"5":2,"6":1,"7":2,"8":1,"9":2},"b":{},"inputSourceMap":{"version":3,"file":"/home/usuario/DSI-P6/src/Ejercicio-02/SeriesCollection.ts","sources":["/home/usuario/DSI-P6/src/Ejercicio-02/SeriesCollection.ts"],"names":[],"mappings":";;;AAAA,2EAAwE;AAGxE;;;;GAIG;AACH,MAAa,gBAAiB,SAAQ,qDAAgC;IACpE;;;;OAIG;IACI,YAAY,CAAC,IAAY;QAC9B,OAAO,IAAI,CAAC,KAAK,CAAC,MAAM,CAAC,CAAC,IAAI,EAAE,EAAE,CAAC,IAAI,CAAC,OAAO,EAAE,KAAK,IAAI,CAAC,CAAC;IAC9D,CAAC;IAED;;;;OAIG;IACI,YAAY,CAAC,IAAY;QAC9B,OAAO,IAAI,CAAC,KAAK,CAAC,MAAM,CAAC,CAAC,IAAI,EAAE,EAAE,CAAC,IAAI,CAAC,OAAO,EAAE,KAAK,IAAI,CAAC,CAAC;IAC9D,CAAC;IACD;;;;OAIG;IACI,aAAa,CAAC,KAAa;QAChC,OAAO,IAAI,CAAC,KAAK,CAAC,MAAM,CAAC,CAAC,IAAI,EAAE,EAAE,CAAC,IAAI,CAAC,QAAQ,EAAE,KAAK,KAAK,CAAC,CAAC;IAChE,CAAC;IACD;;;;OAIG;IACI,eAAe,CAAC,OAAe;QACpC,OAAO,IAAI,CAAC,KAAK,CAAC,MAAM,CAAC,CAAC,IAAI,EAAE,EAAE,CAAC,IAAI,CAAC,UAAU,EAAE,KAAK,OAAO,CAAC,CAAC;IACpE,CAAC;IAED;;;;OAIG;IACI,gBAAgB,CAAC,QAAgB;QACtC,OAAO,IAAI,CAAC,KAAK,CAAC,MAAM,CAAC,CAAC,IAAI,EAAE,EAAE,CAAC,IAAI,CAAC,WAAW,EAAE,KAAK,QAAQ,CAAC,CAAC;IACtE,CAAC;CACF;AA3CD,4CA2CC","sourcesContent":["import { BasicStreamableCollection } from './BasicStreamableCollection';\nimport { Serie } from './audiovisual';\n\n/**\n * Clase que representa una colección de series\n * @class SeriesCollection\n * @extends BasicStreamableCollection\n */\nexport class SeriesCollection extends BasicStreamableCollection<Serie> {\n  /**\n   * Método que busca una serie en la colección por su nombre\n   * @param name {string} Nombre de la serie\n   * @returns {Serie[]} Colección de series\n   */\n  public searchByName(name: string): Serie[] {\n    return this.items.filter((item) => item.getName() === name);\n  }\n\n  /**\n   * Método que busca una serie en la colección por su año\n   * @param year {number} Año de la serie\n   * @returns {Serie[]} Colección de series\n   */\n  public searchByYear(year: number): Serie[] {\n    return this.items.filter((item) => item.getYear() === year);\n  }\n  /**\n   * Método que busca una serie en la colección por su género\n   * @param genre {string} Género de la serie\n   * @returns {Serie[]} Colección de series\n   */\n  public searchByGenre(genre: string): Serie[] {\n    return this.items.filter((item) => item.getGenre() === genre);\n  }\n  /**\n   * Método que busca una serie en la colección por su número de temporadas\n   * @param seasons {number} Número de temporadas de la serie\n   * @returns {Serie[]} Colección de series\n   */\n  public searchBySeasons(seasons: number): Serie[] {\n    return this.items.filter((item) => item.getSeasons() === seasons);\n  }\n\n  /**\n   * Método que busca una serie en la colección por su duración\n   * @param episodes {number} Número de episodios de la serie\n   * @returns {Serie[]} Colección de series\n   */\n  public searchByEpisodes(episodes: number): Serie[] {\n    return this.items.filter((item) => item.getEpisodes() === episodes);\n  }\n}"]},"_coverageSchema":"1a1c01bbd47fc00a2c39e90264f33305004495a9","hash":"871bd185a3aaa3dadb6840a3d951f94aef8e417f","contentHash":"44a7b7cbd643d78f6ae3e3878b3ecadd17cec1c75d57448315ed01c5969a5ce3"},"/home/usuario/DSI-P6/src/Ejercicio-03/Cifrado.ts":{"path":"/home/usuario/DSI-P6/src/Ejercicio-03/Cifrado.ts","statementMap":{"0":{"start":{"line":2,"column":0},"end":{"line":2,"column":62}},"1":{"start":{"line":3,"column":0},"end":{"line":3,"column":25}},"2":{"start":{"line":20,"column":8},"end":{"line":20,"column":28}},"3":{"start":{"line":21,"column":8},"end":{"line":21,"column":28}},"4":{"start":{"line":22,"column":8},"end":{"line":22,"column":66}},"5":{"start":{"line":29,"column":27},"end":{"line":29,"column":29}},"6":{"start":{"line":30,"column":20},"end":{"line":30,"column":21}},"7":{"start":{"line":31,"column":8},"end":{"line":41,"column":9}},"8":{"start":{"line":31,"column":21},"end":{"line":31,"column":22}},"9":{"start":{"line":32,"column":29},"end":{"line":32,"column":67}},"10":{"start":{"line":33,"column":12},"end":{"line":40,"column":13}},"11":{"start":{"line":34,"column":16},"end":{"line":34,"column":84}},"12":{"start":{"line":35,"column":16},"end":{"line":36,"column":43}},"13":{"start":{"line":39,"column":16},"end":{"line":39,"column":47}},"14":{"start":{"line":42,"column":8},"end":{"line":42,"column":28}},"15":{"start":{"line":49,"column":30},"end":{"line":49,"column":32}},"16":{"start":{"line":50,"column":20},"end":{"line":50,"column":21}},"17":{"start":{"line":51,"column":8},"end":{"line":61,"column":9}},"18":{"start":{"line":51,"column":21},"end":{"line":51,"column":22}},"19":{"start":{"line":52,"column":29},"end":{"line":52,"column":67}},"20":{"start":{"line":53,"column":12},"end":{"line":60,"column":13}},"21":{"start":{"line":54,"column":16},"end":{"line":54,"column":84}},"22":{"start":{"line":55,"column":16},"end":{"line":56,"column":68}},"23":{"start":{"line":59,"column":16},"end":{"line":59,"column":50}},"24":{"start":{"line":62,"column":8},"end":{"line":62,"column":31}},"25":{"start":{"line":65,"column":0},"end":{"line":65,"column":26}}},"fnMap":{"0":{"name":"(anonymous_0)","decl":{"start":{"line":19,"column":4},"end":{"line":19,"column":5}},"loc":{"start":{"line":19,"column":40},"end":{"line":23,"column":5}},"line":19},"1":{"name":"(anonymous_1)","decl":{"start":{"line":28,"column":4},"end":{"line":28,"column":5}},"loc":{"start":{"line":28,"column":13},"end":{"line":43,"column":5}},"line":28},"2":{"name":"(anonymous_2)","decl":{"start":{"line":48,"column":4},"end":{"line":48,"column":5}},"loc":{"start":{"line":48,"column":16},"end":{"line":63,"column":5}},"line":48}},"branchMap":{"0":{"loc":{"start":{"line":22,"column":25},"end":{"line":22,"column":65}},"type":"binary-expr","locations":[{"start":{"line":22,"column":25},"end":{"line":22,"column":33}},{"start":{"line":22,"column":37},"end":{"line":22,"column":65}}],"line":22},"1":{"loc":{"start":{"line":33,"column":12},"end":{"line":40,"column":13}},"type":"if","locations":[{"start":{"line":33,"column":12},"end":{"line":40,"column":13}},{"start":{"line":33,"column":12},"end":{"line":40,"column":13}}],"line":33},"2":{"loc":{"start":{"line":53,"column":12},"end":{"line":60,"column":13}},"type":"if","locations":[{"start":{"line":53,"column":12},"end":{"line":60,"column":13}},{"start":{"line":53,"column":12},"end":{"line":60,"column":13}}],"line":53}},"s":{"0":1,"1":1,"2":4,"3":4,"4":4,"5":2,"6":2,"7":2,"8":2,"9":14,"10":14,"11":13,"12":13,"13":1,"14":2,"15":2,"16":2,"17":2,"18":2,"19":14,"20":14,"21":13,"22":13,"23":1,"24":2,"25":1},"f":{"0":4,"1":2,"2":2},"b":{"0":[4,4],"1":[13,1],"2":[13,1]},"inputSourceMap":{"version":3,"file":"/home/usuario/DSI-P6/src/Ejercicio-03/Cifrado.ts","sources":["/home/usuario/DSI-P6/src/Ejercicio-03/Cifrado.ts"],"names":[],"mappings":";;;AAAA;;;;;;;GAOG;AACH,MAAa,OAAO;IAKlB;;;;;OAKG;IACH,YAAY,KAAa,EAAE,KAAa,EAAE,QAAiB;QACzD,IAAI,CAAC,MAAM,GAAG,KAAK,CAAC;QACpB,IAAI,CAAC,MAAM,GAAG,KAAK,CAAC;QACpB,IAAI,CAAC,SAAS,GAAG,QAAQ,IAAI,4BAA4B,CAAC;IAC5D,CAAC;IAED;;;OAGG;IACI,MAAM;QACX,IAAI,YAAY,GAAW,EAAE,CAAC;QAC9B,IAAI,KAAK,GAAW,CAAC,CAAC;QAEtB,KAAK,IAAI,CAAC,GAAG,CAAC,EAAE,CAAC,GAAG,IAAI,CAAC,MAAM,CAAC,MAAM,EAAE,CAAC,EAAE,EAAE;YAC3C,MAAM,QAAQ,GAAW,IAAI,CAAC,SAAS,CAAC,OAAO,CAAC,IAAI,CAAC,MAAM,CAAC,CAAC,CAAC,CAAC,CAAC;YAChE,IAAI,QAAQ,KAAK,CAAC,CAAC,EAAE;gBACnB,KAAK,GAAG,IAAI,CAAC,SAAS,CAAC,OAAO,CAAC,IAAI,CAAC,MAAM,CAAC,CAAC,GAAG,IAAI,CAAC,MAAM,CAAC,MAAM,CAAC,CAAC,CAAC;gBACpE,YAAY,IAAI,IAAI,CAAC,SAAS,CAAC,CAAC,QAAQ,GAAG,KAAK,CAAC;oBAC7C,IAAI,CAAC,SAAS,CAAC,MAAM,CAAC,CAAC;aAC5B;iBAAM;gBACL,YAAY,IAAI,IAAI,CAAC,MAAM,CAAC,CAAC,CAAC,CAAC;aAChC;SACF;QAED,OAAO,YAAY,CAAC;IACtB,CAAC;IAED;;;OAGG;IACI,SAAS;QACd,IAAI,eAAe,GAAW,EAAE,CAAC;QACjC,IAAI,KAAK,GAAW,CAAC,CAAC;QAEtB,KAAK,IAAI,CAAC,GAAG,CAAC,EAAE,CAAC,GAAG,IAAI,CAAC,MAAM,CAAC,MAAM,EAAE,CAAC,EAAE,EAAE;YAC3C,MAAM,QAAQ,GAAW,IAAI,CAAC,SAAS,CAAC,OAAO,CAAC,IAAI,CAAC,MAAM,CAAC,CAAC,CAAC,CAAC,CAAC;YAChE,IAAI,QAAQ,KAAK,CAAC,CAAC,EAAE;gBACnB,KAAK,GAAG,IAAI,CAAC,SAAS,CAAC,OAAO,CAAC,IAAI,CAAC,MAAM,CAAC,CAAC,GAAG,IAAI,CAAC,MAAM,CAAC,MAAM,CAAC,CAAC,CAAC;gBACpE,eAAe,IAAI,IAAI,CAAC,SAAS,CAAC,CAAC,QAAQ,GAAG,KAAK;oBAC/C,IAAI,CAAC,SAAS,CAAC,MAAM,CAAC,GAAG,IAAI,CAAC,SAAS,CAAC,MAAM,CAAC,CAAC;aACrD;iBAAM;gBACL,eAAe,IAAI,IAAI,CAAC,MAAM,CAAC,CAAC,CAAC,CAAC;aACnC;SACF;QAED,OAAO,eAAe,CAAC;IACzB,CAAC;CACF;AA5DD,0BA4DC","sourcesContent":["/**\n * Clase que representa el cifrado y descifrados de un texto\n * mediante el cifrado de César\n * @class Cifrado\n * @attribute {string} _texto Texto a cifrar o descifrar\n * @attribute {string} _clave Clave para el cifrado\n * @attribute {string} _alfabeto\n */\nexport class Cifrado {\n  private _texto: string;\n  private _clave: string;\n  private _alfabeto: string;\n\n  /**\n   * Constructor de la clase Cifrado\n   * @param texto Texto a cifrar o descifrar\n   * @param clave Clave para el cifrado\n   * @param alfabeto Alfabeto para el cifrado\n   */\n  constructor(texto: string, clave: string, alfabeto?: string) {\n    this._texto = texto;\n    this._clave = clave;\n    this._alfabeto = alfabeto || 'abcdefghijklmnopqrstuvwxyz';\n  }\n\n  /**\n   * Método que devuelve el texto cifrado\n   * @returns {string} Texto cifrado\n   */\n  public cifrar(): string {\n    let textoCifrado: string = '';\n    let clave: number = 0;\n\n    for (let i = 0; i < this._texto.length; i++) {\n      const posicion: number = this._alfabeto.indexOf(this._texto[i]);\n      if (posicion !== -1) {\n        clave = this._alfabeto.indexOf(this._clave[i % this._clave.length]);\n        textoCifrado += this._alfabeto[(posicion + clave) %\n            this._alfabeto.length];\n      } else {\n        textoCifrado += this._texto[i];\n      }\n    }\n\n    return textoCifrado;\n  }\n\n  /**\n   * Método que devuelve el texto descifrado\n   * @returns {string} Texto descifrado\n   */\n  public descifrar(): string {\n    let textoDescifrado: string = '';\n    let clave: number = 0;\n\n    for (let i = 0; i < this._texto.length; i++) {\n      const posicion: number = this._alfabeto.indexOf(this._texto[i]);\n      if (posicion !== -1) {\n        clave = this._alfabeto.indexOf(this._clave[i % this._clave.length]);\n        textoDescifrado += this._alfabeto[(posicion - clave +\n            this._alfabeto.length) % this._alfabeto.length];\n      } else {\n        textoDescifrado += this._texto[i];\n      }\n    }\n\n    return textoDescifrado;\n  }\n}"]},"_coverageSchema":"1a1c01bbd47fc00a2c39e90264f33305004495a9","hash":"306a46bfe72f17c73eb514530973d05794e4f48c","contentHash":"49c903764f04e53605bb2c2808dba6b6e0415248240d71f0b8e16a72373b2055"},"/home/usuario/DSI-P6/src/Ejercicio-04/NumericSearchableCollection.ts":{"path":"/home/usuario/DSI-P6/src/Ejercicio-04/NumericSearchableCollection.ts","statementMap":{"0":{"start":{"line":2,"column":0},"end":{"line":2,"column":62}},"1":{"start":{"line":3,"column":0},"end":{"line":3,"column":45}},"2":{"start":{"line":4,"column":31},"end":{"line":4,"column":64}},"3":{"start":{"line":22,"column":8},"end":{"line":22,"column":64}},"4":{"start":{"line":22,"column":43},"end":{"line":22,"column":62}},"5":{"start":{"line":25,"column":0},"end":{"line":25,"column":66}}},"fnMap":{"0":{"name":"(anonymous_0)","decl":{"start":{"line":21,"column":4},"end":{"line":21,"column":5}},"loc":{"start":{"line":21,"column":23},"end":{"line":23,"column":5}},"line":21},"1":{"name":"(anonymous_1)","decl":{"start":{"line":22,"column":33},"end":{"line":22,"column":34}},"loc":{"start":{"line":22,"column":43},"end":{"line":22,"column":62}},"line":22}},"branchMap":{},"s":{"0":1,"1":1,"2":1,"3":2,"4":10,"5":1},"f":{"0":2,"1":10},"b":{},"inputSourceMap":{"version":3,"file":"/home/usuario/DSI-P6/src/Ejercicio-04/NumericSearchableCollection.ts","sources":["/home/usuario/DSI-P6/src/Ejercicio-04/NumericSearchableCollection.ts"],"names":[],"mappings":";;;AAAA,iEAA8D;AAE9D;;;;;;;GAOG;AACH,MAAa,2BACX,SAAQ,2CAAwB;IAChC;;;;;;OAMG;IACH,MAAM,CAAC,UAAa;QAClB,OAAO,IAAI,CAAC,KAAK,CAAC,MAAM,CAAC,CAAC,IAAI,EAAE,EAAE,CAAC,IAAI,KAAK,UAAU,CAAC,CAAC;IAC1D,CAAC;CACF;AAZD,kEAYC","sourcesContent":["import { SearchableCollection } from './SearchableCollection';\n\n/**\n * NumericSearchableCollection es una clase que define una colección de\n * números que pueden ser buscados.\n * @class NumericSearchableCollection\n * @extends {SearchableCollection<number>}\n * @implements {Searchable<number>}\n * @implements {Collectable<number>}\n */\nexport class NumericSearchableCollection <T extends number>\n  extends SearchableCollection <T> {\n  /**\n   * Método que realiza una búsqueda en la colección y devuelve todos los\n   * elementos que coincidan con el término de búsqueda.\n   * @param searchTerm Elemento a buscar.\n   * @returns {number[]} Elementos que coinciden con el término de búsqueda.\n   * @returns {undefined} Si no hay elementos que coincidan con el término de\n   */\n  search(searchTerm: T): T[] | undefined {\n    return this.items.filter((item) => item === searchTerm);\n  }\n}"]},"_coverageSchema":"1a1c01bbd47fc00a2c39e90264f33305004495a9","hash":"8bcaa926025e12d888b6b1a640dbb09773867545","contentHash":"9a2d5498434632e044d4a7ca905f244945fd63e7fcdd7841d3097bc6966aa030"},"/home/usuario/DSI-P6/src/Ejercicio-04/SearchableCollection.ts":{"path":"/home/usuario/DSI-P6/src/Ejercicio-04/SearchableCollection.ts","statementMap":{"0":{"start":{"line":2,"column":0},"end":{"line":2,"column":62}},"1":{"start":{"line":3,"column":0},"end":{"line":3,"column":38}},"2":{"start":{"line":14,"column":8},"end":{"line":14,"column":24}},"3":{"start":{"line":21,"column":8},"end":{"line":21,"column":30}},"4":{"start":{"line":28,"column":8},"end":{"line":28,"column":26}},"5":{"start":{"line":35,"column":8},"end":{"line":35,"column":36}},"6":{"start":{"line":42,"column":8},"end":{"line":42,"column":33}},"7":{"start":{"line":45,"column":0},"end":{"line":45,"column":52}}},"fnMap":{"0":{"name":"(anonymous_0)","decl":{"start":{"line":13,"column":4},"end":{"line":13,"column":5}},"loc":{"start":{"line":13,"column":18},"end":{"line":15,"column":5}},"line":13},"1":{"name":"(anonymous_1)","decl":{"start":{"line":20,"column":4},"end":{"line":20,"column":5}},"loc":{"start":{"line":20,"column":18},"end":{"line":22,"column":5}},"line":20},"2":{"name":"(anonymous_2)","decl":{"start":{"line":27,"column":4},"end":{"line":27,"column":5}},"loc":{"start":{"line":27,"column":15},"end":{"line":29,"column":5}},"line":27},"3":{"name":"(anonymous_3)","decl":{"start":{"line":34,"column":4},"end":{"line":34,"column":5}},"loc":{"start":{"line":34,"column":22},"end":{"line":36,"column":5}},"line":34},"4":{"name":"(anonymous_4)","decl":{"start":{"line":41,"column":4},"end":{"line":41,"column":5}},"loc":{"start":{"line":41,"column":23},"end":{"line":43,"column":5}},"line":41}},"branchMap":{},"s":{"0":1,"1":1,"2":10,"3":45,"4":4,"5":2,"6":4,"7":1},"f":{"0":10,"1":45,"2":4,"3":2,"4":4},"b":{},"inputSourceMap":{"version":3,"file":"/home/usuario/DSI-P6/src/Ejercicio-04/SearchableCollection.ts","sources":["/home/usuario/DSI-P6/src/Ejercicio-04/SearchableCollection.ts"],"names":[],"mappings":";;;AAGA;;;;;;;GAOG;AACH,MAAsB,oBAAoB;IAA1C;QAEY,UAAK,GAAQ,EAAE,CAAC;IA0C5B,CAAC;IAxCC;;;OAGG;IACH,OAAO,CAAC,IAAO;QACb,IAAI,CAAC,KAAK,CAAC,IAAI,CAAC,IAAI,CAAC,CAAC;IACxB,CAAC;IAED;;;OAGG;IACH,QAAQ;QACN,OAAO,IAAI,CAAC,KAAK,CAAC;IACpB,CAAC;IAED;;;OAGG;IACH,UAAU,CAAC,KAAa;QACtB,IAAI,CAAC,KAAK,CAAC,MAAM,CAAC,KAAK,EAAE,CAAC,CAAC,CAAC;IAC9B,CAAC;IAED;;;OAGG;IACH,gBAAgB;QACd,OAAO,IAAI,CAAC,KAAK,CAAC,MAAM,CAAC;IAC3B,CAAC;CAUF;AA5CD,oDA4CC","sourcesContent":["import { Collectable } from './Collectable';\nimport { Searchable } from './Searchable';\n\n/**\n * SearchableCollection es una clase abstracta que define una colección de\n * elementos que pueden ser buscados.\n * @abstract\n * @class SearchableCollection\n * @implements {Collectable}\n * @implements {Searchable}\n */\nexport abstract class SearchableCollection <T> implements Collectable<T>,\n    Searchable<T> {\n  protected items: T[] = [];\n\n  /**\n   * Añade un item de tipo T a la colección.\n   * @param item Item a añadir.\n   */\n  addItem(item: T): void {\n    this.items.push(item);\n  }\n\n  /**\n   * Devuelve los elementos de la colección.\n   * @returns {T[]} Elementos de la colección.\n   */\n  getItems(): T[] {\n    return this.items;\n  }\n\n  /**\n   * Elimina un elemento de la colección por su índice.\n   * @param index Índice del elemento a eliminar.\n   */\n  removeItem(index: number): void {\n    this.items.splice(index, 1);\n  }\n\n  /**\n   * Devuelve el número de elementos de la colección.\n   * @returns {number} Número de elementos de la colección.\n   */\n  getNumberOfItems(): number {\n    return this.items.length;\n  }\n\n  /**\n   * Método abstracto que realiza una búsqueda en la colección.\n   * @param searchTerm Elemento a buscar.\n   * @returns {T[]} Elementos que coinciden con el término de búsqueda.\n   * @returns {undefined} Si no hay elementos que coincidan con el término de\n   * búsqueda.\n   */\n  abstract search(searchTerm: T): T[] | undefined;\n}\n"]},"_coverageSchema":"1a1c01bbd47fc00a2c39e90264f33305004495a9","hash":"8f9640938817476a0394b361b5caa4d3e74cd791","contentHash":"2d3d20609ee663edee8c01a37c6ed18187a7d8c7fdb01e1c2215a626ccea061f"},"/home/usuario/DSI-P6/src/Ejercicio-04/StringSearchableCollection.ts":{"path":"/home/usuario/DSI-P6/src/Ejercicio-04/StringSearchableCollection.ts","statementMap":{"0":{"start":{"line":2,"column":0},"end":{"line":2,"column":62}},"1":{"start":{"line":3,"column":0},"end":{"line":3,"column":44}},"2":{"start":{"line":4,"column":31},"end":{"line":4,"column":64}},"3":{"start":{"line":21,"column":8},"end":{"line":21,"column":70}},"4":{"start":{"line":21,"column":43},"end":{"line":21,"column":68}},"5":{"start":{"line":24,"column":0},"end":{"line":24,"column":64}}},"fnMap":{"0":{"name":"(anonymous_0)","decl":{"start":{"line":20,"column":4},"end":{"line":20,"column":5}},"loc":{"start":{"line":20,"column":23},"end":{"line":22,"column":5}},"line":20},"1":{"name":"(anonymous_1)","decl":{"start":{"line":21,"column":33},"end":{"line":21,"column":34}},"loc":{"start":{"line":21,"column":43},"end":{"line":21,"column":68}},"line":21}},"branchMap":{},"s":{"0":1,"1":1,"2":1,"3":2,"4":8,"5":1},"f":{"0":2,"1":8},"b":{},"inputSourceMap":{"version":3,"file":"/home/usuario/DSI-P6/src/Ejercicio-04/StringSearchableCollection.ts","sources":["/home/usuario/DSI-P6/src/Ejercicio-04/StringSearchableCollection.ts"],"names":[],"mappings":";;;AAAA,iEAA8D;AAE9D;;;;;;;GAOG;AACH,MAAa,0BACX,SAAQ,2CAAwB;IAChC;;;;;OAKG;IACH,MAAM,CAAC,UAAa;QAClB,OAAO,IAAI,CAAC,KAAK,CAAC,MAAM,CAAC,CAAC,IAAI,EAAE,EAAE,CAAC,IAAI,CAAC,QAAQ,CAAC,UAAU,CAAC,CAAC,CAAC;IAChE,CAAC;CACF;AAXD,gEAWC","sourcesContent":["import { SearchableCollection } from './SearchableCollection';\n\n/**\n * StringSearchableCollection es una clase que define una colección de\n * cadenas que pueden ser buscadas.\n * @class StringSearchableCollection\n * @extends {SearchableCollection<string>}\n * @implements {Searchable<string>}\n * @implements {Collectable<string>}\n */\nexport class StringSearchableCollection <T extends string>\n  extends SearchableCollection <T> {\n  /**\n   * Método que realiza una búsqueda en la colección y devuelve todos los\n   * string que contengan la subcadena de búsqueda.\n   * @param searchTerm Subcadena a buscar.\n   * @returns {string[]} Elementos que coinciden con el término de búsqueda.\n   */\n  search(searchTerm: T): T[] | undefined {\n    return this.items.filter((item) => item.includes(searchTerm));\n  }\n}"]},"_coverageSchema":"1a1c01bbd47fc00a2c39e90264f33305004495a9","hash":"0d3ddb4310177f9b6aba81f0e78874f103ff1bb3","contentHash":"11d9e01b8335ff2d8a0fb3ed8ed383ca0a8321a2c17f3f327b9a4b889fa77684"}}