{"/home/usuario/DSI-P6/src/Ejercicio-01/Combat.ts":{"path":"/home/usuario/DSI-P6/src/Ejercicio-01/Combat.ts","statementMap":{"0":{"start":{"line":2,"column":0},"end":{"line":2,"column":62}},"1":{"start":{"line":3,"column":0},"end":{"line":3,"column":24}},"2":{"start":{"line":6,"column":8},"end":{"line":6,"column":33}},"3":{"start":{"line":7,"column":8},"end":{"line":7,"column":33}},"4":{"start":{"line":10,"column":8},"end":{"line":10,"column":29}},"5":{"start":{"line":13,"column":8},"end":{"line":13,"column":29}},"6":{"start":{"line":16,"column":21},"end":{"line":16,"column":23}},"7":{"start":{"line":17,"column":24},"end":{"line":17,"column":62}},"8":{"start":{"line":18,"column":24},"end":{"line":18,"column":62}},"9":{"start":{"line":19,"column":18},"end":{"line":19,"column":39}},"10":{"start":{"line":20,"column":18},"end":{"line":20,"column":39}},"11":{"start":{"line":21,"column":8},"end":{"line":21,"column":87}},"12":{"start":{"line":22,"column":8},"end":{"line":22,"column":60}},"13":{"start":{"line":23,"column":8},"end":{"line":23,"column":60}},"14":{"start":{"line":24,"column":8},"end":{"line":24,"column":87}},"15":{"start":{"line":25,"column":8},"end":{"line":46,"column":9}},"16":{"start":{"line":26,"column":12},"end":{"line":26,"column":70}},"17":{"start":{"line":27,"column":12},"end":{"line":27,"column":27}},"18":{"start":{"line":28,"column":12},"end":{"line":28,"column":63}},"19":{"start":{"line":29,"column":12},"end":{"line":32,"column":13}},"20":{"start":{"line":30,"column":16},"end":{"line":30,"column":76}},"21":{"start":{"line":31,"column":16},"end":{"line":31,"column":47}},"22":{"start":{"line":33,"column":12},"end":{"line":33,"column":64}},"23":{"start":{"line":34,"column":12},"end":{"line":34,"column":64}},"24":{"start":{"line":35,"column":12},"end":{"line":35,"column":91}},"25":{"start":{"line":36,"column":12},"end":{"line":36,"column":70}},"26":{"start":{"line":37,"column":12},"end":{"line":37,"column":27}},"27":{"start":{"line":38,"column":12},"end":{"line":38,"column":63}},"28":{"start":{"line":39,"column":12},"end":{"line":42,"column":13}},"29":{"start":{"line":40,"column":16},"end":{"line":40,"column":76}},"30":{"start":{"line":41,"column":16},"end":{"line":41,"column":47}},"31":{"start":{"line":43,"column":12},"end":{"line":43,"column":64}},"32":{"start":{"line":44,"column":12},"end":{"line":44,"column":64}},"33":{"start":{"line":45,"column":12},"end":{"line":45,"column":91}},"34":{"start":{"line":49,"column":0},"end":{"line":49,"column":24}}},"fnMap":{"0":{"name":"(anonymous_0)","decl":{"start":{"line":5,"column":4},"end":{"line":5,"column":5}},"loc":{"start":{"line":5,"column":36},"end":{"line":8,"column":5}},"line":5},"1":{"name":"(anonymous_1)","decl":{"start":{"line":9,"column":4},"end":{"line":9,"column":5}},"loc":{"start":{"line":9,"column":18},"end":{"line":11,"column":5}},"line":9},"2":{"name":"(anonymous_2)","decl":{"start":{"line":12,"column":4},"end":{"line":12,"column":5}},"loc":{"start":{"line":12,"column":18},"end":{"line":14,"column":5}},"line":12},"3":{"name":"(anonymous_3)","decl":{"start":{"line":15,"column":4},"end":{"line":15,"column":5}},"loc":{"start":{"line":15,"column":12},"end":{"line":47,"column":5}},"line":15}},"branchMap":{"0":{"loc":{"start":{"line":29,"column":12},"end":{"line":32,"column":13}},"type":"if","locations":[{"start":{"line":29,"column":12},"end":{"line":32,"column":13}},{"start":{"line":29,"column":12},"end":{"line":32,"column":13}}],"line":29},"1":{"loc":{"start":{"line":39,"column":12},"end":{"line":42,"column":13}},"type":"if","locations":[{"start":{"line":39,"column":12},"end":{"line":42,"column":13}},{"start":{"line":39,"column":12},"end":{"line":42,"column":13}}],"line":39}},"s":{"0":1,"1":1,"2":21,"3":21,"4":1,"5":1,"6":11,"7":11,"8":11,"9":11,"10":11,"11":11,"12":11,"13":11,"14":11,"15":11,"16":31,"17":31,"18":31,"19":31,"20":8,"21":8,"22":23,"23":23,"24":23,"25":23,"26":23,"27":23,"28":23,"29":3,"30":3,"31":20,"32":20,"33":20,"34":1},"f":{"0":21,"1":1,"2":1,"3":11},"b":{"0":[8,23],"1":[3,20]},"inputSourceMap":{"version":3,"file":"/home/usuario/DSI-P6/src/Ejercicio-01/Combat.ts","sources":["/home/usuario/DSI-P6/src/Ejercicio-01/Combat.ts"],"names":[],"mappings":";;;AAEA,MAAa,MAAM;IAIjB,YAAY,QAAiB,EAAE,QAAiB;QAC9C,IAAI,CAAC,QAAQ,GAAG,QAAQ,CAAC;QACzB,IAAI,CAAC,QAAQ,GAAG,QAAQ,CAAC;IAC3B,CAAC;IAEM,WAAW;QAChB,OAAO,IAAI,CAAC,QAAQ,CAAC;IACvB,CAAC;IAEM,WAAW;QAChB,OAAO,IAAI,CAAC,QAAQ,CAAC;IACvB,CAAC;IAEM,KAAK;QACV,IAAI,MAAM,GAAW,EAAE,CAAC;QACxB,MAAM,OAAO,GAAW,IAAI,CAAC,QAAQ,CAAC,SAAS,CAAC,IAAI,CAAC,QAAQ,CAAC,CAAC;QAC/D,MAAM,OAAO,GAAW,IAAI,CAAC,QAAQ,CAAC,SAAS,CAAC,IAAI,CAAC,QAAQ,CAAC,CAAC;QAC/D,IAAI,GAAG,GAAW,IAAI,CAAC,QAAQ,CAAC,KAAK,EAAE,CAAC;QACxC,IAAI,GAAG,GAAW,IAAI,CAAC,QAAQ,CAAC,KAAK,EAAE,CAAC;QACxC,MAAM,IAAI,OAAO,IAAI,CAAC,QAAQ,CAAC,OAAO,EAAE,OAAO,IAAI,CAAC,QAAQ,CAAC,OAAO,EAAE,QAAQ,CAAC;QAC/E,MAAM,IAAI,GAAG,IAAI,CAAC,QAAQ,CAAC,OAAO,EAAE,QAAQ,GAAG,IAAI,CAAC;QACpD,MAAM,IAAI,GAAG,IAAI,CAAC,QAAQ,CAAC,OAAO,EAAE,QAAQ,GAAG,IAAI,CAAC;QACpD,MAAM,IAAI,oEAAoE,CAAC;QAC/E,OAAO,IAAI,EAAE;YACX,MAAM,IAAI,gBAAgB,IAAI,CAAC,QAAQ,CAAC,OAAO,EAAE,QAAQ,CAAC;YAC1D,GAAG,IAAI,OAAO,CAAC;YACf,MAAM,IAAI,GAAG,IAAI,CAAC,QAAQ,CAAC,iBAAiB,EAAE,IAAI,CAAC;YACnD,IAAI,GAAG,IAAI,CAAC,EAAE;gBACZ,MAAM,IAAI,GAAG,IAAI,CAAC,QAAQ,CAAC,OAAO,EAAE,uBAAuB,CAAC;gBAC5D,OAAO,CAAC,IAAI,CAAC,QAAQ,EAAE,MAAM,CAAC,CAAC;aAChC;YACD,MAAM,IAAI,GAAG,IAAI,CAAC,QAAQ,CAAC,OAAO,EAAE,QAAQ,GAAG,IAAI,CAAC;YACpD,MAAM,IAAI,GAAG,IAAI,CAAC,QAAQ,CAAC,OAAO,EAAE,QAAQ,GAAG,IAAI,CAAC;YACpD,MAAM,IAAI,oEAAoE,CAAC;YAC/E,MAAM,IAAI,gBAAgB,IAAI,CAAC,QAAQ,CAAC,OAAO,EAAE,QAAQ,CAAC;YAC1D,GAAG,IAAI,OAAO,CAAC;YACf,MAAM,IAAI,GAAG,IAAI,CAAC,QAAQ,CAAC,iBAAiB,EAAE,IAAI,CAAC;YACnD,IAAI,GAAG,IAAI,CAAC,EAAE;gBACZ,MAAM,IAAI,GAAG,IAAI,CAAC,QAAQ,CAAC,OAAO,EAAE,uBAAuB,CAAC;gBAC5D,OAAO,CAAC,IAAI,CAAC,QAAQ,EAAE,MAAM,CAAC,CAAC;aAChC;YACD,MAAM,IAAI,GAAG,IAAI,CAAC,QAAQ,CAAC,OAAO,EAAE,QAAQ,GAAG,IAAI,CAAC;YACpD,MAAM,IAAI,GAAG,IAAI,CAAC,QAAQ,CAAC,OAAO,EAAE,QAAQ,GAAG,IAAI,CAAC;YACpD,MAAM,IAAI,oEAAoE,CAAC;SAChF;IACH,CAAC;CACF;AAlDD,wBAkDC","sourcesContent":["import { fighter } from './Fighter';\n\nexport class Combat {\n  private fighter1: fighter;\n  private fighter2: fighter;\n\n  constructor(fighter1: fighter, fighter2: fighter) {\n    this.fighter1 = fighter1;\n    this.fighter2 = fighter2;\n  }\n\n  public getFighter1(): fighter {\n    return this.fighter1;\n  }\n\n  public getFighter2(): fighter {\n    return this.fighter2;\n  }\n\n  public fight(): [fighter, string] {\n    let output: string = '';\n    const damage1: number = this.fighter1.getDamage(this.fighter2);\n    const damage2: number = this.fighter2.getDamage(this.fighter1);\n    let hp1: number = this.fighter1.getHP();\n    let hp2: number = this.fighter2.getHP();\n    output += `--- ${this.fighter1.getName()} vs ${this.fighter2.getName()} ---\\n`;\n    output += `${this.fighter1.getName()} HP: ${hp1}\\n`;\n    output += `${this.fighter2.getName()} HP: ${hp2}\\n`;\n    output += `----------------------------------------------------------------\\n`;\n    while (true) {\n      output += `--- Turno de ${this.fighter1.getName()} ---\\n`;\n      hp2 -= damage1;\n      output += `${this.fighter1.getCatchingPhrase()}\\n`;\n      if (hp2 <= 0) {\n        output += `${this.fighter1.getName()} ha ganado la pelea\\n`;\n        return [this.fighter1, output];\n      }\n      output += `${this.fighter1.getName()} HP: ${hp1}\\n`;\n      output += `${this.fighter2.getName()} HP: ${hp2}\\n`;\n      output += `----------------------------------------------------------------\\n`;\n      output += `--- Turno de ${this.fighter2.getName()} ---\\n`;\n      hp1 -= damage2;\n      output += `${this.fighter2.getCatchingPhrase()}\\n`;\n      if (hp1 <= 0) {\n        output += `${this.fighter2.getName()} ha ganado la pelea\\n`;\n        return [this.fighter2, output];\n      }\n      output += `${this.fighter1.getName()} HP: ${hp1}\\n`;\n      output += `${this.fighter2.getName()} HP: ${hp2}\\n`;\n      output += `----------------------------------------------------------------\\n`;\n    }\n  }\n}"]},"_coverageSchema":"1a1c01bbd47fc00a2c39e90264f33305004495a9","hash":"355128ecea5a9fd5978e49cf3d68ba8f1b5626b8","contentHash":"a2b8bc48310ec0786a2e16e3a314a6c8849e6b11e8ea1ddeff3aa7cc2d9d287c"},"/home/usuario/DSI-P6/src/Ejercicio-01/Pokemon.ts":{"path":"/home/usuario/DSI-P6/src/Ejercicio-01/Pokemon.ts","statementMap":{"0":{"start":{"line":2,"column":0},"end":{"line":2,"column":62}},"1":{"start":{"line":3,"column":0},"end":{"line":3,"column":25}},"2":{"start":{"line":4,"column":18},"end":{"line":4,"column":38}},"3":{"start":{"line":7,"column":8},"end":{"line":7,"column":77}},"4":{"start":{"line":8,"column":8},"end":{"line":8,"column":33}},"5":{"start":{"line":9,"column":8},"end":{"line":9,"column":25}},"6":{"start":{"line":12,"column":8},"end":{"line":12,"column":29}},"7":{"start":{"line":15,"column":8},"end":{"line":15,"column":25}},"8":{"start":{"line":18,"column":8},"end":{"line":62,"column":9}},"9":{"start":{"line":19,"column":12},"end":{"line":19,"column":23}},"10":{"start":{"line":21,"column":13},"end":{"line":62,"column":9}},"11":{"start":{"line":22,"column":12},"end":{"line":22,"column":21}},"12":{"start":{"line":24,"column":13},"end":{"line":62,"column":9}},"13":{"start":{"line":25,"column":12},"end":{"line":25,"column":23}},"14":{"start":{"line":27,"column":13},"end":{"line":62,"column":9}},"15":{"start":{"line":28,"column":12},"end":{"line":28,"column":21}},"16":{"start":{"line":30,"column":13},"end":{"line":62,"column":9}},"17":{"start":{"line":31,"column":12},"end":{"line":31,"column":21}},"18":{"start":{"line":33,"column":13},"end":{"line":62,"column":9}},"19":{"start":{"line":34,"column":12},"end":{"line":34,"column":23}},"20":{"start":{"line":36,"column":13},"end":{"line":62,"column":9}},"21":{"start":{"line":37,"column":12},"end":{"line":37,"column":23}},"22":{"start":{"line":39,"column":13},"end":{"line":62,"column":9}},"23":{"start":{"line":40,"column":12},"end":{"line":40,"column":21}},"24":{"start":{"line":42,"column":13},"end":{"line":62,"column":9}},"25":{"start":{"line":43,"column":12},"end":{"line":43,"column":21}},"26":{"start":{"line":45,"column":13},"end":{"line":62,"column":9}},"27":{"start":{"line":46,"column":12},"end":{"line":46,"column":21}},"28":{"start":{"line":48,"column":13},"end":{"line":62,"column":9}},"29":{"start":{"line":49,"column":12},"end":{"line":49,"column":21}},"30":{"start":{"line":52,"column":33},"end":{"line":52,"column":65}},"31":{"start":{"line":53,"column":12},"end":{"line":61,"column":13}},"32":{"start":{"line":54,"column":16},"end":{"line":54,"column":27}},"33":{"start":{"line":56,"column":17},"end":{"line":61,"column":13}},"34":{"start":{"line":57,"column":16},"end":{"line":57,"column":25}},"35":{"start":{"line":60,"column":16},"end":{"line":60,"column":25}},"36":{"start":{"line":65,"column":8},"end":{"line":71,"column":9}},"37":{"start":{"line":66,"column":12},"end":{"line":67,"column":58}},"38":{"start":{"line":70,"column":12},"end":{"line":70,"column":59}},"39":{"start":{"line":74,"column":0},"end":{"line":74,"column":26}}},"fnMap":{"0":{"name":"(anonymous_0)","decl":{"start":{"line":6,"column":4},"end":{"line":6,"column":5}},"loc":{"start":{"line":6,"column":95},"end":{"line":10,"column":5}},"line":6},"1":{"name":"(anonymous_1)","decl":{"start":{"line":11,"column":4},"end":{"line":11,"column":5}},"loc":{"start":{"line":11,"column":18},"end":{"line":13,"column":5}},"line":11},"2":{"name":"(anonymous_2)","decl":{"start":{"line":14,"column":4},"end":{"line":14,"column":5}},"loc":{"start":{"line":14,"column":14},"end":{"line":16,"column":5}},"line":14},"3":{"name":"(anonymous_3)","decl":{"start":{"line":17,"column":4},"end":{"line":17,"column":5}},"loc":{"start":{"line":17,"column":32},"end":{"line":63,"column":5}},"line":17},"4":{"name":"(anonymous_4)","decl":{"start":{"line":64,"column":4},"end":{"line":64,"column":5}},"loc":{"start":{"line":64,"column":21},"end":{"line":72,"column":5}},"line":64}},"branchMap":{"0":{"loc":{"start":{"line":18,"column":8},"end":{"line":62,"column":9}},"type":"if","locations":[{"start":{"line":18,"column":8},"end":{"line":62,"column":9}},{"start":{"line":18,"column":8},"end":{"line":62,"column":9}}],"line":18},"1":{"loc":{"start":{"line":21,"column":13},"end":{"line":62,"column":9}},"type":"if","locations":[{"start":{"line":21,"column":13},"end":{"line":62,"column":9}},{"start":{"line":21,"column":13},"end":{"line":62,"column":9}}],"line":21},"2":{"loc":{"start":{"line":21,"column":17},"end":{"line":21,"column":56}},"type":"binary-expr","locations":[{"start":{"line":21,"column":17},"end":{"line":21,"column":34}},{"start":{"line":21,"column":38},"end":{"line":21,"column":56}}],"line":21},"3":{"loc":{"start":{"line":24,"column":13},"end":{"line":62,"column":9}},"type":"if","locations":[{"start":{"line":24,"column":13},"end":{"line":62,"column":9}},{"start":{"line":24,"column":13},"end":{"line":62,"column":9}}],"line":24},"4":{"loc":{"start":{"line":24,"column":17},"end":{"line":24,"column":54}},"type":"binary-expr","locations":[{"start":{"line":24,"column":17},"end":{"line":24,"column":34}},{"start":{"line":24,"column":38},"end":{"line":24,"column":54}}],"line":24},"5":{"loc":{"start":{"line":27,"column":13},"end":{"line":62,"column":9}},"type":"if","locations":[{"start":{"line":27,"column":13},"end":{"line":62,"column":9}},{"start":{"line":27,"column":13},"end":{"line":62,"column":9}}],"line":27},"6":{"loc":{"start":{"line":27,"column":17},"end":{"line":27,"column":59}},"type":"binary-expr","locations":[{"start":{"line":27,"column":17},"end":{"line":27,"column":34}},{"start":{"line":27,"column":38},"end":{"line":27,"column":59}}],"line":27},"7":{"loc":{"start":{"line":30,"column":13},"end":{"line":62,"column":9}},"type":"if","locations":[{"start":{"line":30,"column":13},"end":{"line":62,"column":9}},{"start":{"line":30,"column":13},"end":{"line":62,"column":9}}],"line":30},"8":{"loc":{"start":{"line":30,"column":17},"end":{"line":30,"column":56}},"type":"binary-expr","locations":[{"start":{"line":30,"column":17},"end":{"line":30,"column":34}},{"start":{"line":30,"column":38},"end":{"line":30,"column":56}}],"line":30},"9":{"loc":{"start":{"line":33,"column":13},"end":{"line":62,"column":9}},"type":"if","locations":[{"start":{"line":33,"column":13},"end":{"line":62,"column":9}},{"start":{"line":33,"column":13},"end":{"line":62,"column":9}}],"line":33},"10":{"loc":{"start":{"line":33,"column":17},"end":{"line":33,"column":55}},"type":"binary-expr","locations":[{"start":{"line":33,"column":17},"end":{"line":33,"column":33}},{"start":{"line":33,"column":37},"end":{"line":33,"column":55}}],"line":33},"11":{"loc":{"start":{"line":36,"column":13},"end":{"line":62,"column":9}},"type":"if","locations":[{"start":{"line":36,"column":13},"end":{"line":62,"column":9}},{"start":{"line":36,"column":13},"end":{"line":62,"column":9}}],"line":36},"12":{"loc":{"start":{"line":36,"column":17},"end":{"line":36,"column":58}},"type":"binary-expr","locations":[{"start":{"line":36,"column":17},"end":{"line":36,"column":33}},{"start":{"line":36,"column":37},"end":{"line":36,"column":58}}],"line":36},"13":{"loc":{"start":{"line":39,"column":13},"end":{"line":62,"column":9}},"type":"if","locations":[{"start":{"line":39,"column":13},"end":{"line":62,"column":9}},{"start":{"line":39,"column":13},"end":{"line":62,"column":9}}],"line":39},"14":{"loc":{"start":{"line":39,"column":17},"end":{"line":39,"column":55}},"type":"binary-expr","locations":[{"start":{"line":39,"column":17},"end":{"line":39,"column":33}},{"start":{"line":39,"column":37},"end":{"line":39,"column":55}}],"line":39},"15":{"loc":{"start":{"line":42,"column":13},"end":{"line":62,"column":9}},"type":"if","locations":[{"start":{"line":42,"column":13},"end":{"line":62,"column":9}},{"start":{"line":42,"column":13},"end":{"line":62,"column":9}}],"line":42},"16":{"loc":{"start":{"line":42,"column":17},"end":{"line":42,"column":60}},"type":"binary-expr","locations":[{"start":{"line":42,"column":17},"end":{"line":42,"column":35}},{"start":{"line":42,"column":39},"end":{"line":42,"column":60}}],"line":42},"17":{"loc":{"start":{"line":45,"column":13},"end":{"line":62,"column":9}},"type":"if","locations":[{"start":{"line":45,"column":13},"end":{"line":62,"column":9}},{"start":{"line":45,"column":13},"end":{"line":62,"column":9}}],"line":45},"18":{"loc":{"start":{"line":45,"column":17},"end":{"line":45,"column":57}},"type":"binary-expr","locations":[{"start":{"line":45,"column":17},"end":{"line":45,"column":35}},{"start":{"line":45,"column":39},"end":{"line":45,"column":57}}],"line":45},"19":{"loc":{"start":{"line":48,"column":13},"end":{"line":62,"column":9}},"type":"if","locations":[{"start":{"line":48,"column":13},"end":{"line":62,"column":9}},{"start":{"line":48,"column":13},"end":{"line":62,"column":9}}],"line":48},"20":{"loc":{"start":{"line":48,"column":17},"end":{"line":48,"column":60}},"type":"binary-expr","locations":[{"start":{"line":48,"column":17},"end":{"line":48,"column":38}},{"start":{"line":48,"column":42},"end":{"line":48,"column":60}}],"line":48},"21":{"loc":{"start":{"line":53,"column":12},"end":{"line":61,"column":13}},"type":"if","locations":[{"start":{"line":53,"column":12},"end":{"line":61,"column":13}},{"start":{"line":53,"column":12},"end":{"line":61,"column":13}}],"line":53},"22":{"loc":{"start":{"line":56,"column":17},"end":{"line":61,"column":13}},"type":"if","locations":[{"start":{"line":56,"column":17},"end":{"line":61,"column":13}},{"start":{"line":56,"column":17},"end":{"line":61,"column":13}}],"line":56},"23":{"loc":{"start":{"line":65,"column":8},"end":{"line":71,"column":9}},"type":"if","locations":[{"start":{"line":65,"column":8},"end":{"line":71,"column":9}},{"start":{"line":65,"column":8},"end":{"line":71,"column":9}}],"line":65}},"s":{"0":1,"1":1,"2":1,"3":81,"4":81,"5":81,"6":1,"7":1,"8":29,"9":4,"10":25,"11":2,"12":23,"13":2,"14":21,"15":4,"16":17,"17":1,"18":16,"19":2,"20":14,"21":2,"22":12,"23":1,"24":11,"25":2,"26":9,"27":1,"28":8,"29":1,"30":7,"31":7,"32":1,"33":6,"34":3,"35":3,"36":30,"37":22,"38":8,"39":1},"f":{"0":81,"1":1,"2":1,"3":29,"4":30},"b":{"0":[4,25],"1":[2,23],"2":[25,9],"3":[2,21],"4":[23,7],"5":[4,17],"6":[21,5],"7":[1,16],"8":[17,1],"9":[2,14],"10":[16,6],"11":[2,12],"12":[14,4],"13":[1,11],"14":[12,2],"15":[2,9],"16":[11,5],"17":[1,8],"18":[9,3],"19":[1,7],"20":[8,5],"21":[1,6],"22":[3,3],"23":[22,8]},"inputSourceMap":{"version":3,"file":"/home/usuario/DSI-P6/src/Ejercicio-01/Pokemon.ts","sources":["/home/usuario/DSI-P6/src/Ejercicio-01/Pokemon.ts"],"names":[],"mappings":";;;AAAA,uCAAoC;AAEpC,MAAa,OAAQ,SAAQ,iBAAO;IAIlC,YAAY,IAAY,EAAE,MAAc,EAAE,MAAc,EACpD,MAAc,EAAE,OAAe,EAAE,EAAU,EAC3C,QAAgB,EAAE,IACI,EAAE,GAAG,eAAyB;QACtD,KAAK,CAAC,IAAI,EAAE,MAAM,EAAE,MAAM,EAAE,MAAM,EAAE,OAAO,EAAE,EAAE,EAAE,GAAG,eAAe,CAAC,CAAC;QACrE,IAAI,CAAC,QAAQ,GAAG,QAAQ,CAAC;QACzB,IAAI,CAAC,IAAI,GAAG,IAAI,CAAC;IACnB,CAAC;IAEM,WAAW;QAChB,OAAO,IAAI,CAAC,QAAQ,CAAC;IACvB,CAAC;IAEM,OAAO;QACZ,OAAO,IAAI,CAAC,IAAI,CAAC;IACnB,CAAC;IAEO,aAAa,CAAC,KAAa,EAAE,KAAa;QAChD,IAAI,KAAK,KAAK,KAAK,EAAE;YACnB,OAAO,GAAG,CAAC;SACZ;aAAM,IAAI,KAAK,KAAK,OAAO,IAAI,KAAK,KAAK,QAAQ,EAAE;YAClD,OAAO,CAAC,CAAC;SACV;aAAM,IAAI,KAAK,KAAK,OAAO,IAAI,KAAK,KAAK,MAAM,EAAE;YAChD,OAAO,GAAG,CAAC;SACZ;aAAM,IAAI,KAAK,KAAK,OAAO,IAAI,KAAK,KAAK,WAAW,EAAE;YACrD,OAAO,CAAC,CAAC;SACV;aAAM,IAAI,KAAK,KAAK,OAAO,IAAI,KAAK,KAAK,QAAQ,EAAE;YAClD,OAAO,CAAC,CAAC;SACV;aAAM,IAAI,KAAK,KAAK,MAAM,IAAI,KAAK,KAAK,QAAQ,EAAE;YACjD,OAAO,GAAG,CAAC;SACZ;aAAM,IAAI,KAAK,KAAK,MAAM,IAAI,KAAK,KAAK,WAAW,EAAE;YACpD,OAAO,GAAG,CAAC;SACZ;aAAM,IAAI,KAAK,KAAK,MAAM,IAAI,KAAK,KAAK,QAAQ,EAAE;YACjD,OAAO,CAAC,CAAC;SACV;aAAM,IAAI,KAAK,KAAK,QAAQ,IAAI,KAAK,KAAK,WAAW,EAAE;YACtD,OAAO,CAAC,CAAC;SACV;aAAM,IAAI,KAAK,KAAK,QAAQ,IAAI,KAAK,KAAK,QAAQ,EAAE;YACnD,OAAO,CAAC,CAAC;SACV;aAAM,IAAI,KAAK,KAAK,WAAW,IAAI,KAAK,KAAK,QAAQ,EAAE;YACtD,OAAO,CAAC,CAAC;SACV;aAAM;YACL,MAAM,YAAY,GAAW,IAAI,CAAC,aAAa,CAAC,KAAK,EAAE,KAAK,CAAC,CAAC;YAC9D,IAAI,YAAY,KAAK,CAAC,EAAE;gBACtB,OAAO,GAAG,CAAC;aACZ;iBAAM,IAAI,YAAY,KAAK,GAAG,EAAE;gBAC/B,OAAO,CAAC,CAAC;aACV;iBAAM;gBACL,OAAO,CAAC,CAAC;aACV;SACF;IACH,CAAC;IAEM,SAAS,CAAC,KAAc;QAC7B,IAAI,KAAK,YAAY,OAAO,EAAE;YAC5B,OAAO,EAAE,GAAG,CAAC,IAAI,CAAC,MAAM,GAAG,KAAK,CAAC,UAAU,EAAE,CAAC;gBAC1C,IAAI,CAAC,aAAa,CAAC,IAAI,CAAC,IAAI,EAAE,KAAK,CAAC,IAAI,CAAC,CAAC;SAC/C;aAAM;YACL,OAAO,EAAE,GAAG,CAAC,IAAI,CAAC,MAAM,GAAG,KAAK,CAAC,UAAU,EAAE,CAAC,CAAC;SAChD;IACH,CAAC;CACF;AAhED,0BAgEC","sourcesContent":["import { fighter } from './Fighter';\n\nexport class Pokemon extends fighter {\n  private velocity: number;\n  private type: string;\n\n  constructor(name: string, weight: number, height: number,\n      attack: number, defense: number, hp: number,\n      velocity: number, type: 'fuego' | 'agua' | 'hierba' |\n      'electrico' | 'normal', ...catchingPhrases: string[]) {\n    super(name, weight, height, attack, defense, hp, ...catchingPhrases);\n    this.velocity = velocity;\n    this.type = type;\n  }\n\n  public getVelocity(): number {\n    return this.velocity;\n  }\n\n  public getType(): string {\n    return this.type;\n  }\n\n  private effectiveness(aType: string, bType: string): number {\n    if (aType === bType) {\n      return 0.5;\n    } else if (aType === 'fuego' && bType === 'hierba') {\n      return 2;\n    } else if (aType === 'fuego' && bType === 'agua') {\n      return 0.5;\n    } else if (aType === 'fuego' && bType === 'electrico') {\n      return 1;\n    } else if (aType === 'fuego' && bType === 'normal') {\n      return 1;\n    } else if (aType === 'agua' && bType === 'hierba') {\n      return 0.5;\n    } else if (aType === 'agua' && bType === 'electrico') {\n      return 0.5;\n    } else if (aType === 'agua' && bType === 'normal') {\n      return 1;\n    } else if (aType === 'hierba' && bType === 'electrico') {\n      return 1;\n    } else if (aType === 'hierba' && bType === 'normal') {\n      return 2;\n    } else if (aType === 'electrico' && bType === 'normal') {\n      return 1;\n    } else {\n      const checkInverse: number = this.effectiveness(bType, aType);\n      if (checkInverse === 2) {\n        return 0.5;\n      } else if (checkInverse === 0.5) {\n        return 2;\n      } else {\n        return 1;\n      }\n    }\n  }\n\n  public getDamage(enemy: fighter): number {\n    if (enemy instanceof Pokemon) {\n      return 50 * (this.attack / enemy.getDefense()) *\n          this.effectiveness(this.type, enemy.type);\n    } else {\n      return 50 * (this.attack / enemy.getDefense());\n    }\n  }\n}"]},"_coverageSchema":"1a1c01bbd47fc00a2c39e90264f33305004495a9","hash":"5f931b18eb3519cd6d6b7584d6b0e0d0129be73a","contentHash":"8740fdfa21eca3382f780d96715e9acfb8906a5fd54a9eaa67d5d3b66b847679"},"/home/usuario/DSI-P6/src/Ejercicio-01/Fighter.ts":{"path":"/home/usuario/DSI-P6/src/Ejercicio-01/Fighter.ts","statementMap":{"0":{"start":{"line":2,"column":0},"end":{"line":2,"column":62}},"1":{"start":{"line":3,"column":0},"end":{"line":3,"column":25}},"2":{"start":{"line":6,"column":8},"end":{"line":6,"column":25}},"3":{"start":{"line":7,"column":8},"end":{"line":7,"column":29}},"4":{"start":{"line":8,"column":8},"end":{"line":8,"column":29}},"5":{"start":{"line":9,"column":8},"end":{"line":9,"column":29}},"6":{"start":{"line":10,"column":8},"end":{"line":10,"column":31}},"7":{"start":{"line":11,"column":8},"end":{"line":11,"column":21}},"8":{"start":{"line":12,"column":8},"end":{"line":12,"column":47}},"9":{"start":{"line":15,"column":8},"end":{"line":15,"column":25}},"10":{"start":{"line":18,"column":8},"end":{"line":18,"column":27}},"11":{"start":{"line":21,"column":8},"end":{"line":21,"column":27}},"12":{"start":{"line":24,"column":8},"end":{"line":24,"column":27}},"13":{"start":{"line":27,"column":8},"end":{"line":27,"column":28}},"14":{"start":{"line":30,"column":8},"end":{"line":30,"column":23}},"15":{"start":{"line":33,"column":8},"end":{"line":33,"column":42}},"16":{"start":{"line":36,"column":8},"end":{"line":37,"column":42}},"17":{"start":{"line":40,"column":0},"end":{"line":40,"column":26}}},"fnMap":{"0":{"name":"(anonymous_0)","decl":{"start":{"line":5,"column":4},"end":{"line":5,"column":5}},"loc":{"start":{"line":5,"column":79},"end":{"line":13,"column":5}},"line":5},"1":{"name":"(anonymous_1)","decl":{"start":{"line":14,"column":4},"end":{"line":14,"column":5}},"loc":{"start":{"line":14,"column":14},"end":{"line":16,"column":5}},"line":14},"2":{"name":"(anonymous_2)","decl":{"start":{"line":17,"column":4},"end":{"line":17,"column":5}},"loc":{"start":{"line":17,"column":16},"end":{"line":19,"column":5}},"line":17},"3":{"name":"(anonymous_3)","decl":{"start":{"line":20,"column":4},"end":{"line":20,"column":5}},"loc":{"start":{"line":20,"column":16},"end":{"line":22,"column":5}},"line":20},"4":{"name":"(anonymous_4)","decl":{"start":{"line":23,"column":4},"end":{"line":23,"column":5}},"loc":{"start":{"line":23,"column":16},"end":{"line":25,"column":5}},"line":23},"5":{"name":"(anonymous_5)","decl":{"start":{"line":26,"column":4},"end":{"line":26,"column":5}},"loc":{"start":{"line":26,"column":17},"end":{"line":28,"column":5}},"line":26},"6":{"name":"(anonymous_6)","decl":{"start":{"line":29,"column":4},"end":{"line":29,"column":5}},"loc":{"start":{"line":29,"column":12},"end":{"line":31,"column":5}},"line":29},"7":{"name":"(anonymous_7)","decl":{"start":{"line":32,"column":4},"end":{"line":32,"column":5}},"loc":{"start":{"line":32,"column":30},"end":{"line":34,"column":5}},"line":32},"8":{"name":"(anonymous_8)","decl":{"start":{"line":35,"column":4},"end":{"line":35,"column":5}},"loc":{"start":{"line":35,"column":24},"end":{"line":38,"column":5}},"line":35}},"branchMap":{},"s":{"0":1,"1":1,"2":221,"3":221,"4":221,"5":221,"6":221,"7":221,"8":221,"9":207,"10":3,"11":3,"12":3,"13":62,"14":25,"15":1,"16":55,"17":1},"f":{"0":221,"1":207,"2":3,"3":3,"4":3,"5":62,"6":25,"7":1,"8":55},"b":{},"inputSourceMap":{"version":3,"file":"/home/usuario/DSI-P6/src/Ejercicio-01/Fighter.ts","sources":["/home/usuario/DSI-P6/src/Ejercicio-01/Fighter.ts"],"names":[],"mappings":";;;AAAA,MAAsB,OAAO;IAS3B,YAAY,IAAY,EAAE,MAAc,EAAE,MAAc,EACpD,MAAc,EAAE,OAAe,EAAE,EAAU,EAC3C,GAAG,eAAyB;QAC9B,IAAI,CAAC,IAAI,GAAG,IAAI,CAAC;QACjB,IAAI,CAAC,MAAM,GAAG,MAAM,CAAC;QACrB,IAAI,CAAC,MAAM,GAAG,MAAM,CAAC;QACrB,IAAI,CAAC,MAAM,GAAG,MAAM,CAAC;QACrB,IAAI,CAAC,OAAO,GAAG,OAAO,CAAC;QACvB,IAAI,CAAC,EAAE,GAAG,EAAE,CAAC;QACb,IAAI,CAAC,eAAe,GAAG,eAAe,CAAC;IACzC,CAAC;IAEM,OAAO;QACZ,OAAO,IAAI,CAAC,IAAI,CAAC;IACnB,CAAC;IAEM,SAAS;QACd,OAAO,IAAI,CAAC,MAAM,CAAC;IACrB,CAAC;IAEM,SAAS;QACd,OAAO,IAAI,CAAC,MAAM,CAAC;IACrB,CAAC;IAEM,SAAS;QACd,OAAO,IAAI,CAAC,MAAM,CAAC;IACrB,CAAC;IAEM,UAAU;QACf,OAAO,IAAI,CAAC,OAAO,CAAC;IACtB,CAAC;IAEM,KAAK;QACV,OAAO,IAAI,CAAC,EAAE,CAAC;IACjB,CAAC;IAEM,iBAAiB,CAAC,MAAc;QACrC,IAAI,CAAC,eAAe,CAAC,IAAI,CAAC,MAAM,CAAC,CAAC;IACpC,CAAC;IAEM,iBAAiB;QACtB,OAAO,IAAI,CAAC,eAAe,CAAC,IAAI,CAAC,KAAK,CAAC,IAAI,CAAC,MAAM,EAAE;YAClD,IAAI,CAAC,eAAe,CAAC,MAAM,CAAC,CAAC,CAAC;IAClC,CAAC;CAGF;AAvDD,0BAuDC","sourcesContent":["export abstract class fighter {\n  protected name: string;\n  protected weight: number;\n  protected height: number;\n  protected attack: number;\n  protected defense: number;\n  protected hp: number;\n  protected catchingPhrases: string[];\n\n  constructor(name: string, weight: number, height: number,\n      attack: number, defense: number, hp: number,\n      ...catchingPhrases: string[]) {\n    this.name = name;\n    this.weight = weight;\n    this.height = height;\n    this.attack = attack;\n    this.defense = defense;\n    this.hp = hp;\n    this.catchingPhrases = catchingPhrases;\n  }\n\n  public getName(): string {\n    return this.name;\n  }\n\n  public getWeight(): number {\n    return this.weight;\n  }\n\n  public getHeight(): number {\n    return this.height;\n  }\n\n  public getAttack(): number {\n    return this.attack;\n  }\n\n  public getDefense(): number {\n    return this.defense;\n  }\n\n  public getHP(): number {\n    return this.hp;\n  }\n\n  public addCatchingPhrase(phrase: string): void {\n    this.catchingPhrases.push(phrase);\n  }\n\n  public getCatchingPhrase(): string {\n    return this.catchingPhrases[Math.floor(Math.random() *\n      this.catchingPhrases.length)];\n  }\n\n  abstract getDamage(enemy: fighter): number;\n}"]},"_coverageSchema":"1a1c01bbd47fc00a2c39e90264f33305004495a9","hash":"5957f4be3bb2ee0beb25142775af3efefa9ffe51","contentHash":"3b756d45abd28a1260eeb653e69d1661a325f73715488395f9647f96c22ef157"},"/home/usuario/DSI-P6/src/Ejercicio-01/Saiyan.ts":{"path":"/home/usuario/DSI-P6/src/Ejercicio-01/Saiyan.ts","statementMap":{"0":{"start":{"line":2,"column":0},"end":{"line":2,"column":62}},"1":{"start":{"line":3,"column":0},"end":{"line":3,"column":24}},"2":{"start":{"line":4,"column":18},"end":{"line":4,"column":38}},"3":{"start":{"line":7,"column":8},"end":{"line":7,"column":77}},"4":{"start":{"line":8,"column":8},"end":{"line":8,"column":27}},"5":{"start":{"line":9,"column":8},"end":{"line":9,"column":23}},"6":{"start":{"line":12,"column":8},"end":{"line":12,"column":26}},"7":{"start":{"line":15,"column":8},"end":{"line":15,"column":24}},"8":{"start":{"line":18,"column":8},"end":{"line":18,"column":81}},"9":{"start":{"line":21,"column":0},"end":{"line":21,"column":24}}},"fnMap":{"0":{"name":"(anonymous_0)","decl":{"start":{"line":6,"column":4},"end":{"line":6,"column":5}},"loc":{"start":{"line":6,"column":91},"end":{"line":10,"column":5}},"line":6},"1":{"name":"(anonymous_1)","decl":{"start":{"line":11,"column":4},"end":{"line":11,"column":5}},"loc":{"start":{"line":11,"column":15},"end":{"line":13,"column":5}},"line":11},"2":{"name":"(anonymous_2)","decl":{"start":{"line":14,"column":4},"end":{"line":14,"column":5}},"loc":{"start":{"line":14,"column":13},"end":{"line":16,"column":5}},"line":14},"3":{"name":"(anonymous_3)","decl":{"start":{"line":17,"column":4},"end":{"line":17,"column":5}},"loc":{"start":{"line":17,"column":21},"end":{"line":19,"column":5}},"line":17}},"branchMap":{},"s":{"0":1,"1":1,"2":1,"3":68,"4":68,"5":68,"6":1,"7":1,"8":11,"9":1},"f":{"0":68,"1":1,"2":1,"3":11},"b":{},"inputSourceMap":{"version":3,"file":"/home/usuario/DSI-P6/src/Ejercicio-01/Saiyan.ts","sources":["/home/usuario/DSI-P6/src/Ejercicio-01/Saiyan.ts"],"names":[],"mappings":";;;AAAA,uCAAoC;AAEpC,MAAa,MAAO,SAAQ,iBAAO;IAIjC,YAAY,IAAY,EAAE,MAAc,EAAE,MAAc,EACpD,MAAc,EAAE,OAAe,EAAE,EAAU,EAC3C,KAAa,EAAE,GAAW,EAAE,GAAG,eAAyB;QAC1D,KAAK,CAAC,IAAI,EAAE,MAAM,EAAE,MAAM,EAAE,MAAM,EAAE,OAAO,EAAE,EAAE,EAAE,GAAG,eAAe,CAAC,CAAC;QACrE,IAAI,CAAC,KAAK,GAAG,KAAK,CAAC;QACnB,IAAI,CAAC,GAAG,GAAG,GAAG,CAAC;IACjB,CAAC;IAEM,QAAQ;QACb,OAAO,IAAI,CAAC,KAAK,CAAC;IACpB,CAAC;IAEM,MAAM;QACX,OAAO,IAAI,CAAC,GAAG,CAAC;IAClB,CAAC;IAEM,SAAS,CAAC,KAAc;QAC7B,OAAO,CAAC,CAAC,IAAI,CAAC,KAAK,GAAG,EAAE,CAAC,GAAG,IAAI,CAAC,GAAG,GAAG,IAAI,CAAC,MAAM,CAAC,GAAG,KAAK,CAAC,UAAU,EAAE,CAAC;IAC3E,CAAC;CACF;AAvBD,wBAuBC","sourcesContent":["import { fighter } from './Fighter';\n\nexport class Saiyan extends fighter {\n  private power: number;\n  private lvl: number;\n\n  constructor(name: string, weight: number, height: number,\n      attack: number, defense: number, hp: number,\n      power: number, lvl: number, ...catchingPhrases: string[]) {\n    super(name, weight, height, attack, defense, hp, ...catchingPhrases);\n    this.power = power;\n    this.lvl = lvl;\n  }\n\n  public getPower(): number {\n    return this.power;\n  }\n\n  public getLvl(): number {\n    return this.lvl;\n  }\n\n  public getDamage(enemy: fighter): number {\n    return ((this.power / 10) * this.lvl * this.attack) / enemy.getDefense();\n  }\n}"]},"_coverageSchema":"1a1c01bbd47fc00a2c39e90264f33305004495a9","hash":"23ba7bc83b3804cb1f89a77bf86cddac8a33f312","contentHash":"4c3d03e224b8dd9074901e03662a7aa522b7bbc6f1d3a063ceacaf000cc5089c"},"/home/usuario/DSI-P6/src/Ejercicio-01/SAO.ts":{"path":"/home/usuario/DSI-P6/src/Ejercicio-01/SAO.ts","statementMap":{"0":{"start":{"line":2,"column":0},"end":{"line":2,"column":62}},"1":{"start":{"line":3,"column":0},"end":{"line":3,"column":32}},"2":{"start":{"line":4,"column":18},"end":{"line":4,"column":38}},"3":{"start":{"line":7,"column":8},"end":{"line":7,"column":77}},"4":{"start":{"line":8,"column":8},"end":{"line":8,"column":37}},"5":{"start":{"line":9,"column":8},"end":{"line":9,"column":39}},"6":{"start":{"line":12,"column":8},"end":{"line":12,"column":31}},"7":{"start":{"line":15,"column":8},"end":{"line":15,"column":32}},"8":{"start":{"line":18,"column":21},"end":{"line":18,"column":36}},"9":{"start":{"line":19,"column":8},"end":{"line":21,"column":9}},"10":{"start":{"line":20,"column":12},"end":{"line":20,"column":24}},"11":{"start":{"line":22,"column":8},"end":{"line":25,"column":9}},"12":{"start":{"line":24,"column":12},"end":{"line":24,"column":26}},"13":{"start":{"line":26,"column":8},"end":{"line":28,"column":9}},"14":{"start":{"line":27,"column":12},"end":{"line":27,"column":26}},"15":{"start":{"line":29,"column":8},"end":{"line":29,"column":67}},"16":{"start":{"line":32,"column":0},"end":{"line":32,"column":40}}},"fnMap":{"0":{"name":"(anonymous_0)","decl":{"start":{"line":6,"column":4},"end":{"line":6,"column":5}},"loc":{"start":{"line":6,"column":104},"end":{"line":10,"column":5}},"line":6},"1":{"name":"(anonymous_1)","decl":{"start":{"line":11,"column":4},"end":{"line":11,"column":5}},"loc":{"start":{"line":11,"column":20},"end":{"line":13,"column":5}},"line":11},"2":{"name":"(anonymous_2)","decl":{"start":{"line":14,"column":4},"end":{"line":14,"column":5}},"loc":{"start":{"line":14,"column":21},"end":{"line":16,"column":5}},"line":14},"3":{"name":"(anonymous_3)","decl":{"start":{"line":17,"column":4},"end":{"line":17,"column":5}},"loc":{"start":{"line":17,"column":21},"end":{"line":30,"column":5}},"line":17}},"branchMap":{"0":{"loc":{"start":{"line":19,"column":8},"end":{"line":21,"column":9}},"type":"if","locations":[{"start":{"line":19,"column":8},"end":{"line":21,"column":9}},{"start":{"line":19,"column":8},"end":{"line":21,"column":9}}],"line":19},"1":{"loc":{"start":{"line":19,"column":12},"end":{"line":19,"column":72}},"type":"binary-expr","locations":[{"start":{"line":19,"column":12},"end":{"line":19,"column":40}},{"start":{"line":19,"column":44},"end":{"line":19,"column":72}}],"line":19},"2":{"loc":{"start":{"line":22,"column":8},"end":{"line":25,"column":9}},"type":"if","locations":[{"start":{"line":22,"column":8},"end":{"line":25,"column":9}},{"start":{"line":22,"column":8},"end":{"line":25,"column":9}}],"line":22},"3":{"loc":{"start":{"line":22,"column":12},"end":{"line":23,"column":71}},"type":"binary-expr","locations":[{"start":{"line":22,"column":12},"end":{"line":22,"column":43}},{"start":{"line":22,"column":47},"end":{"line":22,"column":74}},{"start":{"line":23,"column":12},"end":{"line":23,"column":41}},{"start":{"line":23,"column":45},"end":{"line":23,"column":71}}],"line":22},"4":{"loc":{"start":{"line":26,"column":8},"end":{"line":28,"column":9}},"type":"if","locations":[{"start":{"line":26,"column":8},"end":{"line":28,"column":9}},{"start":{"line":26,"column":8},"end":{"line":28,"column":9}}],"line":26},"5":{"loc":{"start":{"line":26,"column":12},"end":{"line":26,"column":75}},"type":"binary-expr","locations":[{"start":{"line":26,"column":12},"end":{"line":26,"column":40}},{"start":{"line":26,"column":44},"end":{"line":26,"column":75}}],"line":26}},"s":{"0":1,"1":1,"2":1,"3":72,"4":72,"5":72,"6":1,"7":1,"8":18,"9":18,"10":10,"11":18,"12":4,"13":18,"14":4,"15":18,"16":1},"f":{"0":72,"1":1,"2":1,"3":18},"b":{"0":[10,8],"1":[18,8],"2":[4,14],"3":[18,14,14,14],"4":[4,14],"5":[18,14]},"inputSourceMap":{"version":3,"file":"/home/usuario/DSI-P6/src/Ejercicio-01/SAO.ts","sources":["/home/usuario/DSI-P6/src/Ejercicio-01/SAO.ts"],"names":[],"mappings":";;;AAAA,uCAAoC;AAEpC,MAAa,cAAe,SAAQ,iBAAO;IAKzC,YAAY,IAAY,EAAE,MAAc,EAAE,MAAc,EACpD,MAAc,EAAE,OAAe,EAAE,EAAU,EAC3C,UACuD,EACvD,WAAmB,EAAE,GAAG,eAAyB;QACnD,KAAK,CAAC,IAAI,EAAE,MAAM,EAAE,MAAM,EAAE,MAAM,EAAE,OAAO,EAAE,EAAE,EAAE,GAAG,eAAe,CAAC,CAAC;QACrE,IAAI,CAAC,UAAU,GAAG,UAAU,CAAC;QAC7B,IAAI,CAAC,WAAW,GAAG,WAAW,CAAC;IACjC,CAAC;IAEM,aAAa;QAElB,OAAO,IAAI,CAAC,UAAU,CAAC;IACzB,CAAC;IAEM,cAAc;QACnB,OAAO,IAAI,CAAC,WAAW,CAAC;IAC1B,CAAC;IAEM,SAAS,CAAC,KAAc;QAC7B,IAAI,MAAM,GAAW,IAAI,CAAC,MAAM,GAAG,CAAC,CAAC;QACrC,IAAI,IAAI,CAAC,UAAU,KAAK,QAAQ,IAAI,IAAI,CAAC,UAAU,KAAK,QAAQ,EAAE;YAChE,MAAM,IAAI,CAAC,CAAC;SACb;QACD,IAAI,IAAI,CAAC,UAAU,KAAK,WAAW,IAAI,IAAI,CAAC,UAAU,KAAK,OAAO;YAC9D,IAAI,CAAC,UAAU,KAAK,SAAS,IAAI,IAAI,CAAC,UAAU,KAAK,MAAM,EAAE;YAC/D,MAAM,IAAI,GAAG,CAAC;SACf;QACD,IAAI,IAAI,CAAC,UAAU,KAAK,QAAQ,IAAI,IAAI,CAAC,UAAU,KAAK,WAAW,EAAE;YACnE,MAAM,IAAI,GAAG,CAAC;SACf;QACD,OAAO,EAAE,GAAG,MAAM,GAAG,IAAI,CAAC,WAAW,GAAG,KAAK,CAAC,UAAU,EAAE,CAAC;IAC7D,CAAC;CACF;AAtCD,wCAsCC","sourcesContent":["import { fighter } from './Fighter';\n\nexport class SwordArtOnline extends fighter {\n  private playerType: 'Sniper' | 'Slayer' | 'Swordsman' |\n    'Ninja' | 'Samurai' | 'Monk' | 'Gunner' | 'Berserker';\n  private weaponLevel: number;\n\n  constructor(name: string, weight: number, height: number,\n      attack: number, defense: number, hp: number,\n      playerType: 'Sniper' | 'Slayer' | 'Swordsman' |\n        'Ninja' | 'Samurai' | 'Monk' | 'Gunner' | 'Berserker',\n      weaponLevel: number, ...catchingPhrases: string[]) {\n    super(name, weight, height, attack, defense, hp, ...catchingPhrases);\n    this.playerType = playerType;\n    this.weaponLevel = weaponLevel;\n  }\n\n  public getPlayerType(): 'Sniper' | 'Slayer' | 'Swordsman' |\n    'Ninja' | 'Samurai' | 'Monk' | 'Gunner' | 'Berserker' {\n    return this.playerType;\n  }\n\n  public getWeaponLevel(): number {\n    return this.weaponLevel;\n  }\n\n  public getDamage(enemy: fighter): number {\n    let attack: number = this.attack / 2;\n    if (this.playerType === 'Sniper' || this.playerType === 'Slayer') {\n      attack *= 2;\n    }\n    if (this.playerType === 'Swordsman' || this.playerType === 'Ninja' ||\n        this.playerType === 'Samurai' || this.playerType === 'Monk') {\n      attack *= 1.2;\n    }\n    if (this.playerType === 'Gunner' || this.playerType === 'Berserker') {\n      attack *= 1.5;\n    }\n    return 50 * attack * this.weaponLevel / enemy.getDefense();\n  }\n}"]},"_coverageSchema":"1a1c01bbd47fc00a2c39e90264f33305004495a9","hash":"6b14d070f1c4fe1d26835f32964c578c07da1651","contentHash":"b09ab9b5c0e2a3802ff7051b167f0885f95b35446b9c8b62e0209553627faef9"},"/home/usuario/DSI-P6/src/Ejercicio-01/Pokedex.ts":{"path":"/home/usuario/DSI-P6/src/Ejercicio-01/Pokedex.ts","statementMap":{"0":{"start":{"line":2,"column":0},"end":{"line":2,"column":62}},"1":{"start":{"line":3,"column":0},"end":{"line":3,"column":25}},"2":{"start":{"line":4,"column":18},"end":{"line":4,"column":38}},"3":{"start":{"line":5,"column":14},"end":{"line":5,"column":30}},"4":{"start":{"line":8,"column":8},"end":{"line":8,"column":30}},"5":{"start":{"line":9,"column":8},"end":{"line":9,"column":26}},"6":{"start":{"line":10,"column":8},"end":{"line":10,"column":29}},"7":{"start":{"line":13,"column":8},"end":{"line":21,"column":9}},"8":{"start":{"line":14,"column":12},"end":{"line":14,"column":43}},"9":{"start":{"line":16,"column":13},"end":{"line":21,"column":9}},"10":{"start":{"line":17,"column":12},"end":{"line":17,"column":39}},"11":{"start":{"line":20,"column":12},"end":{"line":20,"column":42}},"12":{"start":{"line":24,"column":8},"end":{"line":28,"column":9}},"13":{"start":{"line":25,"column":12},"end":{"line":27,"column":13}},"14":{"start":{"line":26,"column":16},"end":{"line":26,"column":31}},"15":{"start":{"line":29,"column":8},"end":{"line":33,"column":9}},"16":{"start":{"line":30,"column":12},"end":{"line":32,"column":13}},"17":{"start":{"line":31,"column":16},"end":{"line":31,"column":27}},"18":{"start":{"line":34,"column":8},"end":{"line":38,"column":9}},"19":{"start":{"line":35,"column":12},"end":{"line":37,"column":13}},"20":{"start":{"line":36,"column":16},"end":{"line":36,"column":30}},"21":{"start":{"line":39,"column":8},"end":{"line":39,"column":25}},"22":{"start":{"line":42,"column":26},"end":{"line":42,"column":28}},"23":{"start":{"line":43,"column":8},"end":{"line":43,"column":59}},"24":{"start":{"line":44,"column":8},"end":{"line":44,"column":55}},"25":{"start":{"line":45,"column":8},"end":{"line":45,"column":58}},"26":{"start":{"line":46,"column":8},"end":{"line":46,"column":27}},"27":{"start":{"line":49,"column":0},"end":{"line":49,"column":26}}},"fnMap":{"0":{"name":"(anonymous_0)","decl":{"start":{"line":7,"column":4},"end":{"line":7,"column":5}},"loc":{"start":{"line":7,"column":18},"end":{"line":11,"column":5}},"line":7},"1":{"name":"(anonymous_1)","decl":{"start":{"line":12,"column":4},"end":{"line":12,"column":5}},"loc":{"start":{"line":12,"column":24},"end":{"line":22,"column":5}},"line":12},"2":{"name":"(anonymous_2)","decl":{"start":{"line":23,"column":4},"end":{"line":23,"column":5}},"loc":{"start":{"line":23,"column":21},"end":{"line":40,"column":5}},"line":23},"3":{"name":"(anonymous_3)","decl":{"start":{"line":41,"column":4},"end":{"line":41,"column":5}},"loc":{"start":{"line":41,"column":21},"end":{"line":47,"column":5}},"line":41}},"branchMap":{"0":{"loc":{"start":{"line":13,"column":8},"end":{"line":21,"column":9}},"type":"if","locations":[{"start":{"line":13,"column":8},"end":{"line":21,"column":9}},{"start":{"line":13,"column":8},"end":{"line":21,"column":9}}],"line":13},"1":{"loc":{"start":{"line":16,"column":13},"end":{"line":21,"column":9}},"type":"if","locations":[{"start":{"line":16,"column":13},"end":{"line":21,"column":9}},{"start":{"line":16,"column":13},"end":{"line":21,"column":9}}],"line":16},"2":{"loc":{"start":{"line":25,"column":12},"end":{"line":27,"column":13}},"type":"if","locations":[{"start":{"line":25,"column":12},"end":{"line":27,"column":13}},{"start":{"line":25,"column":12},"end":{"line":27,"column":13}}],"line":25},"3":{"loc":{"start":{"line":30,"column":12},"end":{"line":32,"column":13}},"type":"if","locations":[{"start":{"line":30,"column":12},"end":{"line":32,"column":13}},{"start":{"line":30,"column":12},"end":{"line":32,"column":13}}],"line":30},"4":{"loc":{"start":{"line":35,"column":12},"end":{"line":37,"column":13}},"type":"if","locations":[{"start":{"line":35,"column":12},"end":{"line":37,"column":13}},{"start":{"line":35,"column":12},"end":{"line":37,"column":13}}],"line":35}},"s":{"0":1,"1":1,"2":1,"3":1,"4":5,"5":5,"6":5,"7":17,"8":5,"9":12,"10":6,"11":6,"12":4,"13":4,"14":1,"15":3,"16":3,"17":1,"18":2,"19":2,"20":1,"21":1,"22":2,"23":2,"24":2,"25":2,"26":2,"27":1},"f":{"0":5,"1":17,"2":4,"3":2},"b":{"0":[5,12],"1":[6,6],"2":[1,3],"3":[1,2],"4":[1,1]},"inputSourceMap":{"version":3,"file":"/home/usuario/DSI-P6/src/Ejercicio-01/Pokedex.ts","sources":["/home/usuario/DSI-P6/src/Ejercicio-01/Pokedex.ts"],"names":[],"mappings":";;;AACA,uCAAoC;AAEpC,+BAAuC;AAEvC,MAAa,OAAO;IAKlB;QACE,IAAI,CAAC,WAAW,GAAG,EAAE,CAAC;QACtB,IAAI,CAAC,OAAO,GAAG,EAAE,CAAC;QAClB,IAAI,CAAC,UAAU,GAAG,EAAE,CAAC;IACvB,CAAC;IAEM,UAAU,CAAC,OAAgB;QAChC,IAAI,OAAO,YAAY,iBAAO,EAAE;YAC9B,IAAI,CAAC,WAAW,CAAC,IAAI,CAAC,OAAO,CAAC,CAAC;SAChC;aAAM,IAAI,OAAO,YAAY,oBAAc,EAAE;YAC5C,IAAI,CAAC,OAAO,CAAC,IAAI,CAAC,OAAO,CAAC,CAAC;SAC5B;aAAM;YACL,IAAI,CAAC,UAAU,CAAC,IAAI,CAAC,OAAiB,CAAC,CAAC;SACzC;IACH,CAAC;IAEM,UAAU,CAAC,IAAY;QAC5B,KAAK,IAAI,OAAO,IAAI,IAAI,CAAC,WAAW,EAAE;YACpC,IAAI,OAAO,CAAC,OAAO,EAAE,KAAK,IAAI,EAAE;gBAC9B,OAAO,OAAO,CAAC;aAChB;SACF;QACD,KAAK,IAAI,GAAG,IAAI,IAAI,CAAC,OAAO,EAAE;YAC5B,IAAI,GAAG,CAAC,OAAO,EAAE,KAAK,IAAI,EAAE;gBAC1B,OAAO,GAAG,CAAC;aACZ;SACF;QACD,KAAK,IAAI,MAAM,IAAI,IAAI,CAAC,UAAU,EAAE;YAClC,IAAI,MAAM,CAAC,OAAO,EAAE,KAAK,IAAI,EAAE;gBAC7B,OAAO,MAAM,CAAC;aACf;SACF;QACD,OAAO,SAAS,CAAC;IACnB,CAAC;IAEM,cAAc;QACnB,IAAI,WAAW,GAAc,EAAE,CAAC;QAChC,WAAW,GAAG,WAAW,CAAC,MAAM,CAAC,IAAI,CAAC,WAAW,CAAC,CAAC;QACnD,WAAW,GAAG,WAAW,CAAC,MAAM,CAAC,IAAI,CAAC,OAAO,CAAC,CAAC;QAC/C,WAAW,GAAG,WAAW,CAAC,MAAM,CAAC,IAAI,CAAC,UAAU,CAAC,CAAC;QAClD,OAAO,WAAW,CAAC;IACrB,CAAC;CACF;AA/CD,0BA+CC","sourcesContent":["import { fighter } from './Fighter';\nimport { Pokemon } from './Pokemon';\nimport { Saiyan } from './Saiyan';\nimport { SwordArtOnline } from './SAO';\n\nexport class Pokedex {\n  PokemonList: Pokemon[];\n  SAOList: SwordArtOnline[];\n  SaiyanList: Saiyan[];\n\n  constructor() {\n    this.PokemonList = [];\n    this.SAOList = [];\n    this.SaiyanList = [];\n  }\n\n  public addFighter(fighter: fighter): void {\n    if (fighter instanceof Pokemon) {\n      this.PokemonList.push(fighter);\n    } else if (fighter instanceof SwordArtOnline) {\n      this.SAOList.push(fighter);\n    } else {\n      this.SaiyanList.push(fighter as Saiyan);\n    }\n  }\n\n  public getFighter(name: string): fighter | undefined {\n    for (let pokemon of this.PokemonList) {\n      if (pokemon.getName() === name) {\n        return pokemon;\n      }\n    }\n    for (let sao of this.SAOList) {\n      if (sao.getName() === name) {\n        return sao;\n      }\n    }\n    for (let saiyan of this.SaiyanList) {\n      if (saiyan.getName() === name) {\n        return saiyan;\n      }\n    }\n    return undefined;\n  }\n\n  public getAllFighters(): fighter[] {\n    let allFighters: fighter[] = [];\n    allFighters = allFighters.concat(this.PokemonList);\n    allFighters = allFighters.concat(this.SAOList);\n    allFighters = allFighters.concat(this.SaiyanList);\n    return allFighters;\n  }\n}\n"]},"_coverageSchema":"1a1c01bbd47fc00a2c39e90264f33305004495a9","hash":"b93ba2b95724f6a98a803c8ba53fc81e8d769061","contentHash":"fe33644de3d7fe72c10b93154d696ac47a82a7f8a369944325b42d52602412dc"},"/home/usuario/DSI-P6/src/Ejercicio-02/audiovisual.ts":{"path":"/home/usuario/DSI-P6/src/Ejercicio-02/audiovisual.ts","statementMap":{"0":{"start":{"line":2,"column":0},"end":{"line":2,"column":62}},"1":{"start":{"line":3,"column":0},"end":{"line":3,"column":81}},"2":{"start":{"line":6,"column":8},"end":{"line":6,"column":25}},"3":{"start":{"line":7,"column":8},"end":{"line":7,"column":29}},"4":{"start":{"line":8,"column":8},"end":{"line":8,"column":25}},"5":{"start":{"line":9,"column":8},"end":{"line":9,"column":27}},"6":{"start":{"line":10,"column":8},"end":{"line":10,"column":39}},"7":{"start":{"line":13,"column":8},"end":{"line":13,"column":25}},"8":{"start":{"line":16,"column":8},"end":{"line":16,"column":27}},"9":{"start":{"line":19,"column":8},"end":{"line":19,"column":25}},"10":{"start":{"line":22,"column":8},"end":{"line":22,"column":26}},"11":{"start":{"line":25,"column":8},"end":{"line":25,"column":32}},"12":{"start":{"line":28,"column":0},"end":{"line":28,"column":34}},"13":{"start":{"line":31,"column":8},"end":{"line":31,"column":54}},"14":{"start":{"line":32,"column":8},"end":{"line":32,"column":33}},"15":{"start":{"line":35,"column":8},"end":{"line":35,"column":29}},"16":{"start":{"line":38,"column":0},"end":{"line":38,"column":32}},"17":{"start":{"line":41,"column":8},"end":{"line":41,"column":54}},"18":{"start":{"line":42,"column":8},"end":{"line":42,"column":33}},"19":{"start":{"line":43,"column":8},"end":{"line":43,"column":27}},"20":{"start":{"line":46,"column":8},"end":{"line":46,"column":29}},"21":{"start":{"line":49,"column":8},"end":{"line":49,"column":26}},"22":{"start":{"line":52,"column":0},"end":{"line":52,"column":20}},"23":{"start":{"line":55,"column":8},"end":{"line":55,"column":54}},"24":{"start":{"line":56,"column":8},"end":{"line":56,"column":31}},"25":{"start":{"line":57,"column":8},"end":{"line":57,"column":33}},"26":{"start":{"line":60,"column":8},"end":{"line":60,"column":28}},"27":{"start":{"line":63,"column":8},"end":{"line":63,"column":29}},"28":{"start":{"line":66,"column":0},"end":{"line":66,"column":22}}},"fnMap":{"0":{"name":"(anonymous_0)","decl":{"start":{"line":5,"column":4},"end":{"line":5,"column":5}},"loc":{"start":{"line":5,"column":56},"end":{"line":11,"column":5}},"line":5},"1":{"name":"(anonymous_1)","decl":{"start":{"line":12,"column":4},"end":{"line":12,"column":5}},"loc":{"start":{"line":12,"column":14},"end":{"line":14,"column":5}},"line":12},"2":{"name":"(anonymous_2)","decl":{"start":{"line":15,"column":4},"end":{"line":15,"column":5}},"loc":{"start":{"line":15,"column":16},"end":{"line":17,"column":5}},"line":15},"3":{"name":"(anonymous_3)","decl":{"start":{"line":18,"column":4},"end":{"line":18,"column":5}},"loc":{"start":{"line":18,"column":14},"end":{"line":20,"column":5}},"line":18},"4":{"name":"(anonymous_4)","decl":{"start":{"line":21,"column":4},"end":{"line":21,"column":5}},"loc":{"start":{"line":21,"column":15},"end":{"line":23,"column":5}},"line":21},"5":{"name":"(anonymous_5)","decl":{"start":{"line":24,"column":4},"end":{"line":24,"column":5}},"loc":{"start":{"line":24,"column":21},"end":{"line":26,"column":5}},"line":24},"6":{"name":"(anonymous_6)","decl":{"start":{"line":30,"column":4},"end":{"line":30,"column":5}},"loc":{"start":{"line":30,"column":66},"end":{"line":33,"column":5}},"line":30},"7":{"name":"(anonymous_7)","decl":{"start":{"line":34,"column":4},"end":{"line":34,"column":5}},"loc":{"start":{"line":34,"column":18},"end":{"line":36,"column":5}},"line":34},"8":{"name":"(anonymous_8)","decl":{"start":{"line":40,"column":4},"end":{"line":40,"column":5}},"loc":{"start":{"line":40,"column":73},"end":{"line":44,"column":5}},"line":40},"9":{"name":"(anonymous_9)","decl":{"start":{"line":45,"column":4},"end":{"line":45,"column":5}},"loc":{"start":{"line":45,"column":18},"end":{"line":47,"column":5}},"line":45},"10":{"name":"(anonymous_10)","decl":{"start":{"line":48,"column":4},"end":{"line":48,"column":5}},"loc":{"start":{"line":48,"column":15},"end":{"line":50,"column":5}},"line":48},"11":{"name":"(anonymous_11)","decl":{"start":{"line":54,"column":4},"end":{"line":54,"column":5}},"loc":{"start":{"line":54,"column":75},"end":{"line":58,"column":5}},"line":54},"12":{"name":"(anonymous_12)","decl":{"start":{"line":59,"column":4},"end":{"line":59,"column":5}},"loc":{"start":{"line":59,"column":17},"end":{"line":61,"column":5}},"line":59},"13":{"name":"(anonymous_13)","decl":{"start":{"line":62,"column":4},"end":{"line":62,"column":5}},"loc":{"start":{"line":62,"column":18},"end":{"line":64,"column":5}},"line":62}},"branchMap":{},"s":{"0":1,"1":1,"2":111,"3":111,"4":111,"5":111,"6":111,"7":28,"8":3,"9":11,"10":11,"11":3,"12":1,"13":38,"14":38,"15":4,"16":1,"17":42,"18":42,"19":42,"20":4,"21":4,"22":1,"23":31,"24":31,"25":31,"26":3,"27":3,"28":1},"f":{"0":111,"1":28,"2":3,"3":11,"4":11,"5":3,"6":38,"7":4,"8":42,"9":4,"10":4,"11":31,"12":3,"13":3},"b":{},"inputSourceMap":{"version":3,"file":"/home/usuario/DSI-P6/src/Ejercicio-02/audiovisual.ts","sources":["/home/usuario/DSI-P6/src/Ejercicio-02/audiovisual.ts"],"names":[],"mappings":";;;AAAA,MAAsB,WAAW;IAM/B,YAAY,IAAY,EAAE,MAAc,EAAE,IAAY,EAAE,KAAa,EAAE,WAAmB;QACxF,IAAI,CAAC,IAAI,GAAG,IAAI,CAAC;QACjB,IAAI,CAAC,MAAM,GAAG,MAAM,CAAC;QACrB,IAAI,CAAC,IAAI,GAAG,IAAI,CAAC;QACjB,IAAI,CAAC,KAAK,GAAG,KAAK,CAAC;QACnB,IAAI,CAAC,WAAW,GAAG,WAAW,CAAC;IACjC,CAAC;IACM,OAAO;QACZ,OAAO,IAAI,CAAC,IAAI,CAAC;IACnB,CAAC;IACM,SAAS;QACd,OAAO,IAAI,CAAC,MAAM,CAAC;IACrB,CAAC;IACM,OAAO;QACZ,OAAO,IAAI,CAAC,IAAI,CAAC;IACnB,CAAC;IACM,QAAQ;QACb,OAAO,IAAI,CAAC,KAAK,CAAC;IACpB,CAAC;IACM,cAAc;QACnB,OAAO,IAAI,CAAC,WAAW,CAAC;IAC1B,CAAC;CACF;AA5BD,kCA4BC;AAED,MAAa,UAAW,SAAQ,WAAW;IAEzC,YAAY,IAAY,EAAE,MAAc,EAAE,IAAY,EAAE,KAAa,EAAE,WAAmB,EAAE,QAAgB;QAC1G,KAAK,CAAC,IAAI,EAAE,MAAM,EAAE,IAAI,EAAE,KAAK,EAAE,WAAW,CAAC,CAAC;QAC9C,IAAI,CAAC,QAAQ,GAAG,QAAQ,CAAC;IAC3B,CAAC;IACM,WAAW;QAChB,OAAO,IAAI,CAAC,QAAQ,CAAC;IACvB,CAAC;CACF;AATD,gCASC;AACD,MAAa,IAAK,SAAQ,WAAW;IAGnC,YAAY,IAAY,EAAE,MAAc,EAAE,IAAY,EAAE,KAAa,EAAE,WAAmB,EAAE,QAAgB,EAAE,KAAa;QACzH,KAAK,CAAC,IAAI,EAAE,MAAM,EAAE,IAAI,EAAE,KAAK,EAAE,WAAW,CAAC,CAAC;QAC9C,IAAI,CAAC,QAAQ,GAAG,QAAQ,CAAC;QACzB,IAAI,CAAC,KAAK,GAAG,KAAK,CAAC;IACrB,CAAC;IACM,WAAW;QAChB,OAAO,IAAI,CAAC,QAAQ,CAAC;IACvB,CAAC;IACM,QAAQ;QACb,OAAO,IAAI,CAAC,KAAK,CAAC;IACpB,CAAC;CACF;AAdD,oBAcC;AACD,MAAa,KAAM,SAAQ,WAAW;IAGpC,YAAY,IAAY,EAAE,MAAc,EAAE,IAAY,EAAE,KAAa,EAAE,WAAmB,EAAE,OAAe,EAAE,QAAgB;QAC3H,KAAK,CAAC,IAAI,EAAE,MAAM,EAAE,IAAI,EAAE,KAAK,EAAE,WAAW,CAAC,CAAC;QAC9C,IAAI,CAAC,OAAO,GAAG,OAAO,CAAC;QACvB,IAAI,CAAC,QAAQ,GAAG,QAAQ,CAAC;IAC3B,CAAC;IACM,UAAU;QACf,OAAO,IAAI,CAAC,OAAO,CAAC;IACtB,CAAC;IACM,WAAW;QAChB,OAAO,IAAI,CAAC,QAAQ,CAAC;IACvB,CAAC;CACF;AAdD,sBAcC","sourcesContent":["export abstract class Audiovisual {\n  private name: string;\n  private author: string;\n  private year: number;\n  private genre: string;\n  private description: string;\n  constructor(name: string, author: string, year: number, genre: string, description: string) {\n    this.name = name;\n    this.author = author;\n    this.year = year;\n    this.genre = genre;\n    this.description = description;\n  }\n  public getName(): string {\n    return this.name;\n  }\n  public getAuthor(): string {\n    return this.author;\n  }\n  public getYear(): number {\n    return this.year;\n  }\n  public getGenre(): string {\n    return this.genre;\n  }\n  public getDescription(): string {\n    return this.description;\n  }\n}\n\nexport class Documental extends Audiovisual {\n  private duration: number;\n  constructor(name: string, author: string, year: number, genre: string, description: string, duration: number) {\n    super(name, author, year, genre, description);\n    this.duration = duration;\n  }\n  public getDuration(): number {\n    return this.duration;\n  }\n}\nexport class Film extends Audiovisual {\n  private duration: number;\n  private stars: number;\n  constructor(name: string, author: string, year: number, genre: string, description: string, duration: number, stars: number) {\n    super(name, author, year, genre, description);\n    this.duration = duration;\n    this.stars = stars;\n  }\n  public getDuration(): number {\n    return this.duration;\n  }\n  public getStars(): number {\n    return this.stars;\n  }\n}\nexport class Serie extends Audiovisual {\n  private seasons: number;\n  private episodes: number;\n  constructor(name: string, author: string, year: number, genre: string, description: string, seasons: number, episodes: number) {\n    super(name, author, year, genre, description);\n    this.seasons = seasons;\n    this.episodes = episodes;\n  }\n  public getSeasons(): number {\n    return this.seasons;\n  }\n  public getEpisodes(): number {\n    return this.episodes;\n  }\n}"]},"_coverageSchema":"1a1c01bbd47fc00a2c39e90264f33305004495a9","hash":"475143eb75849f52dd41c84eb33e34ef01ea0f42","contentHash":"00b7fb2c6cac7e7a3628ff1e895391a5cd04efd9b1f02099205c444c35562550"},"/home/usuario/DSI-P6/src/Ejercicio-02/DocumentalsCollection.ts":{"path":"/home/usuario/DSI-P6/src/Ejercicio-02/DocumentalsCollection.ts","statementMap":{"0":{"start":{"line":2,"column":0},"end":{"line":2,"column":62}},"1":{"start":{"line":3,"column":0},"end":{"line":3,"column":39}},"2":{"start":{"line":4,"column":36},"end":{"line":4,"column":74}},"3":{"start":{"line":7,"column":8},"end":{"line":7,"column":68}},"4":{"start":{"line":7,"column":43},"end":{"line":7,"column":66}},"5":{"start":{"line":10,"column":8},"end":{"line":10,"column":68}},"6":{"start":{"line":10,"column":43},"end":{"line":10,"column":66}},"7":{"start":{"line":13,"column":8},"end":{"line":13,"column":70}},"8":{"start":{"line":13,"column":43},"end":{"line":13,"column":68}},"9":{"start":{"line":16,"column":8},"end":{"line":16,"column":76}},"10":{"start":{"line":16,"column":43},"end":{"line":16,"column":74}},"11":{"start":{"line":19,"column":0},"end":{"line":19,"column":54}}},"fnMap":{"0":{"name":"(anonymous_0)","decl":{"start":{"line":6,"column":4},"end":{"line":6,"column":5}},"loc":{"start":{"line":6,"column":23},"end":{"line":8,"column":5}},"line":6},"1":{"name":"(anonymous_1)","decl":{"start":{"line":7,"column":33},"end":{"line":7,"column":34}},"loc":{"start":{"line":7,"column":43},"end":{"line":7,"column":66}},"line":7},"2":{"name":"(anonymous_2)","decl":{"start":{"line":9,"column":4},"end":{"line":9,"column":5}},"loc":{"start":{"line":9,"column":23},"end":{"line":11,"column":5}},"line":9},"3":{"name":"(anonymous_3)","decl":{"start":{"line":10,"column":33},"end":{"line":10,"column":34}},"loc":{"start":{"line":10,"column":43},"end":{"line":10,"column":66}},"line":10},"4":{"name":"(anonymous_4)","decl":{"start":{"line":12,"column":4},"end":{"line":12,"column":5}},"loc":{"start":{"line":12,"column":25},"end":{"line":14,"column":5}},"line":12},"5":{"name":"(anonymous_5)","decl":{"start":{"line":13,"column":33},"end":{"line":13,"column":34}},"loc":{"start":{"line":13,"column":43},"end":{"line":13,"column":68}},"line":13},"6":{"name":"(anonymous_6)","decl":{"start":{"line":15,"column":4},"end":{"line":15,"column":5}},"loc":{"start":{"line":15,"column":31},"end":{"line":17,"column":5}},"line":15},"7":{"name":"(anonymous_7)","decl":{"start":{"line":16,"column":33},"end":{"line":16,"column":34}},"loc":{"start":{"line":16,"column":43},"end":{"line":16,"column":74}},"line":16}},"branchMap":{},"s":{"0":1,"1":1,"2":1,"3":1,"4":3,"5":1,"6":3,"7":1,"8":3,"9":1,"10":3,"11":1},"f":{"0":1,"1":3,"2":1,"3":3,"4":1,"5":3,"6":1,"7":3},"b":{},"inputSourceMap":{"version":3,"file":"/home/usuario/DSI-P6/src/Ejercicio-02/DocumentalsCollection.ts","sources":["/home/usuario/DSI-P6/src/Ejercicio-02/DocumentalsCollection.ts"],"names":[],"mappings":";;;AAAA,2EAAwE;AAGxE,MAAa,qBAAsB,SAAQ,qDAAqC;IACvE,YAAY,CAAC,IAAY;QAC9B,OAAO,IAAI,CAAC,KAAK,CAAC,MAAM,CAAC,CAAC,IAAI,EAAE,EAAE,CAAC,IAAI,CAAC,OAAO,EAAE,KAAK,IAAI,CAAC,CAAC;IAC9D,CAAC;IACM,YAAY,CAAC,IAAY;QAC9B,OAAO,IAAI,CAAC,KAAK,CAAC,MAAM,CAAC,CAAC,IAAI,EAAE,EAAE,CAAC,IAAI,CAAC,OAAO,EAAE,KAAK,IAAI,CAAC,CAAC;IAC9D,CAAC;IACM,aAAa,CAAC,KAAa;QAChC,OAAO,IAAI,CAAC,KAAK,CAAC,MAAM,CAAC,CAAC,IAAI,EAAE,EAAE,CAAC,IAAI,CAAC,QAAQ,EAAE,KAAK,KAAK,CAAC,CAAC;IAChE,CAAC;IACM,gBAAgB,CAAC,QAAgB;QACtC,OAAO,IAAI,CAAC,KAAK,CAAC,MAAM,CAAC,CAAC,IAAI,EAAE,EAAE,CAAC,IAAI,CAAC,WAAW,EAAE,KAAK,QAAQ,CAAC,CAAC;IACtE,CAAC;CACF;AAbD,sDAaC","sourcesContent":["import { BasicStreamableCollection } from './BasicStreamableCollection';\nimport { Documental } from './audiovisual';\n\nexport class DocumentalsCollection extends BasicStreamableCollection<Documental> {\n  public searchByName(name: string): Documental[] {\n    return this.items.filter((item) => item.getName() === name);\n  }\n  public searchByYear(year: number): Documental[] {\n    return this.items.filter((item) => item.getYear() === year);\n  }\n  public searchByGenre(genre: string): Documental[] {\n    return this.items.filter((item) => item.getGenre() === genre);\n  }\n  public searchByDuration(duration: number): Documental[] {\n    return this.items.filter((item) => item.getDuration() === duration);\n  }\n}"]},"_coverageSchema":"1a1c01bbd47fc00a2c39e90264f33305004495a9","hash":"01cda2563bafe3d2b155c4e124e5c367cd4f00bb","contentHash":"fef5eed5998a799568c42b99b96d6ec283414a548a8263f42ad1fb888b274bc4"},"/home/usuario/DSI-P6/src/Ejercicio-02/BasicStreamableCollection.ts":{"path":"/home/usuario/DSI-P6/src/Ejercicio-02/BasicStreamableCollection.ts","statementMap":{"0":{"start":{"line":2,"column":0},"end":{"line":2,"column":62}},"1":{"start":{"line":3,"column":0},"end":{"line":3,"column":43}},"2":{"start":{"line":6,"column":8},"end":{"line":6,"column":24}},"3":{"start":{"line":9,"column":8},"end":{"line":9,"column":30}},"4":{"start":{"line":12,"column":8},"end":{"line":12,"column":26}},"5":{"start":{"line":15,"column":8},"end":{"line":15,"column":33}},"6":{"start":{"line":18,"column":8},"end":{"line":18,"column":36}},"7":{"start":{"line":21,"column":8},"end":{"line":21,"column":33}},"8":{"start":{"line":24,"column":0},"end":{"line":24,"column":62}}},"fnMap":{"0":{"name":"(anonymous_0)","decl":{"start":{"line":5,"column":4},"end":{"line":5,"column":5}},"loc":{"start":{"line":5,"column":18},"end":{"line":7,"column":5}},"line":5},"1":{"name":"(anonymous_1)","decl":{"start":{"line":8,"column":4},"end":{"line":8,"column":5}},"loc":{"start":{"line":8,"column":18},"end":{"line":10,"column":5}},"line":8},"2":{"name":"(anonymous_2)","decl":{"start":{"line":11,"column":4},"end":{"line":11,"column":5}},"loc":{"start":{"line":11,"column":15},"end":{"line":13,"column":5}},"line":11},"3":{"name":"(anonymous_3)","decl":{"start":{"line":14,"column":4},"end":{"line":14,"column":5}},"loc":{"start":{"line":14,"column":19},"end":{"line":16,"column":5}},"line":14},"4":{"name":"(anonymous_4)","decl":{"start":{"line":17,"column":4},"end":{"line":17,"column":5}},"loc":{"start":{"line":17,"column":22},"end":{"line":19,"column":5}},"line":17},"5":{"name":"(anonymous_5)","decl":{"start":{"line":20,"column":4},"end":{"line":20,"column":5}},"loc":{"start":{"line":20,"column":23},"end":{"line":22,"column":5}},"line":20}},"branchMap":{},"s":{"0":1,"1":1,"2":32,"3":88,"4":9,"5":3,"6":3,"7":3,"8":1},"f":{"0":32,"1":88,"2":9,"3":3,"4":3,"5":3},"b":{},"inputSourceMap":{"version":3,"file":"/home/usuario/DSI-P6/src/Ejercicio-02/BasicStreamableCollection.ts","sources":["/home/usuario/DSI-P6/src/Ejercicio-02/BasicStreamableCollection.ts"],"names":[],"mappings":";;;AAEA,MAAsB,yBAAyB;IAE7C;QACE,IAAI,CAAC,KAAK,GAAG,EAAE,CAAC;IAClB,CAAC;IACM,OAAO,CAAC,IAAO;QACpB,IAAI,CAAC,KAAK,CAAC,IAAI,CAAC,IAAI,CAAC,CAAC;IACxB,CAAC;IACM,QAAQ;QACb,OAAO,IAAI,CAAC,KAAK,CAAC;IACpB,CAAC;IACM,OAAO,CAAC,KAAa;QAC1B,OAAO,IAAI,CAAC,KAAK,CAAC,KAAK,CAAC,CAAC;IAC3B,CAAC;IACM,UAAU,CAAC,KAAa;QAC7B,IAAI,CAAC,KAAK,CAAC,MAAM,CAAC,KAAK,EAAE,CAAC,CAAC,CAAC;IAC9B,CAAC;IACM,gBAAgB;QACrB,OAAO,IAAI,CAAC,KAAK,CAAC,MAAM,CAAC;IAC3B,CAAC;CAIF;AAvBD,8DAuBC","sourcesContent":["import { Streamable } from './Streamable';\n\nexport abstract class BasicStreamableCollection <T> implements Streamable <T> {\n  items: T[];\n  constructor() {\n    this.items = [];\n  }\n  public addItem(item: T): void {\n    this.items.push(item);\n  }\n  public getItems(): T[] {\n    return this.items;\n  }\n  public getItem(index: number): T {\n    return this.items[index];\n  }\n  public removeItem(index: number): void {\n    this.items.splice(index, 1);\n  }\n  public getNumberOfItems(): number {\n    return this.items.length;\n  }\n  public abstract searchByName(name: string): T[];\n  public abstract searchByYear(year: number): T[];\n  public abstract searchByGenre(genre: string): T[];\n}"]},"_coverageSchema":"1a1c01bbd47fc00a2c39e90264f33305004495a9","hash":"d60be4835913d47b33b8ea3c4a9d8cfb31418a88","contentHash":"ef3f888ec0a0b7c485ac7de78f749939659b2a8f6041425a3df1ce98b2b7793c"},"/home/usuario/DSI-P6/src/Ejercicio-02/FilmsCollection.ts":{"path":"/home/usuario/DSI-P6/src/Ejercicio-02/FilmsCollection.ts","statementMap":{"0":{"start":{"line":2,"column":0},"end":{"line":2,"column":62}},"1":{"start":{"line":3,"column":0},"end":{"line":3,"column":33}},"2":{"start":{"line":4,"column":36},"end":{"line":4,"column":74}},"3":{"start":{"line":7,"column":8},"end":{"line":7,"column":68}},"4":{"start":{"line":7,"column":43},"end":{"line":7,"column":66}},"5":{"start":{"line":10,"column":8},"end":{"line":10,"column":68}},"6":{"start":{"line":10,"column":43},"end":{"line":10,"column":66}},"7":{"start":{"line":13,"column":8},"end":{"line":13,"column":70}},"8":{"start":{"line":13,"column":43},"end":{"line":13,"column":68}},"9":{"start":{"line":16,"column":8},"end":{"line":16,"column":76}},"10":{"start":{"line":16,"column":43},"end":{"line":16,"column":74}},"11":{"start":{"line":19,"column":8},"end":{"line":19,"column":70}},"12":{"start":{"line":19,"column":43},"end":{"line":19,"column":68}},"13":{"start":{"line":22,"column":0},"end":{"line":22,"column":42}}},"fnMap":{"0":{"name":"(anonymous_0)","decl":{"start":{"line":6,"column":4},"end":{"line":6,"column":5}},"loc":{"start":{"line":6,"column":23},"end":{"line":8,"column":5}},"line":6},"1":{"name":"(anonymous_1)","decl":{"start":{"line":7,"column":33},"end":{"line":7,"column":34}},"loc":{"start":{"line":7,"column":43},"end":{"line":7,"column":66}},"line":7},"2":{"name":"(anonymous_2)","decl":{"start":{"line":9,"column":4},"end":{"line":9,"column":5}},"loc":{"start":{"line":9,"column":23},"end":{"line":11,"column":5}},"line":9},"3":{"name":"(anonymous_3)","decl":{"start":{"line":10,"column":33},"end":{"line":10,"column":34}},"loc":{"start":{"line":10,"column":43},"end":{"line":10,"column":66}},"line":10},"4":{"name":"(anonymous_4)","decl":{"start":{"line":12,"column":4},"end":{"line":12,"column":5}},"loc":{"start":{"line":12,"column":25},"end":{"line":14,"column":5}},"line":12},"5":{"name":"(anonymous_5)","decl":{"start":{"line":13,"column":33},"end":{"line":13,"column":34}},"loc":{"start":{"line":13,"column":43},"end":{"line":13,"column":68}},"line":13},"6":{"name":"(anonymous_6)","decl":{"start":{"line":15,"column":4},"end":{"line":15,"column":5}},"loc":{"start":{"line":15,"column":31},"end":{"line":17,"column":5}},"line":15},"7":{"name":"(anonymous_7)","decl":{"start":{"line":16,"column":33},"end":{"line":16,"column":34}},"loc":{"start":{"line":16,"column":43},"end":{"line":16,"column":74}},"line":16},"8":{"name":"(anonymous_8)","decl":{"start":{"line":18,"column":4},"end":{"line":18,"column":5}},"loc":{"start":{"line":18,"column":25},"end":{"line":20,"column":5}},"line":18},"9":{"name":"(anonymous_9)","decl":{"start":{"line":19,"column":33},"end":{"line":19,"column":34}},"loc":{"start":{"line":19,"column":43},"end":{"line":19,"column":68}},"line":19}},"branchMap":{},"s":{"0":1,"1":1,"2":1,"3":1,"4":3,"5":1,"6":3,"7":1,"8":3,"9":1,"10":3,"11":1,"12":3,"13":1},"f":{"0":1,"1":3,"2":1,"3":3,"4":1,"5":3,"6":1,"7":3,"8":1,"9":3},"b":{},"inputSourceMap":{"version":3,"file":"/home/usuario/DSI-P6/src/Ejercicio-02/FilmsCollection.ts","sources":["/home/usuario/DSI-P6/src/Ejercicio-02/FilmsCollection.ts"],"names":[],"mappings":";;;AAAA,2EAAwE;AAExE,MAAa,eAAgB,SAAQ,qDAA+B;IAC3D,YAAY,CAAC,IAAY;QAC9B,OAAO,IAAI,CAAC,KAAK,CAAC,MAAM,CAAC,CAAC,IAAI,EAAE,EAAE,CAAC,IAAI,CAAC,OAAO,EAAE,KAAK,IAAI,CAAC,CAAC;IAC9D,CAAC;IACM,YAAY,CAAC,IAAY;QAC9B,OAAO,IAAI,CAAC,KAAK,CAAC,MAAM,CAAC,CAAC,IAAI,EAAE,EAAE,CAAC,IAAI,CAAC,OAAO,EAAE,KAAK,IAAI,CAAC,CAAC;IAC9D,CAAC;IACM,aAAa,CAAC,KAAa;QAChC,OAAO,IAAI,CAAC,KAAK,CAAC,MAAM,CAAC,CAAC,IAAI,EAAE,EAAE,CAAC,IAAI,CAAC,QAAQ,EAAE,KAAK,KAAK,CAAC,CAAC;IAChE,CAAC;IACM,gBAAgB,CAAC,QAAgB;QACtC,OAAO,IAAI,CAAC,KAAK,CAAC,MAAM,CAAC,CAAC,IAAI,EAAE,EAAE,CAAC,IAAI,CAAC,WAAW,EAAE,KAAK,QAAQ,CAAC,CAAC;IACtE,CAAC;IACM,aAAa,CAAC,KAAa;QAChC,OAAO,IAAI,CAAC,KAAK,CAAC,MAAM,CAAC,CAAC,IAAI,EAAE,EAAE,CAAC,IAAI,CAAC,QAAQ,EAAE,KAAK,KAAK,CAAC,CAAC;IAChE,CAAC;CACF;AAhBD,0CAgBC","sourcesContent":["import { BasicStreamableCollection } from './BasicStreamableCollection';\nimport { Film } from './audiovisual';\nexport class FilmsCollection extends BasicStreamableCollection<Film> {\n  public searchByName(name: string): Film[] {\n    return this.items.filter((item) => item.getName() === name);\n  }\n  public searchByYear(year: number): Film[] {\n    return this.items.filter((item) => item.getYear() === year);\n  }\n  public searchByGenre(genre: string): Film[] {\n    return this.items.filter((item) => item.getGenre() === genre);\n  }\n  public searchByDuration(duration: number): Film[] {\n    return this.items.filter((item) => item.getDuration() === duration);\n  }\n  public searchByStars(stars: number): Film[] {\n    return this.items.filter((item) => item.getStars() === stars);\n  }\n}"]},"_coverageSchema":"1a1c01bbd47fc00a2c39e90264f33305004495a9","hash":"155ca0f6b48ff76ce338151f8946335deb348135","contentHash":"088aa307137af47c14277552771861ceb25033d532fc25cebd5947b556d603e3"},"/home/usuario/DSI-P6/src/Ejercicio-02/SeriesCollection.ts":{"path":"/home/usuario/DSI-P6/src/Ejercicio-02/SeriesCollection.ts","statementMap":{"0":{"start":{"line":2,"column":0},"end":{"line":2,"column":62}},"1":{"start":{"line":3,"column":0},"end":{"line":3,"column":34}},"2":{"start":{"line":4,"column":36},"end":{"line":4,"column":74}},"3":{"start":{"line":7,"column":8},"end":{"line":7,"column":68}},"4":{"start":{"line":7,"column":43},"end":{"line":7,"column":66}},"5":{"start":{"line":10,"column":8},"end":{"line":10,"column":68}},"6":{"start":{"line":10,"column":43},"end":{"line":10,"column":66}},"7":{"start":{"line":13,"column":8},"end":{"line":13,"column":70}},"8":{"start":{"line":13,"column":43},"end":{"line":13,"column":68}},"9":{"start":{"line":16,"column":8},"end":{"line":16,"column":74}},"10":{"start":{"line":16,"column":43},"end":{"line":16,"column":72}},"11":{"start":{"line":19,"column":8},"end":{"line":19,"column":76}},"12":{"start":{"line":19,"column":43},"end":{"line":19,"column":74}},"13":{"start":{"line":22,"column":0},"end":{"line":22,"column":44}}},"fnMap":{"0":{"name":"(anonymous_0)","decl":{"start":{"line":6,"column":4},"end":{"line":6,"column":5}},"loc":{"start":{"line":6,"column":23},"end":{"line":8,"column":5}},"line":6},"1":{"name":"(anonymous_1)","decl":{"start":{"line":7,"column":33},"end":{"line":7,"column":34}},"loc":{"start":{"line":7,"column":43},"end":{"line":7,"column":66}},"line":7},"2":{"name":"(anonymous_2)","decl":{"start":{"line":9,"column":4},"end":{"line":9,"column":5}},"loc":{"start":{"line":9,"column":23},"end":{"line":11,"column":5}},"line":9},"3":{"name":"(anonymous_3)","decl":{"start":{"line":10,"column":33},"end":{"line":10,"column":34}},"loc":{"start":{"line":10,"column":43},"end":{"line":10,"column":66}},"line":10},"4":{"name":"(anonymous_4)","decl":{"start":{"line":12,"column":4},"end":{"line":12,"column":5}},"loc":{"start":{"line":12,"column":25},"end":{"line":14,"column":5}},"line":12},"5":{"name":"(anonymous_5)","decl":{"start":{"line":13,"column":33},"end":{"line":13,"column":34}},"loc":{"start":{"line":13,"column":43},"end":{"line":13,"column":68}},"line":13},"6":{"name":"(anonymous_6)","decl":{"start":{"line":15,"column":4},"end":{"line":15,"column":5}},"loc":{"start":{"line":15,"column":29},"end":{"line":17,"column":5}},"line":15},"7":{"name":"(anonymous_7)","decl":{"start":{"line":16,"column":33},"end":{"line":16,"column":34}},"loc":{"start":{"line":16,"column":43},"end":{"line":16,"column":72}},"line":16},"8":{"name":"(anonymous_8)","decl":{"start":{"line":18,"column":4},"end":{"line":18,"column":5}},"loc":{"start":{"line":18,"column":31},"end":{"line":20,"column":5}},"line":18},"9":{"name":"(anonymous_9)","decl":{"start":{"line":19,"column":33},"end":{"line":19,"column":34}},"loc":{"start":{"line":19,"column":43},"end":{"line":19,"column":74}},"line":19}},"branchMap":{},"s":{"0":1,"1":1,"2":1,"3":1,"4":2,"5":1,"6":2,"7":1,"8":2,"9":1,"10":2,"11":1,"12":2,"13":1},"f":{"0":1,"1":2,"2":1,"3":2,"4":1,"5":2,"6":1,"7":2,"8":1,"9":2},"b":{},"inputSourceMap":{"version":3,"file":"/home/usuario/DSI-P6/src/Ejercicio-02/SeriesCollection.ts","sources":["/home/usuario/DSI-P6/src/Ejercicio-02/SeriesCollection.ts"],"names":[],"mappings":";;;AAAA,2EAAwE;AAExE,MAAa,gBAAiB,SAAQ,qDAAgC;IAC7D,YAAY,CAAC,IAAY;QAC9B,OAAO,IAAI,CAAC,KAAK,CAAC,MAAM,CAAC,CAAC,IAAI,EAAE,EAAE,CAAC,IAAI,CAAC,OAAO,EAAE,KAAK,IAAI,CAAC,CAAC;IAC9D,CAAC;IACM,YAAY,CAAC,IAAY;QAC9B,OAAO,IAAI,CAAC,KAAK,CAAC,MAAM,CAAC,CAAC,IAAI,EAAE,EAAE,CAAC,IAAI,CAAC,OAAO,EAAE,KAAK,IAAI,CAAC,CAAC;IAC9D,CAAC;IACM,aAAa,CAAC,KAAa;QAChC,OAAO,IAAI,CAAC,KAAK,CAAC,MAAM,CAAC,CAAC,IAAI,EAAE,EAAE,CAAC,IAAI,CAAC,QAAQ,EAAE,KAAK,KAAK,CAAC,CAAC;IAChE,CAAC;IACM,eAAe,CAAC,OAAe;QACpC,OAAO,IAAI,CAAC,KAAK,CAAC,MAAM,CAAC,CAAC,IAAI,EAAE,EAAE,CAAC,IAAI,CAAC,UAAU,EAAE,KAAK,OAAO,CAAC,CAAC;IACpE,CAAC;IACM,gBAAgB,CAAC,QAAgB;QACtC,OAAO,IAAI,CAAC,KAAK,CAAC,MAAM,CAAC,CAAC,IAAI,EAAE,EAAE,CAAC,IAAI,CAAC,WAAW,EAAE,KAAK,QAAQ,CAAC,CAAC;IACtE,CAAC;CACF;AAhBD,4CAgBC","sourcesContent":["import { BasicStreamableCollection } from './BasicStreamableCollection';\nimport { Serie } from './audiovisual';\nexport class SeriesCollection extends BasicStreamableCollection<Serie> {\n  public searchByName(name: string): Serie[] {\n    return this.items.filter((item) => item.getName() === name);\n  }\n  public searchByYear(year: number): Serie[] {\n    return this.items.filter((item) => item.getYear() === year);\n  }\n  public searchByGenre(genre: string): Serie[] {\n    return this.items.filter((item) => item.getGenre() === genre);\n  }\n  public searchBySeasons(seasons: number): Serie[] {\n    return this.items.filter((item) => item.getSeasons() === seasons);\n  }\n  public searchByEpisodes(episodes: number): Serie[] {\n    return this.items.filter((item) => item.getEpisodes() === episodes);\n  }\n}"]},"_coverageSchema":"1a1c01bbd47fc00a2c39e90264f33305004495a9","hash":"20d4d12d35d1128975b15ead25ae45bc8a921e84","contentHash":"b2ca6ec48aec003cda6bce6f13a2255862b380380a8e23b13eb1b18d0334513a"},"/home/usuario/DSI-P6/src/Ejercicio-03/Cifrado.ts":{"path":"/home/usuario/DSI-P6/src/Ejercicio-03/Cifrado.ts","statementMap":{"0":{"start":{"line":2,"column":0},"end":{"line":2,"column":62}},"1":{"start":{"line":3,"column":0},"end":{"line":3,"column":25}},"2":{"start":{"line":6,"column":8},"end":{"line":6,"column":28}},"3":{"start":{"line":7,"column":8},"end":{"line":7,"column":28}},"4":{"start":{"line":8,"column":8},"end":{"line":8,"column":66}},"5":{"start":{"line":11,"column":27},"end":{"line":11,"column":29}},"6":{"start":{"line":12,"column":20},"end":{"line":12,"column":21}},"7":{"start":{"line":13,"column":8},"end":{"line":23,"column":9}},"8":{"start":{"line":13,"column":21},"end":{"line":13,"column":22}},"9":{"start":{"line":14,"column":29},"end":{"line":14,"column":67}},"10":{"start":{"line":15,"column":12},"end":{"line":22,"column":13}},"11":{"start":{"line":16,"column":16},"end":{"line":16,"column":84}},"12":{"start":{"line":17,"column":16},"end":{"line":18,"column":43}},"13":{"start":{"line":21,"column":16},"end":{"line":21,"column":47}},"14":{"start":{"line":24,"column":8},"end":{"line":24,"column":28}},"15":{"start":{"line":27,"column":30},"end":{"line":27,"column":32}},"16":{"start":{"line":28,"column":20},"end":{"line":28,"column":21}},"17":{"start":{"line":29,"column":8},"end":{"line":39,"column":9}},"18":{"start":{"line":29,"column":21},"end":{"line":29,"column":22}},"19":{"start":{"line":30,"column":29},"end":{"line":30,"column":67}},"20":{"start":{"line":31,"column":12},"end":{"line":38,"column":13}},"21":{"start":{"line":32,"column":16},"end":{"line":32,"column":84}},"22":{"start":{"line":33,"column":16},"end":{"line":34,"column":68}},"23":{"start":{"line":37,"column":16},"end":{"line":37,"column":50}},"24":{"start":{"line":40,"column":8},"end":{"line":40,"column":31}},"25":{"start":{"line":43,"column":0},"end":{"line":43,"column":26}}},"fnMap":{"0":{"name":"(anonymous_0)","decl":{"start":{"line":5,"column":4},"end":{"line":5,"column":5}},"loc":{"start":{"line":5,"column":40},"end":{"line":9,"column":5}},"line":5},"1":{"name":"(anonymous_1)","decl":{"start":{"line":10,"column":4},"end":{"line":10,"column":5}},"loc":{"start":{"line":10,"column":13},"end":{"line":25,"column":5}},"line":10},"2":{"name":"(anonymous_2)","decl":{"start":{"line":26,"column":4},"end":{"line":26,"column":5}},"loc":{"start":{"line":26,"column":16},"end":{"line":41,"column":5}},"line":26}},"branchMap":{"0":{"loc":{"start":{"line":8,"column":25},"end":{"line":8,"column":65}},"type":"binary-expr","locations":[{"start":{"line":8,"column":25},"end":{"line":8,"column":33}},{"start":{"line":8,"column":37},"end":{"line":8,"column":65}}],"line":8},"1":{"loc":{"start":{"line":15,"column":12},"end":{"line":22,"column":13}},"type":"if","locations":[{"start":{"line":15,"column":12},"end":{"line":22,"column":13}},{"start":{"line":15,"column":12},"end":{"line":22,"column":13}}],"line":15},"2":{"loc":{"start":{"line":31,"column":12},"end":{"line":38,"column":13}},"type":"if","locations":[{"start":{"line":31,"column":12},"end":{"line":38,"column":13}},{"start":{"line":31,"column":12},"end":{"line":38,"column":13}}],"line":31}},"s":{"0":1,"1":1,"2":4,"3":4,"4":4,"5":2,"6":2,"7":2,"8":2,"9":14,"10":14,"11":13,"12":13,"13":1,"14":2,"15":2,"16":2,"17":2,"18":2,"19":14,"20":14,"21":13,"22":13,"23":1,"24":2,"25":1},"f":{"0":4,"1":2,"2":2},"b":{"0":[4,4],"1":[13,1],"2":[13,1]},"inputSourceMap":{"version":3,"file":"/home/usuario/DSI-P6/src/Ejercicio-03/Cifrado.ts","sources":["/home/usuario/DSI-P6/src/Ejercicio-03/Cifrado.ts"],"names":[],"mappings":";;;AAAA,MAAa,OAAO;IAKlB,YAAY,KAAa,EAAE,KAAa,EAAE,QAAiB;QACzD,IAAI,CAAC,MAAM,GAAG,KAAK,CAAC;QACpB,IAAI,CAAC,MAAM,GAAG,KAAK,CAAC;QACpB,IAAI,CAAC,SAAS,GAAG,QAAQ,IAAI,4BAA4B,CAAC;IAC5D,CAAC;IAEM,MAAM;QACX,IAAI,YAAY,GAAW,EAAE,CAAC;QAC9B,IAAI,KAAK,GAAW,CAAC,CAAC;QAEtB,KAAK,IAAI,CAAC,GAAG,CAAC,EAAE,CAAC,GAAG,IAAI,CAAC,MAAM,CAAC,MAAM,EAAE,CAAC,EAAE,EAAE;YAC3C,MAAM,QAAQ,GAAW,IAAI,CAAC,SAAS,CAAC,OAAO,CAAC,IAAI,CAAC,MAAM,CAAC,CAAC,CAAC,CAAC,CAAC;YAChE,IAAI,QAAQ,KAAK,CAAC,CAAC,EAAE;gBACnB,KAAK,GAAG,IAAI,CAAC,SAAS,CAAC,OAAO,CAAC,IAAI,CAAC,MAAM,CAAC,CAAC,GAAG,IAAI,CAAC,MAAM,CAAC,MAAM,CAAC,CAAC,CAAC;gBACpE,YAAY,IAAI,IAAI,CAAC,SAAS,CAAC,CAAC,QAAQ,GAAG,KAAK,CAAC;oBAC7C,IAAI,CAAC,SAAS,CAAC,MAAM,CAAC,CAAC;aAC5B;iBAAM;gBACL,YAAY,IAAI,IAAI,CAAC,MAAM,CAAC,CAAC,CAAC,CAAC;aAChC;SACF;QAED,OAAO,YAAY,CAAC;IACtB,CAAC;IAEM,SAAS;QACd,IAAI,eAAe,GAAW,EAAE,CAAC;QACjC,IAAI,KAAK,GAAW,CAAC,CAAC;QAEtB,KAAK,IAAI,CAAC,GAAG,CAAC,EAAE,CAAC,GAAG,IAAI,CAAC,MAAM,CAAC,MAAM,EAAE,CAAC,EAAE,EAAE;YAC3C,MAAM,QAAQ,GAAW,IAAI,CAAC,SAAS,CAAC,OAAO,CAAC,IAAI,CAAC,MAAM,CAAC,CAAC,CAAC,CAAC,CAAC;YAChE,IAAI,QAAQ,KAAK,CAAC,CAAC,EAAE;gBACnB,KAAK,GAAG,IAAI,CAAC,SAAS,CAAC,OAAO,CAAC,IAAI,CAAC,MAAM,CAAC,CAAC,GAAG,IAAI,CAAC,MAAM,CAAC,MAAM,CAAC,CAAC,CAAC;gBACpE,eAAe,IAAI,IAAI,CAAC,SAAS,CAAC,CAAC,QAAQ,GAAG,KAAK;oBAC/C,IAAI,CAAC,SAAS,CAAC,MAAM,CAAC,GAAG,IAAI,CAAC,SAAS,CAAC,MAAM,CAAC,CAAC;aACrD;iBAAM;gBACL,eAAe,IAAI,IAAI,CAAC,MAAM,CAAC,CAAC,CAAC,CAAC;aACnC;SACF;QAED,OAAO,eAAe,CAAC;IACzB,CAAC;CACF;AA9CD,0BA8CC","sourcesContent":["export class Cifrado {\n  private _texto: string;\n  private _clave: string;\n  private _alfabeto: string;\n\n  constructor(texto: string, clave: string, alfabeto?: string) {\n    this._texto = texto;\n    this._clave = clave;\n    this._alfabeto = alfabeto || 'abcdefghijklmnopqrstuvwxyz';\n  }\n\n  public cifrar(): string {\n    let textoCifrado: string = '';\n    let clave: number = 0;\n\n    for (let i = 0; i < this._texto.length; i++) {\n      const posicion: number = this._alfabeto.indexOf(this._texto[i]);\n      if (posicion !== -1) {\n        clave = this._alfabeto.indexOf(this._clave[i % this._clave.length]);\n        textoCifrado += this._alfabeto[(posicion + clave) %\n            this._alfabeto.length];\n      } else {\n        textoCifrado += this._texto[i];\n      }\n    }\n\n    return textoCifrado;\n  }\n\n  public descifrar(): string {\n    let textoDescifrado: string = '';\n    let clave: number = 0;\n\n    for (let i = 0; i < this._texto.length; i++) {\n      const posicion: number = this._alfabeto.indexOf(this._texto[i]);\n      if (posicion !== -1) {\n        clave = this._alfabeto.indexOf(this._clave[i % this._clave.length]);\n        textoDescifrado += this._alfabeto[(posicion - clave +\n            this._alfabeto.length) % this._alfabeto.length];\n      } else {\n        textoDescifrado += this._texto[i];\n      }\n    }\n\n    return textoDescifrado;\n  }\n}"]},"_coverageSchema":"1a1c01bbd47fc00a2c39e90264f33305004495a9","hash":"e606d57cd04998dce2c5df991e8c4795f760797f","contentHash":"04b88ee27bb96ddd7bad48eac53df74969988d373251a569cee59752a8f5c6a1"},"/home/usuario/DSI-P6/src/Ejercicio-04/NumericSearchableCollection.ts":{"path":"/home/usuario/DSI-P6/src/Ejercicio-04/NumericSearchableCollection.ts","statementMap":{"0":{"start":{"line":2,"column":0},"end":{"line":2,"column":62}},"1":{"start":{"line":3,"column":0},"end":{"line":3,"column":45}},"2":{"start":{"line":4,"column":31},"end":{"line":4,"column":64}},"3":{"start":{"line":22,"column":8},"end":{"line":22,"column":64}},"4":{"start":{"line":22,"column":43},"end":{"line":22,"column":62}},"5":{"start":{"line":25,"column":0},"end":{"line":25,"column":66}}},"fnMap":{"0":{"name":"(anonymous_0)","decl":{"start":{"line":21,"column":4},"end":{"line":21,"column":5}},"loc":{"start":{"line":21,"column":23},"end":{"line":23,"column":5}},"line":21},"1":{"name":"(anonymous_1)","decl":{"start":{"line":22,"column":33},"end":{"line":22,"column":34}},"loc":{"start":{"line":22,"column":43},"end":{"line":22,"column":62}},"line":22}},"branchMap":{},"s":{"0":1,"1":1,"2":1,"3":2,"4":10,"5":1},"f":{"0":2,"1":10},"b":{},"inputSourceMap":{"version":3,"file":"/home/usuario/DSI-P6/src/Ejercicio-04/NumericSearchableCollection.ts","sources":["/home/usuario/DSI-P6/src/Ejercicio-04/NumericSearchableCollection.ts"],"names":[],"mappings":";;;AAAA,iEAA8D;AAE9D;;;;;;;GAOG;AACH,MAAa,2BACX,SAAQ,2CAAwB;IAChC;;;;;;OAMG;IACH,MAAM,CAAC,UAAa;QAClB,OAAO,IAAI,CAAC,KAAK,CAAC,MAAM,CAAC,CAAC,IAAI,EAAE,EAAE,CAAC,IAAI,KAAK,UAAU,CAAC,CAAC;IAC1D,CAAC;CACF;AAZD,kEAYC","sourcesContent":["import { SearchableCollection } from './SearchableCollection';\n\n/**\n * NumericSearchableCollection es una clase que define una colección de\n * números que pueden ser buscados.\n * @class NumericSearchableCollection\n * @extends {SearchableCollection<number>}\n * @implements {Searchable<number>}\n * @implements {Collectable<number>}\n */\nexport class NumericSearchableCollection <T extends number>\n  extends SearchableCollection <T> {\n  /**\n   * Método que realiza una búsqueda en la colección y devuelve todos los\n   * elementos que coincidan con el término de búsqueda.\n   * @param searchTerm Elemento a buscar.\n   * @returns {number[]} Elementos que coinciden con el término de búsqueda.\n   * @returns {undefined} Si no hay elementos que coincidan con el término de\n   */\n  search(searchTerm: T): T[] | undefined {\n    return this.items.filter((item) => item === searchTerm);\n  }\n}"]},"_coverageSchema":"1a1c01bbd47fc00a2c39e90264f33305004495a9","hash":"8bcaa926025e12d888b6b1a640dbb09773867545","contentHash":"9a2d5498434632e044d4a7ca905f244945fd63e7fcdd7841d3097bc6966aa030"},"/home/usuario/DSI-P6/src/Ejercicio-04/SearchableCollection.ts":{"path":"/home/usuario/DSI-P6/src/Ejercicio-04/SearchableCollection.ts","statementMap":{"0":{"start":{"line":2,"column":0},"end":{"line":2,"column":62}},"1":{"start":{"line":3,"column":0},"end":{"line":3,"column":38}},"2":{"start":{"line":14,"column":8},"end":{"line":14,"column":24}},"3":{"start":{"line":21,"column":8},"end":{"line":21,"column":30}},"4":{"start":{"line":28,"column":8},"end":{"line":28,"column":26}},"5":{"start":{"line":35,"column":8},"end":{"line":35,"column":36}},"6":{"start":{"line":42,"column":8},"end":{"line":42,"column":33}},"7":{"start":{"line":45,"column":0},"end":{"line":45,"column":52}}},"fnMap":{"0":{"name":"(anonymous_0)","decl":{"start":{"line":13,"column":4},"end":{"line":13,"column":5}},"loc":{"start":{"line":13,"column":18},"end":{"line":15,"column":5}},"line":13},"1":{"name":"(anonymous_1)","decl":{"start":{"line":20,"column":4},"end":{"line":20,"column":5}},"loc":{"start":{"line":20,"column":18},"end":{"line":22,"column":5}},"line":20},"2":{"name":"(anonymous_2)","decl":{"start":{"line":27,"column":4},"end":{"line":27,"column":5}},"loc":{"start":{"line":27,"column":15},"end":{"line":29,"column":5}},"line":27},"3":{"name":"(anonymous_3)","decl":{"start":{"line":34,"column":4},"end":{"line":34,"column":5}},"loc":{"start":{"line":34,"column":22},"end":{"line":36,"column":5}},"line":34},"4":{"name":"(anonymous_4)","decl":{"start":{"line":41,"column":4},"end":{"line":41,"column":5}},"loc":{"start":{"line":41,"column":23},"end":{"line":43,"column":5}},"line":41}},"branchMap":{},"s":{"0":1,"1":1,"2":10,"3":45,"4":4,"5":2,"6":4,"7":1},"f":{"0":10,"1":45,"2":4,"3":2,"4":4},"b":{},"inputSourceMap":{"version":3,"file":"/home/usuario/DSI-P6/src/Ejercicio-04/SearchableCollection.ts","sources":["/home/usuario/DSI-P6/src/Ejercicio-04/SearchableCollection.ts"],"names":[],"mappings":";;;AAGA;;;;;;;GAOG;AACH,MAAsB,oBAAoB;IAA1C;QAEY,UAAK,GAAQ,EAAE,CAAC;IA0C5B,CAAC;IAxCC;;;OAGG;IACH,OAAO,CAAC,IAAO;QACb,IAAI,CAAC,KAAK,CAAC,IAAI,CAAC,IAAI,CAAC,CAAC;IACxB,CAAC;IAED;;;OAGG;IACH,QAAQ;QACN,OAAO,IAAI,CAAC,KAAK,CAAC;IACpB,CAAC;IAED;;;OAGG;IACH,UAAU,CAAC,KAAa;QACtB,IAAI,CAAC,KAAK,CAAC,MAAM,CAAC,KAAK,EAAE,CAAC,CAAC,CAAC;IAC9B,CAAC;IAED;;;OAGG;IACH,gBAAgB;QACd,OAAO,IAAI,CAAC,KAAK,CAAC,MAAM,CAAC;IAC3B,CAAC;CAUF;AA5CD,oDA4CC","sourcesContent":["import { Collectable } from './Collectable';\nimport { Searchable } from './Searchable';\n\n/**\n * SearchableCollection es una clase abstracta que define una colección de\n * elementos que pueden ser buscados.\n * @abstract\n * @class SearchableCollection\n * @implements {Collectable}\n * @implements {Searchable}\n */\nexport abstract class SearchableCollection <T> implements Collectable<T>,\n    Searchable<T> {\n  protected items: T[] = [];\n\n  /**\n   * Añade un item de tipo T a la colección.\n   * @param item Item a añadir.\n   */\n  addItem(item: T): void {\n    this.items.push(item);\n  }\n\n  /**\n   * Devuelve los elementos de la colección.\n   * @returns {T[]} Elementos de la colección.\n   */\n  getItems(): T[] {\n    return this.items;\n  }\n\n  /**\n   * Elimina un elemento de la colección por su índice.\n   * @param index Índice del elemento a eliminar.\n   */\n  removeItem(index: number): void {\n    this.items.splice(index, 1);\n  }\n\n  /**\n   * Devuelve el número de elementos de la colección.\n   * @returns {number} Número de elementos de la colección.\n   */\n  getNumberOfItems(): number {\n    return this.items.length;\n  }\n\n  /**\n   * Método abstracto que realiza una búsqueda en la colección.\n   * @param searchTerm Elemento a buscar.\n   * @returns {T[]} Elementos que coinciden con el término de búsqueda.\n   * @returns {undefined} Si no hay elementos que coincidan con el término de\n   * búsqueda.\n   */\n  abstract search(searchTerm: T): T[] | undefined;\n}\n"]},"_coverageSchema":"1a1c01bbd47fc00a2c39e90264f33305004495a9","hash":"8f9640938817476a0394b361b5caa4d3e74cd791","contentHash":"2d3d20609ee663edee8c01a37c6ed18187a7d8c7fdb01e1c2215a626ccea061f"},"/home/usuario/DSI-P6/src/Ejercicio-04/StringSearchableCollection.ts":{"path":"/home/usuario/DSI-P6/src/Ejercicio-04/StringSearchableCollection.ts","statementMap":{"0":{"start":{"line":2,"column":0},"end":{"line":2,"column":62}},"1":{"start":{"line":3,"column":0},"end":{"line":3,"column":44}},"2":{"start":{"line":4,"column":31},"end":{"line":4,"column":64}},"3":{"start":{"line":21,"column":8},"end":{"line":21,"column":70}},"4":{"start":{"line":21,"column":43},"end":{"line":21,"column":68}},"5":{"start":{"line":24,"column":0},"end":{"line":24,"column":64}}},"fnMap":{"0":{"name":"(anonymous_0)","decl":{"start":{"line":20,"column":4},"end":{"line":20,"column":5}},"loc":{"start":{"line":20,"column":23},"end":{"line":22,"column":5}},"line":20},"1":{"name":"(anonymous_1)","decl":{"start":{"line":21,"column":33},"end":{"line":21,"column":34}},"loc":{"start":{"line":21,"column":43},"end":{"line":21,"column":68}},"line":21}},"branchMap":{},"s":{"0":1,"1":1,"2":1,"3":2,"4":8,"5":1},"f":{"0":2,"1":8},"b":{},"inputSourceMap":{"version":3,"file":"/home/usuario/DSI-P6/src/Ejercicio-04/StringSearchableCollection.ts","sources":["/home/usuario/DSI-P6/src/Ejercicio-04/StringSearchableCollection.ts"],"names":[],"mappings":";;;AAAA,iEAA8D;AAE9D;;;;;;;GAOG;AACH,MAAa,0BACX,SAAQ,2CAAwB;IAChC;;;;;OAKG;IACH,MAAM,CAAC,UAAa;QAClB,OAAO,IAAI,CAAC,KAAK,CAAC,MAAM,CAAC,CAAC,IAAI,EAAE,EAAE,CAAC,IAAI,CAAC,QAAQ,CAAC,UAAU,CAAC,CAAC,CAAC;IAChE,CAAC;CACF;AAXD,gEAWC","sourcesContent":["import { SearchableCollection } from './SearchableCollection';\n\n/**\n * StringSearchableCollection es una clase que define una colección de\n * cadenas que pueden ser buscadas.\n * @class StringSearchableCollection\n * @extends {SearchableCollection<string>}\n * @implements {Searchable<string>}\n * @implements {Collectable<string>}\n */\nexport class StringSearchableCollection <T extends string>\n  extends SearchableCollection <T> {\n  /**\n   * Método que realiza una búsqueda en la colección y devuelve todos los\n   * string que contengan la subcadena de búsqueda.\n   * @param searchTerm Subcadena a buscar.\n   * @returns {string[]} Elementos que coinciden con el término de búsqueda.\n   */\n  search(searchTerm: T): T[] | undefined {\n    return this.items.filter((item) => item.includes(searchTerm));\n  }\n}"]},"_coverageSchema":"1a1c01bbd47fc00a2c39e90264f33305004495a9","hash":"0d3ddb4310177f9b6aba81f0e78874f103ff1bb3","contentHash":"11d9e01b8335ff2d8a0fb3ed8ed383ca0a8321a2c17f3f327b9a4b889fa77684"}}